2/17/2022  11:29 AM
Units: Ncm
Readings: Continuous
X-Axis: Time

Reading	Load	Time	
1	0.005	0.000	
2	0.005	0.099	
3	0.005	0.131	
4	0.005	0.164	
5	0.005	0.197	
6	0.005	0.231	
7	0.005	0.263	
8	0.005	0.296	
9	0.005	0.329	
10	0.005	0.362	
11	0.005	0.395	
12	0.005	0.429	
13	0.005	0.461	
14	0.005	0.494	
15	0.005	0.527	
16	0.005	0.560	
17	0.005	0.593	
18	0.005	0.626	
19	0.005	0.659	
20	0.005	0.693	
21	0.005	0.725	
22	0.005	0.758	
23	0.005	0.791	
24	0.005	0.824	
25	0.005	0.857	
26	0.005	0.890	
27	0.005	0.924	
28	0.005	0.956	
29	0.005	0.990	
30	0.005	1.022	
31	0.005	1.055	
32	0.005	1.088	
33	0.005	1.121	
34	0.005	1.154	
35	0.005	1.187	
36	0.005	1.220	
37	0.005	1.253	
38	0.005	1.286	
39	0.005	1.319	
40	0.005	1.352	
41	0.005	1.385	
42	0.005	1.419	
43	0.005	1.451	
44	0.005	1.484	
45	0.005	1.517	
46	0.005	1.550	
47	0.005	1.583	
48	0.005	1.616	
49	0.005	1.649	
50	0.005	1.682	
51	0.005	1.715	
52	0.005	1.749	
53	0.005	1.781	
54	0.005	1.814	
55	0.005	1.847	
56	0.005	1.880	
57	0.005	1.913	
58	0.005	1.946	
59	0.005	1.980	
60	0.005	2.012	
61	0.005	2.045	
62	0.005	2.079	
63	0.005	2.111	
64	0.005	2.144	
65	0.005	2.177	
66	0.005	2.210	
67	0.005	2.244	
68	-0.005	2.276	
69	-0.005	2.309	
70	-0.005	2.375	
71	-0.035	2.408	
72	-0.160	2.441	
73	-0.120	2.507	
74	-0.125	2.540	
75	-0.130	2.573	
76	-0.145	2.606	
77	-0.160	2.639	
78	-0.175	2.672	
79	-0.195	2.705	
80	-0.225	2.739	
81	-0.250	2.771	
82	-0.260	2.804	
83	-0.255	2.837	
84	-0.260	2.871	
85	-0.260	2.903	
86	-0.250	2.936	
87	-0.240	2.969	
88	-0.225	3.002	
89	-0.220	3.035	
90	-0.230	3.101	
91	-0.220	3.134	
92	-0.215	3.167	
93	-0.215	3.200	
94	-0.215	3.233	
95	-0.215	3.266	
96	-0.215	3.300	
97	-0.240	3.366	
98	-0.265	3.398	
99	-0.275	3.431	
100	-0.280	3.464	
101	-0.305	3.497	
102	-0.330	3.530	
103	-0.335	3.563	
104	-0.325	3.629	
105	-0.330	3.663	
106	-0.295	3.728	
107	-0.285	3.761	
108	-0.280	3.794	
109	-0.260	3.828	
110	-0.235	3.860	
111	-0.220	3.893	
112	-0.215	3.926	
113	-0.210	3.959	
114	-0.200	3.992	
115	-0.190	4.025	
116	-0.195	4.058	
117	-0.200	4.091	
118	-0.195	4.124	
119	-0.180	4.157	
120	-0.185	4.190	
121	-0.200	4.223	
122	-0.210	4.256	
123	-0.210	4.289	
124	-0.215	4.322	
125	-0.225	4.355	
126	-0.235	4.388	
127	-0.225	4.421	
128	-0.215	4.455	
129	-0.230	4.487	
130	-0.245	4.520	
131	-0.255	4.553	
132	-0.260	4.586	
133	-0.265	4.620	
134	-0.285	4.652	
135	-0.285	4.686	
136	-0.270	4.718	
137	-0.255	4.751	
138	-0.260	4.784	
139	-0.265	4.817	
140	-0.260	4.850	
141	-0.255	4.884	
142	-0.265	4.916	
143	-0.275	4.949	
144	-0.260	4.982	
145	-0.240	5.015	
146	-0.230	5.048	
147	-0.235	5.081	
148	-0.230	5.114	
149	-0.220	5.147	
150	-0.220	5.180	
151	-0.235	5.213	
152	-0.245	5.247	
153	-0.230	5.279	
154	-0.220	5.313	
155	-0.235	5.345	
156	-0.230	5.378	
157	-0.225	5.411	
158	-0.225	5.444	
159	-0.225	5.477	
160	-0.230	5.510	
161	-0.225	5.543	
162	-0.215	5.576	
163	-0.215	5.609	
164	-0.225	5.642	
165	-0.235	5.675	
166	-0.230	5.708	
167	-0.225	5.741	
168	-0.225	5.774	
169	-0.225	5.808	
170	-0.215	5.840	
171	-0.210	5.873	
172	-0.215	5.906	
173	-0.220	5.939	
174	-0.210	5.972	
175	-0.200	6.005	
176	-0.195	6.038	
177	-0.195	6.071	
178	-0.190	6.104	
179	-0.180	6.138	
180	-0.185	6.170	
181	-0.195	6.204	
182	-0.200	6.236	
183	-0.205	6.269	
184	-0.205	6.302	
185	-0.215	6.335	
186	-0.225	6.368	
187	-0.230	6.401	
188	-0.220	6.434	
189	-0.230	6.467	
190	-0.245	6.500	
191	-0.245	6.533	
192	-0.240	6.566	
193	-0.235	6.599	
194	-0.225	6.632	
195	-0.215	6.665	
196	-0.195	6.698	
197	-0.180	6.732	
198	-0.175	6.764	
199	-0.175	6.798	
200	-0.165	6.830	
201	-0.155	6.863	
202	-0.150	6.896	
203	-0.155	6.929	
204	-0.150	6.962	
205	-0.140	6.995	
206	-0.135	7.028	
207	-0.150	7.061	
208	-0.150	7.094	
209	-0.150	7.127	
210	-0.150	7.160	
211	-0.160	7.193	
212	-0.175	7.226	
213	-0.170	7.259	
214	-0.160	7.293	
215	-0.170	7.325	
216	-0.195	7.358	
217	-0.200	7.391	
218	-0.205	7.424	
219	-0.210	7.457	
220	-0.230	7.491	
221	-0.235	7.523	
222	-0.220	7.556	
223	-0.210	7.622	
224	-0.220	7.655	
225	-0.220	7.688	
226	-0.210	7.721	
227	-0.205	7.754	
228	-0.215	7.787	
229	-0.210	7.820	
230	-0.180	7.853	
231	-0.170	7.886	
232	-0.180	7.919	
233	-0.185	7.952	
234	-0.175	7.985	
235	-0.175	8.018	
236	-0.185	8.052	
237	-0.200	8.084	
238	-0.195	8.117	
239	-0.190	8.150	
240	-0.200	8.183	
241	-0.210	8.216	
242	-0.205	8.250	
243	-0.205	8.282	
244	-0.205	8.315	
245	-0.215	8.348	
246	-0.210	8.381	
247	-0.205	8.414	
248	-0.215	8.447	
249	-0.230	8.480	
250	-0.230	8.513	
251	-0.220	8.546	
252	-0.205	8.579	
253	-0.200	8.612	
254	-0.200	8.645	
255	-0.195	8.678	
256	-0.185	8.711	
257	-0.185	8.744	
258	-0.195	8.778	
259	-0.190	8.810	
260	-0.185	8.844	
261	-0.180	8.876	
262	-0.180	8.909	
263	-0.180	8.943	
264	-0.170	8.975	
265	-0.170	9.008	
266	-0.185	9.041	
267	-0.205	9.107	
268	-0.205	9.140	
269	-0.225	9.206	
270	-0.220	9.239	
271	-0.210	9.272	
272	-0.220	9.305	
273	-0.245	9.338	
274	-0.250	9.371	
275	-0.245	9.404	
276	-0.220	9.437	
277	-0.200	9.470	
278	-0.200	9.504	
279	-0.175	9.536	
280	-0.155	9.569	
281	-0.150	9.602	
282	-0.150	9.635	
283	-0.150	9.668	
284	-0.140	9.701	
285	-0.135	9.734	
286	-0.135	9.767	
287	-0.130	9.800	
288	-0.120	9.833	
289	-0.125	9.866	
290	-0.130	9.899	
291	-0.140	9.932	
292	-0.135	9.965	
293	-0.135	9.998	
294	-0.135	10.032	
295	-0.150	10.064	
296	-0.145	10.131	
297	-0.155	10.163	
298	-0.185	10.229	
299	-0.190	10.263	
300	-0.200	10.295	
301	-0.225	10.329	
302	-0.225	10.361	
303	-0.200	10.394	
304	-0.200	10.427	
305	-0.200	10.460	
306	-0.200	10.493	
307	-0.195	10.526	
308	-0.185	10.559	
309	-0.185	10.592	
310	-0.190	10.625	
311	-0.185	10.658	
312	-0.155	10.691	
313	-0.145	10.724	
314	-0.150	10.759	
315	-0.155	10.791	
316	-0.145	10.823	
317	-0.145	10.857	
318	-0.150	10.889	
319	-0.170	10.922	
320	-0.165	10.955	
321	-0.160	10.989	
322	-0.175	11.021	
323	-0.195	11.054	
324	-0.200	11.120	
325	-0.195	11.153	
326	-0.195	11.219	
327	-0.190	11.252	
328	-0.190	11.285	
329	-0.205	11.318	
330	-0.190	11.353	
331	-0.190	11.384	
332	-0.175	11.451	
333	-0.180	11.484	
334	-0.165	11.549	
335	-0.170	11.582	
336	-0.180	11.648	
337	-0.170	11.681	
338	-0.165	11.715	
339	-0.170	11.747	
340	-0.155	11.814	
341	-0.150	11.847	
342	-0.180	11.912	
343	-0.180	11.945	
344	-0.180	11.978	
345	-0.185	12.013	
346	-0.195	12.044	
347	-0.190	12.110	
348	-0.195	12.143	
349	-0.245	12.209	
350	-0.250	12.242	
351	-0.215	12.309	
352	-0.200	12.341	
353	-0.160	12.407	
354	-0.145	12.441	
355	-0.145	12.506	
356	-0.145	12.540	
357	-0.135	12.573	
358	-0.135	12.606	
359	-0.130	12.671	
360	-0.125	12.704	
361	-0.135	12.770	
362	-0.135	12.803	
363	-0.140	12.869	
364	-0.145	12.902	
365	-0.135	12.968	
366	-0.145	13.001	
367	-0.185	13.067	
368	-0.185	13.100	
369	-0.215	13.166	
370	-0.225	13.199	
371	-0.200	13.265	
372	-0.195	13.298	
373	-0.195	13.364	
374	-0.195	13.397	
375	-0.205	13.463	
376	-0.205	13.497	
377	-0.165	13.563	
378	-0.170	13.595	
379	-0.165	13.661	
380	-0.160	13.694	
381	-0.170	13.760	
382	-0.170	13.793	
383	-0.185	13.860	
384	-0.195	13.892	
385	-0.200	13.958	
386	-0.215	13.991	
387	-0.230	14.057	
388	-0.220	14.090	
389	-0.220	14.156	
390	-0.220	14.189	
391	-0.185	14.255	
392	-0.175	14.289	
393	-0.170	14.354	
394	-0.155	14.387	
395	-0.165	14.453	
396	-0.165	14.486	
397	-0.145	14.552	
398	-0.145	14.585	
399	-0.130	14.651	
400	-0.115	14.684	
401	-0.135	14.750	
402	-0.145	14.783	
403	-0.160	14.850	
404	-0.175	14.882	
405	-0.180	14.949	
406	-0.180	14.982	
407	-0.220	15.048	
408	-0.225	15.080	
409	-0.195	15.146	
410	-0.195	15.180	
411	-0.155	15.245	
412	-0.135	15.278	
413	-0.140	15.345	
414	-0.130	15.377	
415	-0.125	15.444	
416	-0.130	15.476	
417	-0.115	15.543	
418	-0.120	15.575	
419	-0.130	15.641	
420	-0.135	15.675	
421	-0.145	15.740	
422	-0.155	15.773	
423	-0.160	15.840	
424	-0.170	15.872	
425	-0.190	15.938	
426	-0.195	15.972	
427	-0.220	16.037	
428	-0.215	16.070	
429	-0.190	16.136	
430	-0.195	16.169	
431	-0.190	16.235	
432	-0.190	16.268	
433	-0.200	16.334	
434	-0.100	16.367	
435	-0.165	16.433	
436	-0.165	16.466	
437	-0.155	16.532	
438	-0.160	16.565	
439	-0.175	16.631	
440	-0.160	16.664	
441	-0.190	16.730	
442	-0.200	16.764	
443	-0.215	16.829	
444	-0.220	16.862	
445	-0.215	16.929	
446	-0.195	16.961	
447	-0.195	17.027	
448	-0.185	17.061	
449	-0.165	17.126	
450	-0.165	17.160	
451	-0.155	17.225	
452	-0.145	17.258	
453	-0.160	17.324	
454	-0.145	17.357	
455	-0.130	17.423	
456	-0.130	17.456	
457	-0.110	17.522	
458	-0.115	17.555	
459	-0.140	17.621	
460	-0.145	17.654	
461	-0.165	17.720	
462	-0.175	17.753	
463	-0.165	17.819	
464	-0.170	17.852	
465	-0.200	17.918	
466	-0.185	17.952	
467	-0.165	18.017	
468	-0.160	18.050	
469	-0.130	18.116	
470	-0.135	18.149	
471	-0.130	18.215	
472	-0.125	18.248	
473	-0.130	18.314	
474	-0.120	18.347	
475	-0.120	18.413	
476	-0.130	18.446	
477	-0.135	18.512	
478	-0.140	18.545	
479	-0.155	18.644	
480	-0.150	18.678	
481	-0.190	18.743	
482	-0.190	18.776	
483	-0.205	18.842	
484	-0.225	18.875	
485	-0.195	18.941	
486	-0.185	18.974	
487	-0.195	19.040	
488	-0.190	19.073	
489	-0.200	19.139	
490	-0.195	19.172	
491	-0.155	19.239	
492	-0.150	19.271	
493	-0.155	19.337	
494	-0.150	19.370	
495	-0.165	19.436	
496	-0.165	19.470	
497	-0.155	19.535	
498	-0.180	19.568	
499	-0.200	19.634	
500	-0.205	19.668	
501	-0.230	19.733	
502	-0.220	19.766	
503	-0.195	19.832	
504	-0.190	19.865	
505	-0.165	19.931	
506	-0.160	19.964	
507	-0.170	20.030	
508	-0.160	20.063	
509	-0.160	20.129	
510	-0.165	20.162	
511	-0.140	20.229	
512	-0.135	20.261	
513	-0.125	20.327	
514	-0.110	20.360	
515	-0.135	20.426	
516	-0.140	20.459	
517	-0.145	20.525	
518	-0.155	20.558	
519	-0.160	20.624	
520	-0.155	20.657	
521	-0.185	20.723	
522	-0.190	20.757	
523	-0.175	20.822	
524	-0.170	20.856	
525	-0.145	20.921	
526	-0.135	20.955	
527	-0.135	21.020	
528	-0.130	21.053	
529	-0.120	21.119	
530	-0.130	21.152	
531	-0.115	21.218	
532	-0.110	21.251	
533	-0.120	21.317	
534	-0.130	21.350	
535	-0.155	21.416	
536	-0.155	21.449	
537	-0.150	21.515	
538	-0.165	21.549	
539	-0.190	21.614	
540	-0.190	21.647	
541	-0.225	21.713	
542	-0.220	21.747	
543	-0.185	21.812	
544	-0.190	21.845	
545	-0.185	21.911	
546	-0.180	21.944	
547	-0.180	22.010	
548	-0.165	22.043	
549	-0.135	22.110	
550	-0.140	22.142	
551	-0.125	22.208	
552	-0.125	22.241	
553	-0.145	22.308	
554	-0.130	22.340	
555	-0.155	22.407	
556	-0.160	22.439	
557	-0.180	22.506	
558	-0.190	22.538	
559	-0.200	22.604	
560	-0.175	22.637	
561	-0.155	22.703	
562	-0.155	22.736	
563	-0.140	22.802	
564	-0.145	22.836	
565	-0.145	22.902	
566	-0.135	22.934	
567	-0.145	23.000	
568	-0.145	23.034	
569	-0.125	23.099	
570	-0.130	23.133	
571	-0.110	23.198	
572	-0.110	23.232	
573	-0.140	23.297	
574	-0.145	23.330	
575	-0.155	23.396	
576	-0.165	23.429	
577	-0.145	23.495	
578	-0.150	23.528	
579	-0.170	23.594	
580	-0.170	23.627	
581	-0.160	23.693	
582	-0.160	23.726	
583	-0.125	23.793	
584	-0.125	23.825	
585	-0.125	23.891	
586	-0.120	23.924	
587	-0.130	23.990	
588	-0.125	24.023	
589	-0.125	24.089	
590	-0.130	24.122	
591	-0.140	24.189	
592	-0.135	24.221	
593	-0.160	24.287	
594	-0.155	24.320	
595	-0.175	24.386	
596	-0.180	24.420	
597	-0.190	24.485	
598	-0.200	24.518	
599	-0.220	24.584	
600	-0.205	24.618	
601	-0.200	24.684	
602	-0.205	24.717	
603	-0.190	24.782	
604	-0.190	24.815	
605	-0.180	24.882	
606	-0.155	24.914	
607	-0.150	24.980	
608	-0.150	25.014	
609	-0.135	25.079	
610	-0.135	25.112	
611	-0.135	25.178	
612	-0.130	25.212	
613	-0.160	25.311	
614	-0.160	25.343	
615	-0.180	25.410	
616	-0.170	25.442	
617	-0.135	25.508	
618	-0.140	25.541	
619	-0.125	25.641	
620	-0.125	25.673	
621	-0.125	25.739	
622	-0.115	25.772	
623	-0.125	25.838	
624	-0.120	25.872	
625	-0.100	25.937	
626	-0.105	25.970	
627	-0.095	26.036	
628	-0.095	26.069	
629	-0.140	26.135	
630	-0.140	26.169	
631	-0.150	26.234	
632	-0.165	26.267	
633	-0.145	26.333	
634	-0.150	26.366	
635	-0.180	26.432	
636	-0.170	26.465	
637	-0.160	26.531	
638	-0.165	26.564	
639	-0.130	26.630	
640	-0.130	26.663	
641	-0.130	26.729	
642	-0.125	26.762	
643	-0.130	26.828	
644	-0.125	26.861	
645	-0.110	26.927	
646	-0.125	26.960	
647	-0.135	27.026	
648	-0.135	27.059	
649	-0.160	27.126	
650	-0.160	27.158	
651	-0.170	27.224	
652	-0.185	27.257	
653	-0.195	27.323	
654	-0.200	27.356	
655	-0.230	27.422	
656	-0.215	27.456	
657	-0.205	27.521	
658	-0.205	27.554	
659	-0.190	27.620	
660	-0.190	27.653	
661	-0.175	27.719	
662	-0.155	27.753	
663	-0.145	27.819	
664	-0.145	27.852	
665	-0.130	27.917	
666	-0.130	27.950	
667	-0.135	28.016	
668	-0.125	28.050	
669	-0.150	28.115	
670	-0.150	28.148	
671	-0.145	28.214	
672	-0.155	28.247	
673	-0.120	28.313	
674	-0.110	28.347	
675	-0.115	28.412	
676	-0.110	28.446	
677	-0.100	28.511	
678	-0.110	28.544	
679	-0.095	28.610	
680	-0.090	28.643	
681	-0.110	28.710	
682	-0.100	28.742	
683	-0.100	28.808	
684	-0.100	28.841	
685	-0.095	28.907	
686	-0.110	28.940	
687	-0.150	29.006	
688	-0.155	29.039	
689	-0.185	29.105	
690	-0.180	29.138	
691	-0.145	29.205	
692	-0.160	29.237	
693	-0.165	29.303	
694	-0.155	29.336	
695	-0.150	29.402	
696	-0.145	29.436	
697	-0.135	29.501	
698	-0.140	29.534	
699	-0.135	29.600	
700	-0.135	29.633	
701	-0.145	29.700	
702	-0.140	29.732	
703	-0.150	29.799	
704	-0.155	29.831	
705	-0.155	29.898	
706	-0.155	29.930	
707	-0.165	29.996	
708	-0.165	30.029	
709	-0.190	30.095	
710	-0.195	30.128	
711	-0.200	30.194	
712	-0.205	30.228	
713	-0.205	30.294	
714	-0.195	30.326	
715	-0.210	30.393	
716	-0.210	30.426	
717	-0.210	30.491	
718	-0.225	30.525	
719	-0.195	30.590	
720	-0.185	30.623	
721	-0.195	30.689	
722	-0.185	30.723	
723	-0.180	30.788	
724	-0.190	30.822	
725	-0.175	30.887	
726	-0.175	30.921	
727	-0.190	30.986	
728	-0.190	31.019	
729	-0.185	31.086	
730	-0.180	31.119	
731	-0.175	31.184	
732	-0.170	31.217	
733	-0.160	31.284	
734	-0.155	31.316	
735	-0.155	31.383	
736	-0.155	31.415	
737	-0.155	31.481	
738	-0.155	31.515	
739	-0.155	31.582	
740	-0.160	31.614	
741	-0.155	31.680	
742	-0.155	31.712	
743	-0.155	31.778	
744	-0.160	31.811	
745	-0.185	31.877	
746	-0.195	31.910	
747	-0.195	31.976	
748	-0.195	32.009	
749	-0.180	32.075	
750	-0.175	32.108	
751	-0.185	32.174	
752	-0.190	32.207	
753	-0.190	32.273	
754	-0.190	32.306	
755	-0.190	32.372	
756	-0.190	32.406	
757	-0.180	32.471	
758	-0.180	32.504	
759	-0.160	32.570	
760	-0.155	32.604	
761	-0.125	32.669	
762	-0.115	32.702	
763	-0.075	32.768	
764	-0.060	32.801	
765	0.195	32.868	
766	0.205	32.900	
767	0.195	32.966	
768	0.200	33.000	
769	0.195	33.065	
770	0.195	33.098	
771	0.450	33.165	
772	0.555	33.197	
773	0.470	33.296	
774	0.470	33.329	
775	0.500	33.395	
776	0.495	33.428	
777	0.465	33.494	
778	0.480	33.527	
779	0.505	33.593	
780	0.495	33.627	
781	0.530	33.692	
782	0.525	33.726	
783	0.525	33.791	
784	0.535	33.825	
785	0.555	33.891	
786	0.555	33.923	
787	0.595	33.989	
788	0.590	34.022	
789	0.595	34.089	
790	0.615	34.121	
791	0.630	34.188	
792	0.635	34.221	
793	0.650	34.286	
794	0.645	34.319	
795	0.615	34.385	
796	0.620	34.419	
797	0.575	34.484	
798	0.570	34.518	
799	0.445	34.583	
800	0.520	34.616	
801	0.505	34.682	
802	0.505	34.715	
803	0.480	34.781	
804	0.485	34.814	
805	0.460	34.880	
806	0.455	34.913	
807	0.470	34.980	
808	0.460	35.012	
809	0.415	35.078	
810	0.425	35.111	
811	0.345	35.177	
812	0.335	35.210	
813	0.305	35.276	
814	0.295	35.309	
815	0.270	35.375	
816	0.280	35.408	
817	0.245	35.474	
818	0.245	35.507	
819	0.245	35.573	
820	0.240	35.606	
821	0.240	35.672	
822	0.235	35.706	
823	0.220	35.771	
824	0.220	35.804	
825	0.220	35.870	
826	0.220	35.903	
827	0.245	35.969	
828	0.240	36.002	
829	0.235	36.068	
830	0.240	36.101	
831	0.275	36.167	
832	0.280	36.200	
833	0.340	36.266	
834	0.340	36.299	
835	0.365	36.366	
836	0.385	36.398	
837	0.400	36.464	
838	0.405	36.498	
839	0.405	36.564	
840	0.395	36.596	
841	0.400	36.662	
842	0.400	36.695	
843	0.415	36.762	
844	0.430	36.794	
845	0.460	36.860	
846	0.455	36.893	
847	0.470	36.959	
848	0.475	36.992	
849	0.475	37.058	
850	0.485	37.091	
851	0.490	37.157	
852	0.485	37.190	
853	0.495	37.256	
854	0.495	37.289	
855	0.465	37.355	
856	0.475	37.388	
857	0.420	37.454	
858	0.410	37.487	
859	0.415	37.553	
860	0.410	37.587	
861	0.400	37.652	
862	0.410	37.685	
863	0.375	37.752	
864	0.375	37.784	
865	0.395	37.850	
866	0.380	37.883	
867	0.390	37.950	
868	0.290	37.982	
869	0.305	38.048	
870	0.310	38.081	
871	0.190	38.148	
872	0.260	38.180	
873	0.245	38.246	
874	0.235	38.279	
875	0.215	38.345	
876	0.215	38.378	
877	0.205	38.444	
878	0.210	38.477	
879	0.215	38.543	
880	0.205	38.576	
881	0.200	38.643	
882	0.200	38.675	
883	0.200	38.741	
884	0.210	38.775	
885	0.235	38.840	
886	0.230	38.873	
887	0.260	38.940	
888	0.280	38.972	
889	0.315	39.039	
890	0.330	39.071	
891	0.370	39.137	
892	0.365	39.170	
893	0.415	39.236	
894	0.420	39.269	
895	0.425	39.335	
896	0.430	39.368	
897	0.395	39.434	
898	0.385	39.467	
899	0.405	39.533	
900	0.405	39.566	
901	0.400	39.632	
902	0.415	39.665	
903	0.395	39.731	
904	0.395	39.765	
905	0.430	39.830	
906	0.430	39.863	
907	0.450	39.929	
908	0.460	39.962	
909	0.430	40.028	
910	0.435	40.062	
911	0.470	40.127	
912	0.460	40.160	
913	0.470	40.226	
914	0.460	40.259	
915	0.400	40.325	
916	0.400	40.358	
917	0.390	40.424	
918	0.380	40.457	
919	0.405	40.523	
920	0.395	40.556	
921	0.370	40.622	
922	0.375	40.655	
923	0.365	40.721	
924	0.360	40.754	
925	0.350	40.820	
926	0.225	40.853	
927	0.295	40.919	
928	0.305	40.952	
929	0.260	41.019	
930	0.260	41.051	
931	0.240	41.117	
932	0.225	41.150	
933	0.220	41.217	
934	0.225	41.249	
935	0.215	41.315	
936	0.215	41.348	
937	0.210	41.414	
938	0.200	41.448	
939	0.205	41.514	
940	0.205	41.547	
941	0.215	41.612	
942	0.220	41.645	
943	0.225	41.711	
944	0.225	41.744	
945	0.270	41.810	
946	0.280	41.844	
947	0.320	41.909	
948	0.335	41.942	
949	0.340	42.008	
950	0.345	42.042	
951	0.390	42.107	
952	0.385	42.140	
953	0.400	42.206	
954	0.405	42.239	
955	0.355	42.305	
956	0.355	42.338	
957	0.350	42.404	
958	0.340	42.437	
959	0.365	42.504	
960	0.360	42.537	
961	0.360	42.602	
962	0.365	42.635	
963	0.400	42.702	
964	0.400	42.734	
965	0.460	42.801	
966	0.460	42.833	
967	0.450	42.900	
968	0.450	42.932	
969	0.440	42.998	
970	0.440	43.031	
971	0.450	43.097	
972	0.435	43.130	
973	0.415	43.197	
974	0.425	43.229	
975	0.390	43.295	
976	0.395	43.329	
977	0.390	43.394	
978	0.300	43.427	
979	0.380	43.493	
980	0.385	43.527	
981	0.350	43.594	
982	0.350	43.626	
983	0.185	43.691	
984	0.185	43.724	
985	0.265	43.791	
986	0.255	43.823	
987	0.225	43.889	
988	0.230	43.922	
989	0.220	43.988	
990	0.220	44.021	
991	0.240	44.087	
992	0.240	44.120	
993	0.235	44.187	
994	0.245	44.220	
995	0.210	44.286	
996	0.215	44.319	
997	0.230	44.384	
998	0.230	44.417	
999	0.260	44.484	
1000	0.265	44.516	
1001	0.255	44.582	
1002	0.260	44.615	
1003	0.315	44.682	
1004	0.315	44.714	
1005	0.380	44.780	
1006	0.380	44.813	
1007	0.390	44.879	
1008	0.395	44.912	
1009	0.430	44.978	
1010	0.425	45.011	
1011	0.450	45.078	
1012	0.440	45.110	
1013	0.425	45.176	
1014	0.430	45.209	
1015	0.450	45.276	
1016	0.450	45.309	
1017	0.485	45.374	
1018	0.480	45.407	
1019	0.470	45.474	
1020	0.480	45.506	
1021	0.490	45.572	
1022	0.495	45.606	
1023	0.510	45.671	
1024	0.505	45.704	
1025	0.505	45.771	
1026	0.505	45.803	
1027	0.470	45.869	
1028	0.470	45.902	
1029	0.440	45.968	
1030	0.425	46.001	
1031	0.420	46.067	
1032	0.420	46.100	
1033	0.390	46.166	
1034	0.390	46.199	
1035	0.365	46.266	
1036	0.365	46.298	
1037	0.380	46.364	
1038	0.380	46.397	
1039	0.370	46.463	
1040	0.380	46.496	
1041	0.305	46.562	
1042	0.305	46.596	
1043	0.275	46.661	
1044	0.265	46.695	
1045	0.250	46.760	
1046	0.245	46.794	
1047	0.215	46.859	
1048	0.215	46.892	
1049	0.220	46.958	
1050	0.215	46.991	
1051	0.235	47.058	
1052	0.230	47.090	
1053	0.210	47.157	
1054	0.210	47.189	
1055	0.220	47.255	
1056	0.220	47.288	
1057	0.265	47.354	
1058	0.260	47.387	
1059	0.265	47.453	
1060	0.280	47.486	
1061	0.315	47.552	
1062	0.325	47.585	
1063	0.390	47.651	
1064	0.385	47.684	
1065	0.420	47.750	
1066	0.430	47.783	
1067	0.450	47.849	
1068	0.455	47.882	
1069	0.455	47.948	
1070	0.450	47.981	
1071	0.450	48.048	
1072	0.455	48.080	
1073	0.465	48.146	
1074	0.470	48.179	
1075	0.480	48.245	
1076	0.480	48.278	
1077	0.515	48.344	
1078	0.515	48.377	
1079	0.530	48.443	
1080	0.540	48.476	
1081	0.520	48.542	
1082	0.520	48.575	
1083	0.530	48.641	
1084	0.525	48.674	
1085	0.500	48.740	
1086	0.500	48.774	
1087	0.415	48.839	
1088	0.415	48.872	
1089	0.390	48.938	
1090	0.385	48.971	
1091	0.385	49.037	
1092	0.380	49.070	
1093	0.340	49.136	
1094	0.340	49.170	
1095	0.365	49.235	
1096	0.360	49.268	
1097	0.380	49.334	
1098	0.290	49.368	
1099	0.310	49.433	
1100	0.310	49.466	
1101	0.250	49.533	
1102	0.250	49.565	
1103	0.240	49.631	
1104	0.235	49.664	
1105	0.220	49.732	
1106	0.225	49.764	
1107	0.215	49.829	
1108	0.220	49.862	
1109	0.220	49.928	
1110	0.215	49.961	
1111	0.220	50.028	
1112	0.225	50.060	
1113	0.240	50.127	
1114	0.245	50.159	
1115	0.260	50.225	
1116	0.260	50.259	
1117	0.305	50.325	
1118	0.310	50.357	
1119	0.425	50.423	
1120	0.355	50.456	
1121	0.395	50.522	
1122	0.400	50.555	
1123	0.465	50.622	
1124	0.465	50.654	
1125	0.495	50.720	
1126	0.505	50.753	
1127	0.450	50.819	
1128	0.450	50.852	
1129	0.450	50.918	
1130	0.450	50.951	
1131	0.455	51.017	
1132	0.455	51.050	
1133	0.435	51.116	
1134	0.440	51.149	
1135	0.475	51.215	
1136	0.475	51.248	
1137	0.510	51.314	
1138	0.505	51.347	
1139	0.475	51.414	
1140	0.475	51.447	
1141	0.485	51.513	
1142	0.480	51.546	
1143	0.485	51.611	
1144	0.475	51.644	
1145	0.405	51.710	
1146	0.405	51.743	
1147	0.365	51.809	
1148	0.360	51.842	
1149	0.350	51.909	
1150	0.350	51.941	
1151	0.330	52.007	
1152	0.330	52.040	
1153	0.335	52.106	
1154	0.340	52.140	
1155	0.240	52.205	
1156	0.330	52.238	
1157	0.345	52.305	
1158	0.340	52.337	
1159	0.265	52.403	
1160	0.265	52.437	
1161	0.240	52.502	
1162	0.235	52.536	
1163	0.250	52.601	
1164	0.250	52.634	
1165	0.250	52.701	
1166	0.250	52.734	
1167	0.235	52.800	
1168	0.230	52.832	
1169	0.250	52.898	
1170	0.245	52.931	
1171	0.260	52.998	
1172	0.270	53.031	
1173	0.265	53.097	
1174	0.265	53.129	
1175	0.320	53.195	
1176	0.320	53.228	
1177	0.380	53.295	
1178	0.385	53.328	
1179	0.385	53.394	
1180	0.385	53.426	
1181	0.445	53.493	
1182	0.440	53.526	
1183	0.455	53.591	
1184	0.455	53.625	
1185	0.390	53.690	
1186	0.390	53.723	
1187	0.370	53.790	
1188	0.365	53.823	
1189	0.370	53.888	
1190	0.365	53.921	
1191	0.345	54.020	
1192	0.375	54.053	
1193	0.380	54.119	
1194	0.385	54.152	
1195	0.395	54.219	
1196	0.390	54.251	
1197	0.425	54.318	
1198	0.430	54.350	
1199	0.410	54.418	
1200	0.415	54.449	
1201	0.370	54.549	
1202	0.380	54.581	
1203	0.365	54.680	
1204	0.370	54.713	
1205	0.355	54.779	
1206	0.345	54.812	
1207	0.345	54.880	
1208	0.345	54.911	
1209	0.350	55.010	
1210	0.370	55.043	
1211	0.315	55.109	
1212	0.320	55.142	
1213	0.300	55.242	
1214	0.280	55.274	
1215	0.250	55.340	
1216	0.250	55.373	
1217	0.260	55.441	
1218	0.265	55.472	
1219	0.255	55.572	
1220	0.270	55.604	
1221	0.225	55.670	
1222	0.225	55.703	
1223	0.245	55.802	
1224	0.250	55.835	
1225	0.275	55.934	
1226	0.270	55.967	
1227	0.310	56.033	
1228	0.315	56.066	
1229	0.370	56.166	
1230	0.380	56.198	
1231	0.395	56.297	
1232	0.430	56.330	
1233	0.465	56.396	
1234	0.465	56.429	
1235	0.345	56.496	
1236	0.430	56.528	
1237	0.405	56.595	
1238	0.400	56.627	
1239	0.370	56.726	
1240	0.370	56.759	
1241	0.355	56.825	
1242	0.360	56.858	
1243	0.375	56.957	
1244	0.405	56.990	
1245	0.425	57.057	
1246	0.420	57.089	
1247	0.450	57.189	
1248	0.435	57.221	
1249	0.430	57.289	
1250	0.425	57.320	
1251	0.370	57.419	
1252	0.375	57.452	
1253	0.360	57.551	
1254	0.375	57.584	
1255	0.330	57.652	
1256	0.330	57.683	
1257	0.330	57.782	
1258	0.310	57.815	
1259	0.335	57.914	
1260	0.305	57.947	
1261	0.345	58.013	
1262	0.345	58.046	
1263	0.285	58.145	
1264	0.275	58.178	
1265	0.255	58.245	
1266	0.255	58.277	
1267	0.265	58.376	
1268	0.275	58.409	
1269	0.255	58.475	
1270	0.250	58.508	
1271	0.260	58.607	
1272	0.255	58.640	
1273	0.290	58.706	
1274	0.295	58.739	
1275	0.285	58.839	
1276	0.310	58.872	
1277	0.440	58.938	
1278	0.355	58.970	
1279	0.410	59.069	
1280	0.415	59.102	
1281	0.470	59.201	
1282	0.470	59.234	
1283	0.475	59.300	
1284	0.470	59.333	
1285	0.415	59.433	
1286	0.415	59.465	
1287	0.385	59.564	
1288	0.400	59.597	
1289	0.370	59.664	
1290	0.370	59.696	
1291	0.380	59.795	
1292	0.390	59.828	
1293	0.405	59.927	
1294	0.400	59.960	
1295	0.440	60.026	
1296	0.435	60.059	
1297	0.435	60.158	
1298	0.415	60.191	
1299	0.370	60.260	
1300	0.375	60.290	
1301	0.365	60.389	
1302	0.375	60.422	
1303	0.325	60.521	
1304	0.320	60.554	
1305	0.325	60.654	
1306	0.345	60.686	
1307	0.330	60.785	
1308	0.330	60.818	
1309	0.335	60.917	
1310	0.310	60.950	
1311	0.290	61.016	
1312	0.280	61.049	
1313	0.270	61.149	
1314	0.280	61.181	
1315	0.280	61.280	
1316	0.275	61.313	
1317	0.250	61.412	
1318	0.270	61.445	
1319	0.275	61.544	
1320	0.305	61.577	
1321	0.280	61.644	
1322	0.280	61.676	
1323	0.330	61.775	
1324	0.350	61.808	
1325	0.420	61.908	
1326	0.415	61.940	
1327	0.460	62.040	
1328	0.445	62.072	
1329	0.470	62.172	
1330	0.470	62.204	
1331	0.415	62.304	
1332	0.400	62.336	
1333	0.390	62.435	
1334	0.405	62.468	
1335	0.400	62.568	
1336	0.385	62.600	
1337	0.355	62.699	
1338	0.345	62.732	
1339	0.340	62.831	
1340	0.335	62.864	
1341	0.325	62.933	
1342	0.325	62.963	
1343	0.325	63.062	
1344	0.325	63.095	
1345	0.325	63.194	
1346	0.325	63.227	
1347	0.320	63.326	
1348	0.320	63.359	
1349	0.320	63.458	
1350	0.320	63.491	
1351	0.325	63.590	
1352	0.325	63.623	
1353	0.325	63.722	
1354	0.325	63.755	
1355	0.325	63.854	
1356	0.325	63.887	
1357	0.325	63.987	
1358	0.325	64.019	
1359	0.325	64.118	
