1/27/2022  1:02 PM
Units: Ncm
Readings: Continuous
X-Axis: Time

Reading	Load	Time	
1	0.005	0.000	
2	0.005	0.099	
3	0.005	0.132	
4	0.005	0.166	
5	0.005	0.198	
6	0.005	0.231	
7	0.005	0.264	
8	0.005	0.297	
9	0.005	0.330	
10	0.005	0.364	
11	0.005	0.396	
12	0.005	0.430	
13	0.005	0.464	
14	0.005	0.495	
15	0.005	0.528	
16	0.005	0.561	
17	0.005	0.595	
18	0.005	0.627	
19	0.005	0.660	
20	0.005	0.693	
21	0.005	0.727	
22	0.005	0.760	
23	0.005	0.792	
24	0.005	0.859	
25	0.005	0.891	
26	0.005	0.924	
27	0.005	0.957	
28	0.005	0.990	
29	0.005	1.024	
30	0.005	1.057	
31	0.005	1.089	
32	0.005	1.122	
33	0.005	1.156	
34	0.005	1.189	
35	0.005	1.222	
36	0.005	1.254	
37	0.005	1.287	
38	0.005	1.320	
39	0.005	1.353	
40	0.005	1.386	
41	0.005	1.419	
42	0.005	1.452	
43	0.005	1.485	
44	0.005	1.518	
45	0.005	1.552	
46	0.005	1.584	
47	0.005	1.617	
48	0.005	1.650	
49	0.005	1.683	
50	0.005	1.716	
51	0.005	1.749	
52	0.005	1.782	
53	0.005	1.816	
54	0.005	1.848	
55	0.005	1.881	
56	0.005	1.914	
57	0.005	1.948	
58	0.005	1.980	
59	0.005	2.013	
60	0.005	2.046	
61	0.005	2.080	
62	0.005	2.112	
63	0.005	2.145	
64	0.005	2.178	
65	0.005	2.211	
66	0.005	2.244	
67	0.005	2.277	
68	0.005	2.310	
69	0.005	2.343	
70	0.005	2.376	
71	0.005	2.409	
72	0.005	2.442	
73	0.005	2.476	
74	0.005	2.508	
75	0.005	2.541	
76	0.005	2.575	
77	-0.010	2.607	
78	-0.135	2.641	
79	-0.085	2.707	
80	-0.090	2.739	
81	-0.100	2.772	
82	-0.105	2.805	
83	-0.130	2.838	
84	-0.155	2.871	
85	-0.185	2.904	
86	-0.215	2.937	
87	-0.235	2.970	
88	-0.250	3.004	
89	-0.265	3.036	
90	-0.285	3.102	
91	-0.285	3.135	
92	-0.300	3.168	
93	-0.300	3.201	
94	-0.285	3.234	
95	-0.260	3.267	
96	-0.240	3.300	
97	-0.245	3.334	
98	-0.245	3.366	
99	-0.235	3.399	
100	-0.225	3.432	
101	-0.230	3.465	
102	-0.230	3.498	
103	-0.225	3.531	
104	-0.225	3.564	
105	-0.235	3.597	
106	-0.245	3.630	
107	-0.245	3.663	
108	-0.245	3.697	
109	-0.245	3.729	
110	-0.240	3.762	
111	-0.225	3.795	
112	-0.210	3.861	
113	-0.205	3.894	
114	-0.210	3.927	
115	-0.210	3.960	
116	-0.210	3.993	
117	-0.200	4.026	
118	-0.200	4.059	
119	-0.200	4.092	
120	-0.200	4.125	
121	-0.200	4.158	
122	-0.200	4.191	
123	-0.195	4.224	
124	-0.200	4.257	
125	-0.200	4.291	
126	-0.205	4.324	
127	-0.205	4.357	
128	-0.195	4.389	
129	-0.190	4.422	
130	-0.185	4.456	
131	-0.180	4.488	
132	-0.170	4.521	
133	-0.160	4.554	
134	-0.155	4.587	
135	-0.155	4.621	
136	-0.150	4.653	
137	-0.145	4.686	
138	-0.150	4.719	
139	-0.170	4.752	
140	-0.170	4.785	
141	-0.165	4.818	
142	-0.170	4.851	
143	-0.185	4.884	
144	-0.205	4.917	
145	-0.235	4.950	
146	-0.260	4.983	
147	-0.295	5.016	
148	-0.315	5.049	
149	-0.320	5.082	
150	-0.310	5.115	
151	-0.310	5.148	
152	-0.310	5.182	
153	-0.300	5.214	
154	-0.285	5.247	
155	-0.270	5.280	
156	-0.255	5.313	
157	-0.240	5.346	
158	-0.225	5.379	
159	-0.215	5.412	
160	-0.215	5.445	
161	-0.210	5.478	
162	-0.210	5.511	
163	-0.205	5.544	
164	-0.210	5.577	
165	-0.210	5.610	
166	-0.215	5.643	
167	-0.215	5.676	
168	-0.215	5.710	
169	-0.225	5.742	
170	-0.230	5.775	
171	-0.230	5.808	
172	-0.230	5.841	
173	-0.230	5.874	
174	-0.235	5.907	
175	-0.240	5.940	
176	-0.240	5.974	
177	-0.245	6.006	
178	-0.255	6.039	
179	-0.260	6.072	
180	-0.260	6.105	
181	-0.255	6.138	
182	-0.265	6.171	
183	-0.255	6.204	
184	-0.235	6.237	
185	-0.220	6.270	
186	-0.220	6.303	
187	-0.220	6.336	
188	-0.215	6.369	
189	-0.210	6.402	
190	-0.210	6.435	
191	-0.220	6.468	
192	-0.210	6.502	
193	-0.195	6.535	
194	-0.175	6.568	
195	-0.175	6.601	
196	-0.170	6.633	
197	-0.155	6.666	
198	-0.145	6.699	
199	-0.140	6.732	
200	-0.140	6.765	
201	-0.145	6.798	
202	-0.145	6.832	
203	-0.140	6.864	
204	-0.145	6.897	
205	-0.145	6.930	
206	-0.145	6.963	
207	-0.150	6.996	
208	-0.145	7.029	
209	-0.145	7.063	
210	-0.155	7.095	
211	-0.160	7.128	
212	-0.165	7.161	
213	-0.170	7.195	
214	-0.160	7.227	
215	-0.155	7.261	
216	-0.155	7.293	
217	-0.155	7.327	
218	-0.155	7.359	
219	-0.145	7.392	
220	-0.140	7.425	
221	-0.140	7.458	
222	-0.140	7.492	
223	-0.140	7.525	
224	-0.140	7.557	
225	-0.140	7.590	
226	-0.140	7.623	
227	-0.145	7.656	
228	-0.150	7.689	
229	-0.160	7.722	
230	-0.155	7.756	
231	-0.155	7.788	
232	-0.155	7.821	
233	-0.155	7.854	
234	-0.160	7.887	
235	-0.155	7.920	
236	-0.150	7.954	
237	-0.150	7.986	
238	-0.160	8.019	
239	-0.160	8.052	
240	-0.165	8.086	
241	-0.165	8.118	
242	-0.175	8.152	
243	-0.180	8.185	
244	-0.180	8.218	
245	-0.185	8.250	
246	-0.185	8.284	
247	-0.185	8.316	
248	-0.185	8.349	
249	-0.180	8.382	
250	-0.185	8.415	
251	-0.185	8.448	
252	-0.180	8.482	
253	-0.180	8.514	
254	-0.180	8.547	
255	-0.180	8.580	
256	-0.190	8.613	
257	-0.190	8.646	
258	-0.185	8.679	
259	-0.190	8.712	
260	-0.195	8.745	
261	-0.200	8.778	
262	-0.195	8.811	
263	-0.195	8.844	
264	-0.205	8.877	
265	-0.205	8.910	
266	-0.195	8.943	
267	-0.185	8.976	
268	-0.190	9.009	
269	-0.190	9.042	
270	-0.180	9.077	
271	-0.175	9.109	
272	-0.180	9.141	
273	-0.190	9.174	
274	-0.195	9.207	
275	-0.200	9.240	
276	-0.200	9.273	
277	-0.200	9.306	
278	-0.195	9.339	
279	-0.180	9.372	
280	-0.165	9.405	
281	-0.160	9.438	
282	-0.155	9.471	
283	-0.145	9.504	
284	-0.130	9.537	
285	-0.120	9.570	
286	-0.125	9.603	
287	-0.135	9.636	
288	-0.135	9.669	
289	-0.130	9.702	
290	-0.130	9.735	
291	-0.135	9.768	
292	-0.135	9.801	
293	-0.140	9.835	
294	-0.140	9.867	
295	-0.150	9.900	
296	-0.150	9.933	
297	-0.155	9.966	
298	-0.155	9.999	
299	-0.155	10.032	
300	-0.145	10.065	
301	-0.145	10.131	
302	-0.145	10.164	
303	-0.140	10.198	
304	-0.135	10.230	
305	-0.130	10.265	
306	-0.130	10.296	
307	-0.130	10.330	
308	-0.130	10.362	
309	-0.130	10.395	
310	-0.130	10.428	
311	-0.130	10.462	
312	-0.130	10.494	
313	-0.140	10.527	
314	-0.140	10.560	
315	-0.150	10.593	
316	-0.145	10.626	
317	-0.135	10.659	
318	-0.100	10.725	
319	-0.100	10.759	
320	-0.100	10.792	
321	-0.095	10.824	
322	-0.090	10.857	
323	-0.090	10.890	
324	-0.095	10.923	
325	-0.100	10.957	
326	-0.100	10.989	
327	-0.095	11.055	
328	-0.095	11.088	
329	-0.105	11.155	
330	-0.105	11.187	
331	-0.110	11.253	
332	-0.120	11.286	
333	-0.125	11.352	
334	-0.125	11.385	
335	-0.125	11.418	
336	-0.135	11.451	
337	-0.145	11.484	
338	-0.140	11.517	
339	-0.145	11.550	
340	-0.160	11.616	
341	-0.160	11.649	
342	-0.165	11.715	
343	-0.170	11.750	
344	-0.170	11.781	
345	-0.175	11.848	
346	-0.175	11.880	
347	-0.185	11.946	
348	-0.190	11.979	
349	-0.210	12.046	
350	-0.210	12.078	
351	-0.205	12.144	
352	-0.200	12.177	
353	-0.170	12.243	
354	-0.160	12.276	
355	-0.145	12.343	
356	-0.130	12.375	
357	-0.105	12.441	
358	-0.110	12.475	
359	-0.115	12.507	
360	-0.120	12.574	
361	-0.135	12.606	
362	-0.165	12.672	
363	-0.165	12.705	
364	-0.175	12.771	
365	-0.180	12.804	
366	-0.180	12.870	
367	-0.170	12.903	
368	-0.175	12.969	
369	-0.180	13.002	
370	-0.180	13.068	
371	-0.165	13.101	
372	-0.155	13.167	
373	-0.155	13.200	
374	-0.160	13.266	
375	-0.160	13.299	
376	-0.160	13.365	
377	-0.160	13.398	
378	-0.155	13.464	
379	-0.140	13.498	
380	-0.115	13.563	
381	-0.110	13.597	
382	-0.105	13.629	
383	-0.095	13.695	
384	-0.090	13.728	
385	-0.095	13.795	
386	-0.095	13.827	
387	-0.100	13.893	
388	-0.105	13.926	
389	-0.115	13.992	
390	-0.115	14.025	
391	-0.110	14.091	
392	-0.110	14.124	
393	-0.125	14.190	
394	-0.130	14.223	
395	-0.145	14.290	
396	-0.140	14.322	
397	-0.135	14.388	
398	-0.140	14.421	
399	-0.130	14.487	
400	-0.130	14.521	
401	-0.135	14.553	
402	-0.140	14.619	
403	-0.140	14.652	
404	-0.170	14.718	
405	-0.175	14.751	
406	-0.195	14.818	
407	-0.205	14.850	
408	-0.210	14.917	
409	-0.210	14.949	
410	-0.200	15.016	
411	-0.190	15.048	
412	-0.170	15.115	
413	-0.165	15.147	
414	-0.135	15.213	
415	-0.120	15.247	
416	-0.120	15.312	
417	-0.125	15.345	
418	-0.125	15.412	
419	-0.130	15.445	
420	-0.150	15.510	
421	-0.155	15.544	
422	-0.175	15.610	
423	-0.180	15.642	
424	-0.170	15.708	
425	-0.170	15.741	
426	-0.170	15.807	
427	-0.170	15.840	
428	-0.175	15.906	
429	-0.170	15.940	
430	-0.155	16.006	
431	-0.150	16.038	
432	-0.155	16.104	
433	-0.150	16.137	
434	-0.160	16.203	
435	-0.160	16.236	
436	-0.145	16.303	
437	-0.140	16.335	
438	-0.120	16.401	
439	-0.110	16.435	
440	-0.100	16.500	
441	-0.100	16.533	
442	-0.100	16.600	
443	-0.100	16.632	
444	-0.105	16.698	
445	-0.105	16.732	
446	-0.115	16.797	
447	-0.120	16.830	
448	-0.115	16.897	
449	-0.110	16.930	
450	-0.120	16.995	
451	-0.120	17.029	
452	-0.125	17.094	
453	-0.130	17.127	
454	-0.145	17.193	
455	-0.140	17.226	
456	-0.150	17.292	
457	-0.150	17.325	
458	-0.145	17.391	
459	-0.150	17.424	
460	-0.145	17.490	
461	-0.150	17.523	
462	-0.180	17.590	
463	-0.180	17.623	
464	-0.195	17.688	
465	-0.195	17.721	
466	-0.200	17.787	
467	-0.205	17.820	
468	-0.185	17.886	
469	-0.185	17.919	
470	-0.175	17.985	
471	-0.165	18.018	
472	-0.130	18.085	
473	-0.125	18.117	
474	-0.135	18.183	
475	-0.135	18.216	
476	-0.145	18.282	
477	-0.150	18.316	
478	-0.170	18.382	
479	-0.175	18.414	
480	-0.185	18.480	
481	-0.185	18.513	
482	-0.185	18.579	
483	-0.180	18.612	
484	-0.175	18.678	
485	-0.180	18.711	
486	-0.180	18.777	
487	-0.165	18.811	
488	-0.150	18.876	
489	-0.145	18.910	
490	-0.145	18.975	
491	-0.145	19.008	
492	-0.140	19.075	
493	-0.135	19.107	
494	-0.130	19.174	
495	-0.125	19.206	
496	-0.110	19.273	
497	-0.110	19.305	
498	-0.105	19.372	
499	-0.105	19.404	
500	-0.100	19.470	
501	-0.105	19.503	
502	-0.110	19.569	
503	-0.120	19.602	
504	-0.125	19.668	
505	-0.120	19.701	
506	-0.115	19.767	
507	-0.115	19.800	
508	-0.125	19.867	
509	-0.125	19.899	
510	-0.130	19.966	
511	-0.130	19.998	
512	-0.135	20.064	
513	-0.140	20.097	
514	-0.145	20.164	
515	-0.140	20.196	
516	-0.155	20.296	
517	-0.150	20.329	
518	-0.165	20.394	
519	-0.170	20.427	
520	-0.170	20.493	
521	-0.180	20.526	
522	-0.200	20.592	
523	-0.195	20.626	
524	-0.200	20.691	
525	-0.185	20.724	
526	-0.170	20.790	
527	-0.170	20.823	
528	-0.130	20.889	
529	-0.125	20.922	
530	-0.120	20.988	
531	-0.125	21.021	
532	-0.125	21.087	
533	-0.135	21.121	
534	-0.165	21.187	
535	-0.175	21.219	
536	-0.185	21.285	
537	-0.195	21.318	
538	-0.190	21.385	
539	-0.190	21.417	
540	-0.175	21.484	
541	-0.175	21.516	
542	-0.175	21.582	
543	-0.170	21.615	
544	-0.145	21.682	
545	-0.140	21.714	
546	-0.145	21.780	
547	-0.140	21.813	
548	-0.145	21.879	
549	-0.140	21.912	
550	-0.135	21.978	
551	-0.130	22.011	
552	-0.115	22.077	
553	-0.115	22.111	
554	-0.105	22.176	
555	-0.100	22.209	
556	-0.095	22.276	
557	-0.095	22.308	
558	-0.095	22.375	
559	-0.095	22.407	
560	-0.120	22.473	
561	-0.125	22.506	
562	-0.135	22.572	
563	-0.125	22.605	
564	-0.115	22.671	
565	-0.120	22.705	
566	-0.125	22.770	
567	-0.120	22.803	
568	-0.115	22.870	
569	-0.110	22.902	
570	-0.120	22.968	
571	-0.120	23.001	
572	-0.120	23.067	
573	-0.120	23.100	
574	-0.125	23.166	
575	-0.135	23.199	
576	-0.165	23.265	
577	-0.170	23.298	
578	-0.180	23.364	
579	-0.185	23.397	
580	-0.190	23.464	
581	-0.195	23.496	
582	-0.180	23.562	
583	-0.170	23.596	
584	-0.150	23.661	
585	-0.140	23.694	
586	-0.115	23.761	
587	-0.110	23.793	
588	-0.125	23.860	
589	-0.125	23.893	
590	-0.140	23.958	
591	-0.145	23.991	
592	-0.170	24.057	
593	-0.175	24.090	
594	-0.185	24.156	
595	-0.185	24.189	
596	-0.180	24.255	
597	-0.175	24.288	
598	-0.175	24.355	
599	-0.180	24.387	
600	-0.160	24.453	
601	-0.155	24.487	
602	-0.145	24.552	
603	-0.160	24.586	
604	-0.185	24.651	
605	-0.190	24.685	
606	-0.200	24.751	
607	-0.195	24.783	
608	-0.150	24.849	
609	-0.140	24.883	
610	-0.115	24.949	
611	-0.105	24.982	
612	-0.090	25.047	
613	-0.090	25.080	
614	-0.080	25.146	
615	-0.080	25.179	
616	-0.085	25.245	
617	-0.090	25.279	
618	-0.100	25.345	
619	-0.095	25.377	
620	-0.090	25.443	
621	-0.095	25.476	
622	-0.100	25.542	
623	-0.110	25.576	
624	-0.110	25.641	
625	-0.110	25.674	
626	-0.110	25.740	
627	-0.110	25.773	
628	-0.110	25.840	
629	-0.105	25.872	
630	-0.110	25.938	
631	-0.115	25.972	
632	-0.115	26.037	
633	-0.125	26.070	
634	-0.140	26.136	
635	-0.145	26.169	
636	-0.165	26.235	
637	-0.170	26.268	
638	-0.180	26.334	
639	-0.185	26.368	
640	-0.155	26.434	
641	-0.140	26.467	
642	-0.130	26.532	
643	-0.125	26.566	
644	-0.110	26.631	
645	-0.115	26.664	
646	-0.125	26.730	
647	-0.125	26.763	
648	-0.155	26.829	
649	-0.160	26.863	
650	-0.170	26.928	
651	-0.175	26.962	
652	-0.170	27.027	
653	-0.170	27.060	
654	-0.175	27.126	
655	-0.180	27.159	
656	-0.170	27.225	
657	-0.160	27.258	
658	-0.145	27.325	
659	-0.140	27.357	
660	-0.135	27.423	
661	-0.140	27.457	
662	-0.150	27.522	
663	-0.165	27.555	
664	-0.165	27.621	
665	-0.160	27.654	
666	-0.135	27.720	
667	-0.125	27.753	
668	-0.110	27.820	
669	-0.100	27.852	
670	-0.095	27.918	
671	-0.090	27.951	
672	-0.090	28.017	
673	-0.090	28.050	
674	-0.090	28.116	
675	-0.095	28.149	
676	-0.105	28.215	
677	-0.110	28.248	
678	-0.105	28.315	
679	-0.100	28.347	
680	-0.115	28.414	
681	-0.115	28.447	
682	-0.115	28.512	
683	-0.115	28.545	
684	-0.120	28.611	
685	-0.120	28.644	
686	-0.115	28.710	
687	-0.120	28.743	
688	-0.125	28.809	
689	-0.125	28.843	
690	-0.130	28.908	
691	-0.135	28.941	
692	-0.140	29.007	
693	-0.145	29.041	
694	-0.165	29.106	
695	-0.165	29.139	
696	-0.175	29.205	
697	-0.170	29.238	
698	-0.140	29.305	
699	-0.135	29.337	
700	-0.125	29.403	
701	-0.120	29.436	
702	-0.120	29.502	
703	-0.125	29.535	
704	-0.135	29.601	
705	-0.135	29.634	
706	-0.170	29.700	
707	-0.175	29.733	
708	-0.175	29.800	
709	-0.175	29.833	
710	-0.170	29.898	
711	-0.170	29.931	
712	-0.185	29.997	
713	-0.180	30.031	
714	-0.160	30.096	
715	-0.160	30.129	
716	-0.145	30.195	
717	-0.145	30.229	
718	-0.135	30.295	
719	-0.135	30.328	
720	-0.145	30.393	
721	-0.150	30.426	
722	-0.145	30.492	
723	-0.140	30.525	
724	-0.115	30.591	
725	-0.110	30.625	
726	-0.095	30.690	
727	-0.095	30.723	
728	-0.090	30.789	
729	-0.090	30.823	
730	-0.085	30.889	
731	-0.085	30.921	
732	-0.105	30.987	
733	-0.110	31.020	
734	-0.110	31.086	
735	-0.105	31.119	
736	-0.100	31.185	
737	-0.100	31.218	
738	-0.115	31.285	
739	-0.115	31.317	
740	-0.125	31.384	
741	-0.120	31.417	
742	-0.115	31.482	
743	-0.115	31.515	
744	-0.115	31.582	
745	-0.115	31.614	
746	-0.120	31.680	
747	-0.120	31.713	
748	-0.120	31.780	
749	-0.120	31.812	
750	-0.125	31.878	
751	-0.125	31.911	
752	-0.135	31.977	
753	-0.140	32.011	
754	-0.145	32.076	
755	-0.145	32.109	
756	-0.150	32.176	
757	-0.150	32.208	
758	-0.150	32.275	
759	-0.150	32.307	
760	-0.150	32.373	
761	-0.145	32.406	
762	-0.135	32.472	
763	-0.135	32.506	
764	-0.130	32.571	
765	-0.130	32.604	
766	-0.125	32.670	
767	-0.125	32.703	
768	-0.115	32.769	
769	-0.110	32.802	
770	-0.085	32.870	
771	-0.070	32.901	
772	-0.010	32.967	
773	-0.005	33.000	
774	0.005	33.067	
775	0.005	33.099	
776	0.070	33.165	
777	0.080	33.198	
778	0.200	33.297	
779	0.220	33.330	
780	0.245	33.429	
781	0.250	33.463	
782	0.245	33.528	
783	0.240	33.561	
784	0.245	33.628	
785	0.240	33.660	
786	0.215	33.726	
787	0.210	33.759	
788	0.190	33.826	
789	0.180	33.858	
790	0.165	33.925	
791	0.165	33.957	
792	0.170	34.023	
793	0.175	34.056	
794	0.190	34.122	
795	0.195	34.155	
796	0.215	34.221	
797	0.225	34.255	
798	0.245	34.321	
799	0.245	34.353	
800	0.260	34.419	
801	0.260	34.452	
802	0.295	34.518	
803	0.295	34.551	
804	0.310	34.617	
805	0.315	34.651	
806	0.290	34.716	
807	0.290	34.749	
808	0.320	34.816	
809	0.310	34.848	
810	0.305	34.914	
811	0.315	34.947	
812	0.280	35.013	
813	0.280	35.046	
814	0.265	35.112	
815	0.255	35.146	
816	0.270	35.211	
817	0.265	35.245	
818	0.235	35.310	
819	0.240	35.344	
820	0.250	35.410	
821	0.255	35.442	
822	0.300	35.508	
823	0.300	35.541	
824	0.310	35.608	
825	0.315	35.640	
826	0.335	35.707	
827	0.335	35.739	
828	0.355	35.805	
829	0.355	35.838	
830	0.380	35.904	
831	0.390	35.937	
832	0.385	36.003	
833	0.385	36.036	
834	0.230	36.102	
835	0.310	36.135	
836	0.275	36.202	
837	0.275	36.234	
838	0.260	36.300	
839	0.260	36.333	
840	0.240	36.399	
841	0.235	36.432	
842	0.220	36.499	
843	0.220	36.532	
844	0.210	36.598	
845	0.210	36.630	
846	0.195	36.696	
847	0.190	36.730	
848	0.175	36.795	
849	0.165	36.828	
850	0.175	36.895	
851	0.190	36.928	
852	0.215	36.995	
853	0.215	37.026	
854	0.245	37.092	
855	0.250	37.126	
856	0.270	37.191	
857	0.270	37.225	
858	0.265	37.290	
859	0.265	37.323	
860	0.285	37.389	
861	0.285	37.423	
862	0.315	37.488	
863	0.315	37.521	
864	0.310	37.587	
865	0.310	37.620	
866	0.310	37.687	
867	0.310	37.719	
868	0.325	37.785	
869	0.320	37.818	
870	0.305	37.884	
871	0.300	37.918	
872	0.270	37.984	
873	0.270	38.016	
874	0.245	38.082	
875	0.235	38.115	
876	0.215	38.181	
877	0.220	38.215	
878	0.220	38.280	
879	0.235	38.313	
880	0.280	38.380	
881	0.290	38.412	
882	0.330	38.478	
883	0.340	38.512	
884	0.350	38.577	
885	0.360	38.610	
886	0.330	38.676	
887	0.320	38.709	
888	0.350	38.775	
889	0.360	38.808	
890	0.350	38.874	
891	0.355	38.907	
892	0.295	38.973	
893	0.280	39.007	
894	0.260	39.072	
895	0.250	39.105	
896	0.235	39.171	
897	0.235	39.204	
898	0.205	39.303	
899	0.210	39.336	
900	0.215	39.402	
901	0.215	39.435	
902	0.215	39.501	
903	0.215	39.534	
904	0.190	39.600	
905	0.185	39.634	
906	0.175	39.699	
907	0.185	39.732	
908	0.215	39.799	
909	0.220	39.831	
910	0.245	39.897	
911	0.245	39.931	
912	0.265	39.996	
913	0.265	40.030	
914	0.270	40.095	
915	0.270	40.129	
916	0.285	40.195	
917	0.290	40.228	
918	0.300	40.294	
919	0.305	40.326	
920	0.310	40.392	
921	0.310	40.425	
922	0.325	40.491	
923	0.320	40.524	
924	0.315	40.590	
925	0.320	40.623	
926	0.300	40.689	
927	0.300	40.723	
928	0.275	40.789	
929	0.270	40.822	
930	0.255	40.887	
931	0.255	40.920	
932	0.220	40.986	
933	0.220	41.019	
934	0.225	41.085	
935	0.220	41.119	
936	0.260	41.185	
937	0.270	41.217	
938	0.300	41.284	
939	0.305	41.316	
940	0.340	41.382	
941	0.335	41.415	
942	0.355	41.481	
943	0.345	41.514	
944	0.355	41.581	
945	0.365	41.613	
946	0.340	41.679	
947	0.350	41.713	
948	0.370	41.779	
949	0.365	41.811	
950	0.355	41.877	
951	0.345	41.910	
952	0.295	41.976	
953	0.285	42.009	
954	0.235	42.075	
955	0.225	42.109	
956	0.215	42.174	
957	0.210	42.207	
958	0.200	42.273	
959	0.205	42.306	
960	0.190	42.373	
961	0.185	42.405	
962	0.195	42.471	
963	0.190	42.504	
964	0.185	42.570	
965	0.195	42.603	
966	0.215	42.669	
967	0.210	42.702	
968	0.215	42.768	
969	0.220	42.802	
970	0.250	42.867	
971	0.260	42.900	
972	0.275	42.966	
973	0.280	43.000	
974	0.300	43.065	
975	0.305	43.098	
976	0.335	43.164	
977	0.340	43.197	
978	0.335	43.263	
979	0.340	43.297	
980	0.355	43.362	
981	0.355	43.395	
982	0.360	43.462	
983	0.350	43.494	
984	0.320	43.560	
985	0.320	43.593	
986	0.275	43.659	
987	0.270	43.692	
988	0.240	43.758	
989	0.230	43.792	
990	0.220	43.858	
991	0.220	43.890	
992	0.230	43.957	
993	0.235	43.989	
994	0.310	44.055	
995	0.320	44.089	
996	0.385	44.155	
997	0.480	44.188	
998	0.405	44.253	
999	0.405	44.287	
1000	0.370	44.352	
1001	0.365	44.386	
1002	0.395	44.451	
1003	0.405	44.484	
1004	0.410	44.550	
1005	0.410	44.583	
1006	0.360	44.649	
1007	0.350	44.683	
1008	0.320	44.748	
1009	0.315	44.781	
1010	0.285	44.847	
1011	0.280	44.880	
1012	0.240	44.946	
1013	0.235	44.979	
1014	0.235	45.045	
1015	0.230	45.078	
1016	0.215	45.144	
1017	0.215	45.177	
1018	0.190	45.243	
1019	0.190	45.276	
1020	0.180	45.342	
1021	0.180	45.375	
1022	0.200	45.441	
1023	0.205	45.474	
1024	0.220	45.540	
1025	0.225	45.574	
1026	0.245	45.639	
1027	0.245	45.672	
1028	0.255	45.739	
1029	0.260	45.772	
1030	0.280	45.837	
1031	0.285	45.870	
1032	0.295	45.936	
1033	0.290	45.969	
1034	0.315	46.035	
1035	0.310	46.068	
1036	0.325	46.134	
1037	0.325	46.167	
1038	0.335	46.233	
1039	0.335	46.267	
1040	0.330	46.332	
1041	0.325	46.366	
1042	0.310	46.431	
1043	0.310	46.464	
1044	0.260	46.530	
1045	0.255	46.563	
1046	0.220	46.629	
1047	0.220	46.663	
1048	0.220	46.729	
1049	0.225	46.761	
1050	0.260	46.828	
1051	0.275	46.861	
1052	0.355	46.927	
1053	0.365	46.960	
1054	0.415	47.026	
1055	0.420	47.059	
1056	0.410	47.125	
1057	0.410	47.158	
1058	0.360	47.223	
1059	0.360	47.256	
1060	0.405	47.322	
1061	0.410	47.356	
1062	0.405	47.421	
1063	0.400	47.454	
1064	0.355	47.521	
1065	0.350	47.553	
1066	0.330	47.619	
1067	0.325	47.652	
1068	0.290	47.719	
1069	0.280	47.752	
1070	0.260	47.818	
1071	0.260	47.850	
1072	0.260	47.916	
1073	0.260	47.950	
1074	0.245	48.015	
1075	0.240	48.048	
1076	0.200	48.115	
1077	0.200	48.148	
1078	0.180	48.213	
1079	0.180	48.247	
1080	0.200	48.312	
1081	0.205	48.345	
1082	0.230	48.411	
1083	0.235	48.444	
1084	0.265	48.510	
1085	0.270	48.544	
1086	0.300	48.609	
1087	0.290	48.643	
1088	0.285	48.708	
1089	0.285	48.742	
1090	0.290	48.807	
1091	0.295	48.841	
1092	0.305	48.906	
1093	0.305	48.939	
1094	0.320	49.005	
1095	0.325	49.039	
1096	0.320	49.105	
1097	0.320	49.137	
1098	0.305	49.203	
1099	0.305	49.236	
1100	0.290	49.302	
1101	0.290	49.335	
1102	0.250	49.402	
1103	0.250	49.435	
1104	0.215	49.500	
1105	0.215	49.534	
1106	0.235	49.599	
1107	0.230	49.632	
1108	0.280	49.698	
1109	0.295	49.731	
1110	0.360	49.797	
1111	0.365	49.831	
1112	0.415	49.896	
1113	0.405	49.929	
1114	0.390	49.995	
1115	0.385	50.028	
1116	0.360	50.095	
1117	0.365	50.127	
1118	0.415	50.193	
1119	0.410	50.226	
1120	0.375	50.292	
1121	0.370	50.326	
1122	0.330	50.391	
1123	0.330	50.425	
1124	0.270	50.491	
1125	0.265	50.523	
1126	0.230	50.589	
1127	0.225	50.622	
1128	0.235	50.689	
1129	0.240	50.722	
1130	0.225	50.787	
1131	0.225	50.821	
1132	0.210	50.886	
1133	0.205	50.919	
1134	0.200	50.986	
1135	0.195	51.019	
1136	0.185	51.084	
1137	0.190	51.118	
1138	0.225	51.184	
1139	0.230	51.217	
1140	0.225	51.282	
1141	0.230	51.316	
1142	0.235	51.381	
1143	0.235	51.414	
1144	0.275	51.480	
1145	0.275	51.513	
1146	0.280	51.579	
1147	0.280	51.612	
1148	0.295	51.678	
1149	0.295	51.711	
1150	0.300	51.777	
1151	0.300	51.810	
1152	0.325	51.876	
1153	0.325	51.909	
1154	0.320	51.975	
1155	0.325	52.009	
1156	0.320	52.074	
1157	0.320	52.107	
1158	0.275	52.173	
1159	0.270	52.207	
1160	0.250	52.272	
1161	0.245	52.305	
1162	0.215	52.371	
1163	0.215	52.405	
1164	0.230	52.470	
1165	0.230	52.504	
1166	0.425	52.570	
1167	0.350	52.602	
1168	0.400	52.669	
1169	0.410	52.702	
1170	0.405	52.767	
1171	0.400	52.801	
1172	0.365	52.867	
1173	0.355	52.899	
1174	0.370	52.965	
1175	0.380	52.999	
1176	0.420	53.065	
1177	0.420	53.098	
1178	0.385	53.164	
1179	0.380	53.196	
1180	0.355	53.263	
1181	0.350	53.295	
1182	0.325	53.361	
1183	0.320	53.394	
1184	0.315	53.460	
1185	0.315	53.493	
1186	0.325	53.559	
1187	0.325	53.593	
1188	0.305	53.658	
1189	0.300	53.691	
1190	0.240	53.757	
1191	0.235	53.791	
1192	0.200	53.856	
1193	0.200	53.889	
1194	0.205	53.956	
1195	0.210	53.988	
1196	0.240	54.055	
1197	0.245	54.088	
1198	0.255	54.154	
1199	0.255	54.186	
1200	0.260	54.252	
1201	0.260	54.286	
1202	0.270	54.351	
1203	0.270	54.384	
1204	0.255	54.450	
1205	0.250	54.483	
1206	0.250	54.550	
1207	0.250	54.582	
1208	0.265	54.649	
1209	0.265	54.682	
1210	0.270	54.747	
1211	0.270	54.781	
1212	0.275	54.847	
1213	0.270	54.880	
1214	0.265	54.946	
1215	0.265	54.978	
1216	0.270	55.044	
1217	0.265	55.077	
1218	0.275	55.145	
1219	0.280	55.176	
1220	0.285	55.244	
1221	0.285	55.275	
1222	0.300	55.343	
1223	0.310	55.374	
1224	0.380	55.441	
1225	0.390	55.473	
1226	0.410	55.540	
1227	0.410	55.572	
1228	0.405	55.639	
1229	0.405	55.671	
1230	0.345	55.739	
1231	0.340	55.770	
1232	0.380	55.869	
1233	0.390	55.902	
1234	0.400	56.001	
1235	0.385	56.034	
1236	0.385	56.100	
1237	0.380	56.133	
1238	0.350	56.200	
1239	0.355	56.233	
1240	0.335	56.299	
1241	0.325	56.331	
1242	0.320	56.397	
1243	0.325	56.430	
1244	0.310	56.496	
1245	0.315	56.529	
1246	0.270	56.596	
1247	0.260	56.628	
1248	0.230	56.694	
1249	0.230	56.727	
1250	0.235	56.793	
1251	0.240	56.826	
1252	0.275	56.893	
1253	0.275	56.925	
1254	0.290	57.025	
1255	0.290	57.057	
1256	0.285	57.124	
1257	0.290	57.156	
1258	0.290	57.222	
1259	0.285	57.256	
1260	0.270	57.321	
1261	0.270	57.354	
1262	0.260	57.420	
1263	0.260	57.453	
1264	0.280	57.519	
1265	0.280	57.552	
1266	0.280	57.620	
1267	0.280	57.652	
1268	0.280	57.719	
1269	0.280	57.750	
1270	0.300	57.817	
1271	0.295	57.849	
1272	0.270	57.948	
1273	0.275	57.982	
1274	0.260	58.047	
1275	0.265	58.080	
1276	0.290	58.147	
1277	0.290	58.179	
1278	0.360	58.278	
1279	0.375	58.311	
1280	0.405	58.379	
1281	0.490	58.410	
1282	0.405	58.510	
1283	0.395	58.542	
1284	0.345	58.610	
1285	0.340	58.641	
1286	0.385	58.740	
1287	0.400	58.773	
1288	0.430	58.839	
1289	0.430	58.872	
1290	0.435	58.939	
1291	0.435	58.972	
1292	0.410	59.040	
1293	0.410	59.070	
1294	0.395	59.170	
1295	0.385	59.202	
1296	0.385	59.268	
1297	0.375	59.301	
1298	0.350	59.400	
1299	0.330	59.433	
1300	0.270	59.499	
1301	0.265	59.532	
1302	0.230	59.631	
1303	0.230	59.664	
1304	0.275	59.763	
1305	0.275	59.796	
1306	0.275	59.895	
1307	0.280	59.928	
1308	0.270	60.027	
1309	0.260	60.060	
1310	0.235	60.159	
1311	0.230	60.193	
1312	0.255	60.260	
1313	0.255	60.291	
1314	0.270	60.390	
1315	0.280	60.423	
1316	0.275	60.489	
1317	0.280	60.522	
1318	0.240	60.621	
1319	0.235	60.654	
1320	0.225	60.721	
1321	0.220	60.753	
1322	0.220	60.854	
1323	0.210	60.885	
1324	0.230	60.984	
1325	0.250	61.017	
1326	0.470	61.084	
1327	0.370	61.116	
1328	0.420	61.215	
1329	0.440	61.248	
1330	0.425	61.348	
1331	0.410	61.380	
1332	0.355	61.447	
1333	0.355	61.479	
1334	0.390	61.578	
1335	0.400	61.611	
1336	0.430	61.679	
1337	0.425	61.710	
1338	0.440	61.809	
1339	0.440	61.842	
1340	0.415	61.941	
1341	0.410	61.975	
1342	0.390	62.073	
1343	0.395	62.106	
1344	0.380	62.172	
1345	0.380	62.205	
1346	0.375	62.305	
1347	0.360	62.337	
1348	0.305	62.436	
1349	0.300	62.469	
1350	0.290	62.535	
1351	0.290	62.568	
1352	0.300	62.667	
1353	0.310	62.700	
1354	0.315	62.766	
1355	0.315	62.799	
1356	0.315	62.898	
1357	0.315	62.931	
1358	0.310	63.030	
1359	0.305	63.063	
1360	0.310	63.129	
1361	0.310	63.162	
1362	0.310	63.261	
1363	0.315	63.295	
1364	0.315	63.393	
1365	0.315	63.426	
1366	0.315	63.492	
1367	0.315	63.525	
1368	0.320	63.625	
1369	0.320	63.657	
1370	0.320	63.756	
1371	0.320	63.789	
1372	0.320	63.855	
1373	0.320	63.889	
1374	0.325	63.987	
1375	0.325	64.020	
1376	0.325	64.119	
1377	0.325	64.152	
1378	0.325	64.218	
1379	0.325	64.251	
1380	0.325	64.350	
1381	0.325	64.383	
1382	0.325	64.450	
1383	0.325	64.482	
1384	0.325	64.581	
1385	0.325	64.615	
1386	0.325	64.713	
1387	0.330	64.746	
1388	0.330	64.812	
1389	0.330	64.845	
1390	0.330	64.944	
1391	0.325	64.978	
1392	0.320	65.076	
1393	0.320	65.109	
1394	0.320	65.208	
1395	0.320	65.242	
