2/17/2022  11:37 AM
Units: Ncm
Readings: Continuous
X-Axis: Time

Reading	Load	Time	
1	0.005	0.000	
2	0.005	0.099	
3	0.005	0.132	
4	0.005	0.165	
5	0.005	0.198	
6	0.005	0.234	
7	0.005	0.265	
8	0.005	0.297	
9	0.005	0.330	
10	0.005	0.363	
11	0.005	0.396	
12	0.005	0.430	
13	0.005	0.463	
14	0.005	0.496	
15	0.005	0.528	
16	0.005	0.561	
17	0.005	0.594	
18	0.005	0.628	
19	0.005	0.660	
20	0.005	0.693	
21	0.005	0.726	
22	0.005	0.759	
23	0.005	0.792	
24	0.005	0.825	
25	0.005	0.858	
26	0.005	0.892	
27	0.005	0.924	
28	0.005	0.957	
29	0.005	0.990	
30	0.005	1.023	
31	0.005	1.056	
32	0.005	1.089	
33	0.005	1.122	
34	0.005	1.155	
35	0.005	1.189	
36	0.005	1.221	
37	0.005	1.254	
38	0.005	1.287	
39	0.005	1.320	
40	0.005	1.353	
41	0.005	1.386	
42	0.005	1.419	
43	0.005	1.452	
44	0.005	1.485	
45	0.005	1.518	
46	0.005	1.551	
47	0.005	1.585	
48	0.005	1.618	
49	0.005	1.650	
50	0.005	1.683	
51	0.005	1.716	
52	0.005	1.749	
53	0.005	1.782	
54	0.005	1.815	
55	0.005	1.848	
56	0.005	1.881	
57	0.005	1.914	
58	0.005	1.947	
59	0.005	1.981	
60	0.005	2.013	
61	0.005	2.046	
62	0.005	2.079	
63	0.000	2.112	
64	-0.005	2.145	
65	-0.005	2.178	
66	-0.100	2.212	
67	-0.125	2.244	
68	-0.255	2.310	
69	-0.315	2.343	
70	-0.330	2.376	
71	-0.290	2.409	
72	-0.315	2.442	
73	-0.340	2.475	
74	-0.360	2.508	
75	-0.380	2.542	
76	-0.390	2.607	
77	-0.375	2.640	
78	-0.360	2.673	
79	-0.360	2.707	
80	-0.360	2.739	
81	-0.355	2.772	
82	-0.345	2.805	
83	-0.330	2.838	
84	-0.315	2.871	
85	-0.310	2.904	
86	-0.315	2.937	
87	-0.315	2.970	
88	-0.310	3.003	
89	-0.305	3.036	
90	-0.320	3.069	
91	-0.335	3.104	
92	-0.335	3.135	
93	-0.325	3.169	
94	-0.335	3.201	
95	-0.360	3.234	
96	-0.365	3.267	
97	-0.365	3.300	
98	-0.375	3.333	
99	-0.385	3.366	
100	-0.395	3.399	
101	-0.380	3.432	
102	-0.375	3.466	
103	-0.385	3.498	
104	-0.395	3.531	
105	-0.395	3.564	
106	-0.395	3.597	
107	-0.395	3.630	
108	-0.405	3.663	
109	-0.395	3.696	
110	-0.390	3.729	
111	-0.390	3.762	
112	-0.405	3.795	
113	-0.405	3.828	
114	-0.395	3.861	
115	-0.390	3.894	
116	-0.400	3.927	
117	-0.400	3.960	
118	-0.385	3.993	
119	-0.375	4.026	
120	-0.385	4.059	
121	-0.405	4.093	
122	-0.420	4.125	
123	-0.415	4.158	
124	-0.415	4.191	
125	-0.425	4.225	
126	-0.425	4.257	
127	-0.410	4.290	
128	-0.405	4.323	
129	-0.420	4.356	
130	-0.425	4.390	
131	-0.420	4.422	
132	-0.415	4.455	
133	-0.425	4.488	
134	-0.440	4.521	
135	-0.435	4.554	
136	-0.415	4.620	
137	-0.425	4.653	
138	-0.425	4.686	
139	-0.410	4.719	
140	-0.400	4.752	
141	-0.395	4.785	
142	-0.385	4.818	
143	-0.375	4.851	
144	-0.360	4.884	
145	-0.355	4.917	
146	-0.350	4.950	
147	-0.350	4.984	
148	-0.345	5.016	
149	-0.345	5.049	
150	-0.355	5.082	
151	-0.350	5.115	
152	-0.340	5.148	
153	-0.345	5.181	
154	-0.355	5.214	
155	-0.355	5.247	
156	-0.340	5.280	
157	-0.330	5.313	
158	-0.320	5.346	
159	-0.315	5.379	
160	-0.290	5.412	
161	-0.270	5.445	
162	-0.260	5.478	
163	-0.260	5.511	
164	-0.250	5.544	
165	-0.245	5.577	
166	-0.240	5.610	
167	-0.245	5.643	
168	-0.240	5.676	
169	-0.225	5.709	
170	-0.220	5.743	
171	-0.225	5.775	
172	-0.225	5.809	
173	-0.225	5.841	
174	-0.225	5.874	
175	-0.230	5.907	
176	-0.235	5.940	
177	-0.240	5.973	
178	-0.240	6.006	
179	-0.240	6.039	
180	-0.245	6.072	
181	-0.250	6.105	
182	-0.240	6.138	
183	-0.245	6.171	
184	-0.260	6.204	
185	-0.260	6.237	
186	-0.265	6.270	
187	-0.265	6.303	
188	-0.275	6.336	
189	-0.280	6.369	
190	-0.280	6.402	
191	-0.285	6.435	
192	-0.295	6.468	
193	-0.305	6.501	
194	-0.305	6.536	
195	-0.290	6.567	
196	-0.290	6.600	
197	-0.305	6.634	
198	-0.315	6.666	
199	-0.310	6.700	
200	-0.310	6.732	
201	-0.320	6.765	
202	-0.325	6.798	
203	-0.315	6.832	
204	-0.305	6.864	
205	-0.310	6.897	
206	-0.320	6.930	
207	-0.325	6.963	
208	-0.320	6.996	
209	-0.320	7.029	
210	-0.330	7.062	
211	-0.330	7.095	
212	-0.330	7.128	
213	-0.325	7.161	
214	-0.335	7.194	
215	-0.345	7.227	
216	-0.345	7.260	
217	-0.345	7.293	
218	-0.350	7.326	
219	-0.365	7.359	
220	-0.365	7.393	
221	-0.350	7.425	
222	-0.350	7.458	
223	-0.360	7.492	
224	-0.360	7.524	
225	-0.355	7.557	
226	-0.350	7.591	
227	-0.350	7.623	
228	-0.350	7.656	
229	-0.345	7.689	
230	-0.340	7.722	
231	-0.345	7.755	
232	-0.350	7.788	
233	-0.345	7.821	
234	-0.335	7.854	
235	-0.330	7.888	
236	-0.335	7.920	
237	-0.325	7.953	
238	-0.305	7.986	
239	-0.295	8.019	
240	-0.295	8.053	
241	-0.290	8.085	
242	-0.275	8.119	
243	-0.255	8.151	
244	-0.245	8.184	
245	-0.240	8.217	
246	-0.230	8.250	
247	-0.220	8.283	
248	-0.220	8.316	
249	-0.220	8.350	
250	-0.215	8.382	
251	-0.215	8.415	
252	-0.215	8.448	
253	-0.215	8.481	
254	-0.210	8.514	
255	-0.210	8.548	
256	-0.205	8.580	
257	-0.210	8.613	
258	-0.215	8.647	
259	-0.215	8.679	
260	-0.215	8.713	
261	-0.215	8.745	
262	-0.230	8.779	
263	-0.230	8.811	
264	-0.225	8.844	
265	-0.225	8.877	
266	-0.240	8.910	
267	-0.250	8.943	
268	-0.255	8.976	
269	-0.260	9.009	
270	-0.270	9.042	
271	-0.270	9.075	
272	-0.270	9.108	
273	-0.255	9.141	
274	-0.250	9.174	
275	-0.260	9.207	
276	-0.260	9.240	
277	-0.255	9.273	
278	-0.265	9.307	
279	-0.265	9.339	
280	-0.265	9.374	
281	-0.265	9.405	
282	-0.280	9.439	
283	-0.275	9.471	
284	-0.285	9.504	
285	-0.280	9.537	
286	-0.270	9.570	
287	-0.275	9.603	
288	-0.280	9.636	
289	-0.275	9.669	
290	-0.270	9.702	
291	-0.270	9.735	
292	-0.285	9.768	
293	-0.290	9.801	
294	-0.285	9.834	
295	-0.290	9.867	
296	-0.310	9.900	
297	-0.320	9.933	
298	-0.320	9.966	
299	-0.315	9.999	
300	-0.335	10.032	
301	-0.345	10.065	
302	-0.350	10.131	
303	-0.365	10.164	
304	-0.380	10.230	
305	-0.370	10.263	
306	-0.365	10.296	
307	-0.375	10.329	
308	-0.380	10.362	
309	-0.370	10.396	
310	-0.370	10.429	
311	-0.370	10.461	
312	-0.360	10.494	
313	-0.350	10.527	
314	-0.345	10.560	
315	-0.360	10.593	
316	-0.370	10.626	
317	-0.365	10.659	
318	-0.360	10.692	
319	-0.345	10.725	
320	-0.345	10.758	
321	-0.305	10.792	
322	-0.300	10.825	
323	-0.285	10.858	
324	-0.285	10.890	
325	-0.265	10.925	
326	-0.260	10.956	
327	-0.240	11.022	
328	-0.235	11.055	
329	-0.220	11.122	
330	-0.215	11.154	
331	-0.215	11.220	
332	-0.210	11.253	
333	-0.215	11.320	
334	-0.215	11.352	
335	-0.220	11.418	
336	-0.220	11.451	
337	-0.220	11.517	
338	-0.215	11.551	
339	-0.215	11.584	
340	-0.220	11.649	
341	-0.215	11.683	
342	-0.215	11.715	
343	-0.230	11.781	
344	-0.235	11.814	
345	-0.240	11.880	
346	-0.245	11.914	
347	-0.255	11.946	
348	-0.250	12.014	
349	-0.255	12.045	
350	-0.255	12.111	
351	-0.255	12.144	
352	-0.260	12.178	
353	-0.260	12.210	
354	-0.255	12.276	
355	-0.265	12.310	
356	-0.265	12.375	
357	-0.265	12.410	
358	-0.265	12.442	
359	-0.275	12.507	
360	-0.265	12.541	
361	-0.280	12.606	
362	-0.280	12.639	
363	-0.285	12.705	
364	-0.290	12.738	
365	-0.285	12.804	
366	-0.285	12.837	
367	-0.315	12.903	
368	-0.320	12.936	
369	-0.330	13.002	
370	-0.350	13.036	
371	-0.345	13.101	
372	-0.335	13.134	
373	-0.355	13.200	
374	-0.350	13.233	
375	-0.345	13.266	
376	-0.345	13.332	
377	-0.335	13.365	
378	-0.340	13.431	
379	-0.355	13.465	
380	-0.335	13.530	
381	-0.330	13.564	
382	-0.325	13.597	
383	-0.295	13.662	
384	-0.270	13.695	
385	-0.260	13.761	
386	-0.245	13.794	
387	-0.230	13.860	
388	-0.225	13.893	
389	-0.215	13.959	
390	-0.215	13.992	
391	-0.210	14.058	
392	-0.210	14.091	
393	-0.210	14.190	
394	-0.200	14.224	
395	-0.205	14.289	
396	-0.210	14.322	
397	-0.205	14.388	
398	-0.210	14.422	
399	-0.220	14.487	
400	-0.220	14.520	
401	-0.225	14.586	
402	-0.240	14.619	
403	-0.250	14.685	
404	-0.260	14.718	
405	-0.260	14.785	
406	-0.250	14.817	
407	-0.245	14.883	
408	-0.255	14.916	
409	-0.245	14.982	
410	-0.250	15.015	
411	-0.255	15.081	
412	-0.250	15.115	
413	-0.255	15.180	
414	-0.250	15.213	
415	-0.245	15.280	
416	-0.250	15.312	
417	-0.245	15.378	
418	-0.245	15.411	
419	-0.260	15.477	
420	-0.260	15.511	
421	-0.265	15.576	
422	-0.275	15.609	
423	-0.270	15.675	
424	-0.280	15.709	
425	-0.305	15.774	
426	-0.305	15.807	
427	-0.325	15.874	
428	-0.335	15.906	
429	-0.310	15.972	
430	-0.320	16.005	
431	-0.330	16.072	
432	-0.325	16.104	
433	-0.335	16.171	
434	-0.330	16.203	
435	-0.330	16.269	
436	-0.345	16.303	
437	-0.345	16.368	
438	-0.340	16.401	
439	-0.320	16.467	
440	-0.305	16.501	
441	-0.270	16.567	
442	-0.275	16.599	
443	-0.240	16.666	
444	-0.235	16.698	
445	-0.225	16.765	
446	-0.220	16.798	
447	-0.215	16.863	
448	-0.220	16.896	
449	-0.205	16.963	
450	-0.210	16.995	
451	-0.210	17.061	
452	-0.205	17.094	
453	-0.205	17.160	
454	-0.205	17.193	
455	-0.200	17.260	
456	-0.205	17.292	
457	-0.215	17.358	
458	-0.210	17.391	
459	-0.240	17.457	
460	-0.245	17.490	
461	-0.255	17.556	
462	-0.260	17.590	
463	-0.260	17.656	
464	-0.265	17.688	
465	-0.265	17.754	
466	-0.260	17.788	
467	-0.260	17.853	
468	-0.265	17.887	
469	-0.255	17.952	
470	-0.255	17.986	
471	-0.255	18.051	
472	-0.255	18.084	
473	-0.255	18.150	
474	-0.250	18.183	
475	-0.235	18.249	
476	-0.245	18.282	
477	-0.245	18.348	
478	-0.245	18.381	
479	-0.255	18.447	
480	-0.250	18.480	
481	-0.260	18.547	
482	-0.280	18.580	
483	-0.285	18.645	
484	-0.285	18.678	
485	-0.305	18.744	
486	-0.295	18.777	
487	-0.290	18.844	
488	-0.300	18.876	
489	-0.295	18.942	
490	-0.295	18.975	
491	-0.305	19.041	
492	-0.295	19.074	
493	-0.315	19.141	
494	-0.315	19.173	
495	-0.290	19.240	
496	-0.280	19.272	
497	-0.260	19.338	
498	-0.250	19.371	
499	-0.240	19.437	
500	-0.240	19.470	
501	-0.225	19.536	
502	-0.225	19.569	
503	-0.215	19.636	
504	-0.210	19.669	
505	-0.210	19.735	
506	-0.210	19.767	
507	-0.205	19.833	
508	-0.205	19.866	
509	-0.195	19.932	
510	-0.200	19.966	
511	-0.200	20.065	
512	-0.200	20.097	
513	-0.205	20.163	
514	-0.205	20.196	
515	-0.210	20.262	
516	-0.220	20.295	
517	-0.235	20.361	
518	-0.235	20.394	
519	-0.255	20.461	
520	-0.250	20.493	
521	-0.245	20.559	
522	-0.255	20.592	
523	-0.245	20.658	
524	-0.245	20.691	
525	-0.250	20.757	
526	-0.250	20.791	
527	-0.250	20.856	
528	-0.250	20.889	
529	-0.245	20.955	
530	-0.245	20.988	
531	-0.240	21.054	
532	-0.240	21.087	
533	-0.250	21.154	
534	-0.250	21.186	
535	-0.250	21.253	
536	-0.255	21.285	
537	-0.260	21.351	
538	-0.260	21.384	
539	-0.285	21.450	
540	-0.285	21.483	
541	-0.305	21.549	
542	-0.310	21.582	
543	-0.295	21.649	
544	-0.295	21.681	
545	-0.305	21.747	
546	-0.305	21.780	
547	-0.315	21.846	
548	-0.315	21.879	
549	-0.325	21.945	
550	-0.330	21.979	
551	-0.320	22.044	
552	-0.310	22.077	
553	-0.305	22.143	
554	-0.295	22.176	
555	-0.265	22.243	
556	-0.265	22.275	
557	-0.245	22.342	
558	-0.235	22.374	
559	-0.225	22.440	
560	-0.225	22.474	
561	-0.215	22.540	
562	-0.215	22.572	
563	-0.210	22.638	
564	-0.205	22.671	
565	-0.200	22.737	
566	-0.200	22.770	
567	-0.210	22.836	
568	-0.210	22.869	
569	-0.210	22.935	
570	-0.210	22.968	
571	-0.205	23.034	
572	-0.205	23.067	
573	-0.225	23.134	
574	-0.240	23.166	
575	-0.255	23.232	
576	-0.260	23.265	
577	-0.260	23.332	
578	-0.255	23.364	
579	-0.260	23.430	
580	-0.260	23.464	
581	-0.245	23.529	
582	-0.250	23.562	
583	-0.245	23.628	
584	-0.245	23.661	
585	-0.250	23.727	
586	-0.250	23.760	
587	-0.245	23.827	
588	-0.245	23.859	
589	-0.235	23.925	
590	-0.240	23.958	
591	-0.245	24.025	
592	-0.245	24.058	
593	-0.255	24.123	
594	-0.255	24.156	
595	-0.260	24.222	
596	-0.275	24.255	
597	-0.285	24.321	
598	-0.280	24.354	
599	-0.310	24.420	
600	-0.310	24.453	
601	-0.295	24.520	
602	-0.305	24.553	
603	-0.300	24.618	
604	-0.300	24.651	
605	-0.305	24.718	
606	-0.305	24.750	
607	-0.320	24.816	
608	-0.330	24.849	
609	-0.295	24.915	
610	-0.285	24.948	
611	-0.265	25.014	
612	-0.255	25.047	
613	-0.250	25.113	
614	-0.245	25.146	
615	-0.225	25.212	
616	-0.225	25.245	
617	-0.215	25.311	
618	-0.215	25.344	
619	-0.210	25.410	
620	-0.205	25.443	
621	-0.200	25.509	
622	-0.200	25.542	
623	-0.195	25.608	
624	-0.195	25.641	
625	-0.200	25.708	
626	-0.195	25.740	
627	-0.200	25.806	
628	-0.200	25.839	
629	-0.200	25.905	
630	-0.205	25.939	
631	-0.240	26.004	
632	-0.250	26.037	
633	-0.270	26.104	
634	-0.275	26.136	
635	-0.255	26.203	
636	-0.250	26.235	
637	-0.240	26.302	
638	-0.240	26.334	
639	-0.235	26.400	
640	-0.235	26.433	
641	-0.235	26.500	
642	-0.235	26.532	
643	-0.230	26.598	
644	-0.230	26.632	
645	-0.225	26.697	
646	-0.225	26.731	
647	-0.225	26.796	
648	-0.230	26.829	
649	-0.225	26.895	
650	-0.230	26.928	
651	-0.245	26.995	
652	-0.240	27.028	
653	-0.270	27.094	
654	-0.280	27.126	
655	-0.285	27.192	
656	-0.290	27.225	
657	-0.305	27.292	
658	-0.295	27.325	
659	-0.290	27.391	
660	-0.290	27.423	
661	-0.300	27.489	
662	-0.310	27.523	
663	-0.330	27.588	
664	-0.320	27.622	
665	-0.325	27.687	
666	-0.315	27.720	
667	-0.280	27.787	
668	-0.285	27.819	
669	-0.260	27.885	
670	-0.255	27.918	
671	-0.260	27.985	
672	-0.250	28.017	
673	-0.250	28.083	
674	-0.250	28.116	
675	-0.240	28.182	
676	-0.235	28.216	
677	-0.235	28.281	
678	-0.230	28.314	
679	-0.235	28.381	
680	-0.235	28.413	
681	-0.235	28.479	
682	-0.240	28.512	
683	-0.240	28.578	
684	-0.240	28.611	
685	-0.250	28.677	
686	-0.255	28.710	
687	-0.265	28.776	
688	-0.265	28.809	
689	-0.280	28.875	
690	-0.280	28.908	
691	-0.300	28.974	
692	-0.295	29.007	
693	-0.295	29.073	
694	-0.295	29.106	
695	-0.315	29.172	
696	-0.320	29.205	
697	-0.335	29.271	
698	-0.335	29.304	
699	-0.345	29.370	
700	-0.340	29.403	
701	-0.340	29.469	
702	-0.340	29.502	
703	-0.350	29.568	
704	-0.350	29.601	
705	-0.345	29.667	
706	-0.340	29.700	
707	-0.340	29.767	
708	-0.340	29.799	
709	-0.340	29.865	
710	-0.340	29.898	
711	-0.355	29.964	
712	-0.350	29.997	
713	-0.360	30.063	
714	-0.365	30.096	
715	-0.355	30.162	
716	-0.360	30.195	
717	-0.360	30.261	
718	-0.360	30.294	
719	-0.380	30.360	
720	-0.390	30.393	
721	-0.395	30.460	
722	-0.395	30.492	
723	-0.405	30.558	
724	-0.410	30.591	
725	-0.405	30.657	
726	-0.405	30.690	
727	-0.400	30.756	
728	-0.400	30.790	
729	-0.395	30.855	
730	-0.390	30.888	
731	-0.385	30.954	
732	-0.390	30.987	
733	-0.400	31.053	
734	-0.405	31.087	
735	-0.415	31.152	
736	-0.415	31.185	
737	-0.415	31.251	
738	-0.415	31.284	
739	-0.405	31.350	
740	-0.400	31.383	
741	-0.400	31.449	
742	-0.405	31.482	
743	-0.415	31.548	
744	-0.425	31.581	
745	-0.440	31.647	
746	-0.440	31.680	
747	-0.465	31.747	
748	-0.465	31.779	
749	-0.475	31.845	
750	-0.485	31.878	
751	-0.480	31.945	
752	-0.480	31.977	
753	-0.485	32.043	
754	-0.485	32.076	
755	-0.490	32.142	
756	-0.490	32.175	
757	-0.475	32.241	
758	-0.475	32.274	
759	-0.470	32.341	
760	-0.470	32.374	
761	-0.455	32.440	
762	-0.455	32.473	
763	-0.440	32.538	
764	-0.425	32.572	
765	-0.265	32.637	
766	-0.075	32.670	
767	0.050	32.736	
768	0.050	32.769	
769	0.030	32.835	
770	0.045	32.868	
771	0.045	32.935	
772	0.040	32.967	
773	0.045	33.033	
774	0.045	33.066	
775	0.140	33.132	
776	0.290	33.165	
777	0.400	33.231	
778	0.330	33.264	
779	0.350	33.363	
780	0.320	33.397	
781	0.285	33.462	
782	0.280	33.495	
783	0.310	33.561	
784	0.305	33.594	
785	0.310	33.660	
786	0.325	33.693	
787	0.350	33.760	
788	0.365	33.793	
789	0.395	33.859	
790	0.395	33.892	
791	0.390	33.957	
792	0.390	33.990	
793	0.465	34.056	
794	0.405	34.089	
795	0.370	34.188	
796	0.365	34.221	
797	0.365	34.287	
798	0.355	34.320	
799	0.360	34.386	
800	0.355	34.420	
801	0.305	34.518	
802	0.310	34.552	
803	0.290	34.617	
804	0.295	34.650	
805	0.295	34.716	
806	0.290	34.749	
807	0.375	34.816	
808	0.405	34.848	
809	0.350	34.914	
810	0.360	34.947	
811	0.340	35.014	
812	0.310	35.047	
813	0.295	35.112	
814	0.295	35.145	
815	0.240	35.211	
816	0.245	35.245	
817	0.190	35.310	
818	0.180	35.343	
819	0.195	35.410	
820	0.195	35.443	
821	0.190	35.509	
822	0.195	35.541	
823	0.145	35.607	
824	0.145	35.640	
825	0.145	35.707	
826	0.140	35.740	
827	0.145	35.805	
828	0.150	35.838	
829	0.125	35.905	
830	0.135	35.937	
831	0.150	36.003	
832	0.145	36.036	
833	0.185	36.102	
834	0.180	36.136	
835	0.180	36.201	
836	0.190	36.235	
837	0.210	36.300	
838	0.210	36.333	
839	0.235	36.399	
840	0.220	36.432	
841	0.185	36.498	
842	0.190	36.532	
843	0.185	36.597	
844	0.180	36.630	
845	0.205	36.696	
846	0.200	36.729	
847	0.210	36.795	
848	0.225	36.828	
849	0.235	36.895	
850	0.250	36.927	
851	0.265	36.993	
852	0.260	37.027	
853	0.285	37.092	
854	0.300	37.125	
855	0.290	37.191	
856	0.300	37.224	
857	0.285	37.290	
858	0.270	37.323	
859	0.255	37.390	
860	0.255	37.423	
861	0.235	37.489	
862	0.235	37.522	
863	0.210	37.588	
864	0.200	37.620	
865	0.210	37.686	
866	0.210	37.719	
867	0.230	37.785	
868	0.240	37.818	
869	0.225	37.884	
870	0.225	37.917	
871	0.255	37.983	
872	0.250	38.016	
873	0.255	38.082	
874	0.160	38.115	
875	0.145	38.181	
876	0.130	38.214	
877	0.125	38.281	
878	0.115	38.314	
879	0.120	38.380	
880	0.110	38.412	
881	0.070	38.478	
882	0.065	38.511	
883	0.060	38.577	
884	0.060	38.611	
885	0.075	38.676	
886	0.070	38.710	
887	0.070	38.775	
888	0.075	38.809	
889	0.085	38.875	
890	0.090	38.907	
891	0.125	38.973	
892	0.125	39.006	
893	0.155	39.072	
894	0.165	39.106	
895	0.180	39.171	
896	0.195	39.205	
897	0.190	39.270	
898	0.180	39.303	
899	0.180	39.369	
900	0.180	39.402	
901	0.180	39.469	
902	0.185	39.502	
903	0.185	39.567	
904	0.180	39.600	
905	0.210	39.666	
906	0.215	39.699	
907	0.245	39.765	
908	0.260	39.798	
909	0.265	39.865	
910	0.265	39.897	
911	0.300	39.963	
912	0.300	39.996	
913	0.305	40.062	
914	0.315	40.095	
915	0.250	40.161	
916	0.250	40.194	
917	0.250	40.260	
918	0.235	40.293	
919	0.240	40.359	
920	0.240	40.392	
921	0.190	40.458	
922	0.195	40.491	
923	0.205	40.557	
924	0.195	40.590	
925	0.230	40.656	
926	0.225	40.689	
927	0.210	40.755	
928	0.215	40.788	
929	0.220	40.854	
930	0.215	40.887	
931	0.125	40.953	
932	0.200	40.986	
933	0.130	41.052	
934	0.130	41.085	
935	0.105	41.151	
936	0.110	41.185	
937	0.100	41.250	
938	0.090	41.283	
939	0.060	41.349	
940	0.060	41.382	
941	0.050	41.448	
942	0.060	41.481	
943	0.065	41.547	
944	0.065	41.581	
945	0.085	41.646	
946	0.095	41.679	
947	0.110	41.745	
948	0.110	41.778	
949	0.130	41.844	
950	0.125	41.877	
951	0.175	41.943	
952	0.180	41.976	
953	0.210	42.042	
954	0.220	42.075	
955	0.185	42.141	
956	0.175	42.174	
957	0.175	42.241	
958	0.170	42.273	
959	0.175	42.339	
960	0.175	42.372	
961	0.155	42.438	
962	0.155	42.471	
963	0.185	42.537	
964	0.180	42.570	
965	0.240	42.636	
966	0.240	42.669	
967	0.225	42.735	
968	0.230	42.769	
969	0.275	42.834	
970	0.265	42.868	
971	0.290	42.933	
972	0.280	42.967	
973	0.230	43.032	
974	0.225	43.065	
975	0.120	43.131	
976	0.190	43.165	
977	0.210	43.230	
978	0.200	43.263	
979	0.165	43.329	
980	0.170	43.363	
981	0.170	43.428	
982	0.180	43.461	
983	0.210	43.527	
984	0.205	43.561	
985	0.220	43.626	
986	0.230	43.659	
987	0.225	43.725	
988	0.235	43.758	
989	0.190	43.825	
990	0.175	43.858	
991	0.130	43.923	
992	0.125	43.956	
993	0.105	44.022	
994	0.110	44.056	
995	0.080	44.121	
996	0.075	44.154	
997	0.070	44.220	
998	0.070	44.253	
999	0.065	44.319	
1000	0.070	44.352	
1001	0.060	44.418	
1002	0.065	44.451	
1003	0.080	44.518	
1004	0.080	44.550	
1005	0.095	44.616	
1006	0.100	44.649	
1007	0.090	44.716	
1008	0.095	44.748	
1009	0.140	44.814	
1010	0.140	44.847	
1011	0.190	44.914	
1012	0.185	44.946	
1013	0.150	45.012	
1014	0.150	45.045	
1015	0.150	45.111	
1016	0.145	45.144	
1017	0.160	45.211	
1018	0.155	45.243	
1019	0.150	45.309	
1020	0.155	45.342	
1021	0.180	45.409	
1022	0.185	45.441	
1023	0.230	45.508	
1024	0.230	45.541	
1025	0.225	45.606	
1026	0.235	45.639	
1027	0.250	45.705	
1028	0.255	45.738	
1029	0.255	45.804	
1030	0.245	45.837	
1031	0.210	45.904	
1032	0.215	45.936	
1033	0.190	46.002	
1034	0.195	46.035	
1035	0.185	46.101	
1036	0.180	46.134	
1037	0.180	46.200	
1038	0.190	46.233	
1039	0.210	46.299	
1040	0.215	46.332	
1041	0.200	46.398	
1042	0.195	46.431	
1043	0.210	46.498	
1044	0.210	46.530	
1045	0.215	46.596	
1046	0.220	46.629	
1047	0.145	46.696	
1048	0.135	46.729	
1049	0.120	46.794	
1050	0.115	46.827	
1051	0.125	46.894	
1052	0.120	46.926	
1053	0.070	46.992	
1054	0.065	47.026	
1055	0.065	47.091	
1056	0.060	47.124	
1057	0.085	47.190	
1058	0.085	47.223	
1059	0.080	47.289	
1060	0.080	47.323	
1061	0.110	47.389	
1062	0.110	47.421	
1063	0.155	47.488	
1064	0.150	47.520	
1065	0.165	47.587	
1066	0.170	47.619	
1067	0.205	47.685	
1068	0.215	47.718	
1069	0.260	47.784	
1070	0.255	47.817	
1071	0.205	47.883	
1072	0.210	47.916	
1073	0.190	47.982	
1074	0.195	48.015	
1075	0.200	48.081	
1076	0.195	48.114	
1077	0.185	48.180	
1078	0.195	48.213	
1079	0.225	48.279	
1080	0.235	48.312	
1081	0.265	48.378	
1082	0.265	48.412	
1083	0.300	48.478	
1084	0.310	48.510	
1085	0.305	48.577	
1086	0.315	48.609	
1087	0.280	48.675	
1088	0.275	48.708	
1089	0.270	48.775	
1090	0.260	48.808	
1091	0.225	48.873	
1092	0.235	48.907	
1093	0.185	48.973	
1094	0.185	49.005	
1095	0.190	49.071	
1096	0.185	49.104	
1097	0.200	49.170	
1098	0.205	49.203	
1099	0.185	49.269	
1100	0.190	49.302	
1101	0.230	49.369	
1102	0.225	49.401	
1103	0.235	49.468	
1104	0.140	49.501	
1105	0.145	49.567	
1106	0.140	49.599	
1107	0.125	49.665	
1108	0.120	49.699	
1109	0.110	49.764	
1110	0.110	49.797	
1111	0.070	49.864	
1112	0.070	49.896	
1113	0.070	49.962	
1114	0.070	49.995	
1115	0.080	50.061	
1116	0.080	50.095	
1117	0.085	50.160	
1118	0.090	50.193	
1119	0.100	50.259	
1120	0.105	50.292	
1121	0.125	50.358	
1122	0.125	50.391	
1123	0.160	50.457	
1124	0.170	50.490	
1125	0.215	50.556	
1126	0.225	50.589	
1127	0.240	50.655	
1128	0.240	50.689	
1129	0.240	50.755	
1130	0.235	50.787	
1131	0.210	50.853	
1132	0.215	50.886	
1133	0.175	50.952	
1134	0.170	50.986	
1135	0.205	51.051	
1136	0.205	51.084	
1137	0.265	51.151	
1138	0.355	51.183	
1139	0.280	51.249	
1140	0.280	51.282	
1141	0.330	51.348	
1142	0.325	51.382	
1143	0.320	51.447	
1144	0.320	51.480	
1145	0.255	51.546	
1146	0.250	51.579	
1147	0.225	51.645	
1148	0.220	51.678	
1149	0.230	51.744	
1150	0.220	51.777	
1151	0.190	51.843	
1152	0.190	51.876	
1153	0.180	51.943	
1154	0.175	51.975	
1155	0.195	52.042	
1156	0.190	52.075	
1157	0.190	52.140	
1158	0.200	52.174	
1159	0.195	52.239	
1160	0.195	52.272	
1161	0.170	52.339	
1162	0.165	52.372	
1163	0.145	52.438	
1164	0.140	52.470	
1165	0.110	52.536	
1166	0.115	52.569	
1167	0.090	52.635	
1168	0.085	52.669	
1169	0.075	52.735	
1170	0.075	52.767	
1171	0.070	52.834	
1172	0.075	52.867	
1173	0.080	52.932	
1174	0.080	52.965	
1175	0.105	53.031	
1176	0.110	53.065	
1177	0.115	53.131	
1178	0.120	53.164	
1179	0.120	53.229	
1180	0.125	53.263	
1181	0.185	53.328	
1182	0.185	53.361	
1183	0.315	53.427	
1184	0.250	53.460	
1185	0.230	53.526	
1186	0.230	53.559	
1187	0.205	53.626	
1188	0.200	53.658	
1189	0.190	53.726	
1190	0.185	53.757	
1191	0.155	53.823	
1192	0.155	53.857	
1193	0.175	53.922	
1194	0.175	53.955	
1195	0.225	54.022	
1196	0.225	54.054	
1197	0.225	54.120	
1198	0.230	54.153	
1199	0.265	54.219	
1200	0.265	54.253	
1201	0.280	54.318	
1202	0.275	54.351	
1203	0.225	54.417	
1204	0.230	54.450	
1205	0.200	54.517	
1206	0.200	54.549	
1207	0.200	54.617	
1208	0.200	54.648	
1209	0.190	54.748	
1210	0.200	54.781	
1211	0.195	54.847	
1212	0.200	54.879	
1213	0.165	54.945	
1214	0.165	54.978	
1215	0.195	55.077	
1216	0.190	55.110	
1217	0.180	55.210	
1218	0.160	55.242	
1219	0.155	55.309	
1220	0.160	55.341	
1221	0.155	55.408	
1222	0.150	55.440	
1223	0.105	55.507	
1224	0.105	55.539	
1225	0.105	55.605	
1226	0.105	55.638	
1227	0.110	55.705	
1228	0.110	55.737	
1229	0.100	55.804	
1230	0.100	55.836	
1231	0.115	55.902	
1232	0.110	55.935	
1233	0.135	56.002	
1234	0.140	56.034	
1235	0.140	56.101	
1236	0.140	56.133	
1237	0.180	56.199	
1238	0.180	56.233	
1239	0.250	56.299	
1240	0.250	56.331	
1241	0.225	56.398	
1242	0.230	56.430	
1243	0.200	56.497	
1244	0.195	56.529	
1245	0.195	56.628	
1246	0.170	56.661	
1247	0.170	56.728	
1248	0.170	56.760	
1249	0.180	56.827	
1250	0.185	56.859	
1251	0.185	56.958	
1252	0.195	56.991	
1253	0.230	57.057	
1254	0.230	57.091	
1255	0.250	57.156	
1256	0.245	57.189	
1257	0.195	57.289	
1258	0.200	57.321	
1259	0.180	57.387	
1260	0.180	57.420	
1261	0.150	57.519	
1262	0.145	57.552	
1263	0.150	57.620	
1264	0.150	57.652	
1265	0.215	57.751	
1266	0.220	57.783	
1267	0.255	57.882	
1268	0.155	57.915	
1269	0.310	57.982	
1270	0.230	58.014	
1271	0.185	58.113	
1272	0.165	58.146	
1273	0.140	58.214	
1274	0.145	58.245	
1275	0.135	58.345	
1276	0.105	58.377	
1277	0.110	58.444	
1278	0.105	58.476	
1279	0.110	58.575	
1280	0.110	58.608	
1281	0.105	58.674	
1282	0.110	58.707	
1283	0.125	58.806	
1284	0.135	58.839	
1285	0.135	58.938	
1286	0.140	58.971	
1287	0.185	59.037	
1288	0.185	59.070	
1289	0.250	59.170	
1290	0.250	59.202	
1291	0.230	59.269	
1292	0.230	59.301	
1293	0.190	59.401	
1294	0.200	59.433	
1295	0.150	59.532	
1296	0.150	59.565	
1297	0.175	59.664	
1298	0.205	59.697	
1299	0.215	59.796	
1300	0.215	59.829	
1301	0.245	59.928	
1302	0.255	59.961	
1303	0.245	60.028	
1304	0.140	60.060	
1305	0.205	60.159	
1306	0.195	60.192	
1307	0.205	60.291	
1308	0.195	60.324	
1309	0.160	60.423	
1310	0.175	60.456	
1311	0.180	60.524	
1312	0.180	60.555	
1313	0.175	60.654	
1314	0.180	60.687	
1315	0.215	60.787	
1316	0.235	60.819	
1317	0.100	60.918	
1318	0.175	60.951	
1319	0.155	61.017	
1320	0.155	61.050	
1321	0.160	61.149	
1322	0.140	61.182	
1323	0.105	61.281	
1324	0.110	61.314	
1325	0.105	61.380	
1326	0.110	61.413	
1327	0.095	61.512	
1328	0.105	61.545	
1329	0.130	61.644	
1330	0.145	61.677	
1331	0.145	61.743	
1332	0.145	61.776	
1333	0.175	61.875	
1334	0.185	61.908	
1335	0.225	62.007	
1336	0.245	62.040	
1337	0.245	62.139	
1338	0.230	62.172	
1339	0.220	62.271	
1340	0.225	62.304	
1341	0.225	62.403	
1342	0.215	62.436	
1343	0.205	62.535	
1344	0.205	62.568	
1345	0.190	62.667	
1346	0.185	62.700	
1347	0.175	62.800	
1348	0.170	62.832	
1349	0.170	62.931	
1350	0.170	62.964	
1351	0.165	63.033	
1352	0.165	63.063	
1353	0.165	63.162	
1354	0.165	63.195	
1355	0.165	63.261	
1356	0.165	63.294	
1357	0.165	63.393	
1358	0.165	63.426	
1359	0.155	63.525	
1360	0.155	63.558	
1361	0.155	63.657	
1362	0.155	63.690	
1363	0.155	63.789	
1364	0.155	63.822	
1365	0.155	63.921	
1366	0.160	63.954	
1367	0.160	64.022	
1368	0.160	64.053	
1369	0.160	64.152	
1370	0.160	64.185	
1371	0.150	64.284	
1372	0.150	64.317	
1373	0.150	64.385	
1374	0.150	64.416	
1375	0.150	64.515	
1376	0.150	64.548	
1377	0.145	64.614	
1378	0.145	64.647	
1379	0.145	64.746	
1380	0.145	64.779	
1381	0.140	64.878	
1382	0.140	64.911	
1383	0.140	65.010	
1384	0.140	65.043	
1385	0.140	65.142	
1386	0.140	65.175	
1387	0.135	65.274	
1388	0.135	65.307	
1389	0.135	65.373	
1390	0.135	65.406	
1391	0.140	65.505	
1392	0.135	65.538	
1393	0.135	65.604	
1394	0.135	65.637	
1395	0.130	65.736	
1396	0.135	65.769	
1397	0.130	65.868	
1398	0.130	65.901	
1399	0.130	65.967	
1400	0.130	66.000	
1401	0.130	66.100	
1402	0.130	66.132	
1403	0.130	66.231	
1404	0.130	66.264	
1405	0.130	66.332	
1406	0.130	66.363	
1407	0.130	66.462	
1408	0.130	66.495	
1409	0.130	66.595	
1410	0.130	66.627	
1411	0.130	66.727	
1412	0.130	66.759	
1413	0.130	66.858	
1414	0.130	66.891	
1415	0.130	66.959	
1416	0.130	66.990	
1417	0.130	67.089	
1418	0.130	67.122	
1419	0.130	67.221	
1420	0.130	67.254	
1421	0.130	67.322	
1422	0.130	67.353	
1423	0.130	67.452	
1424	0.130	67.485	
1425	0.130	67.584	
1426	0.130	67.617	
1427	0.130	67.684	
1428	0.130	67.716	
1429	0.130	67.815	
1430	0.130	67.848	
1431	0.130	67.947	
1432	0.130	67.980	
1433	0.130	68.079	
1434	0.130	68.112	
1435	0.130	68.212	
1436	0.130	68.244	
1437	0.130	68.343	
1438	0.130	68.376	
1439	0.130	68.475	
1440	0.130	68.508	
1441	0.125	68.607	
1442	0.130	68.640	
1443	0.125	68.740	
1444	0.125	68.772	
1445	0.125	68.871	
1446	0.125	68.904	
1447	0.125	69.003	
1448	0.125	69.036	
1449	0.125	69.135	
1450	0.125	69.168	
1451	0.125	69.267	
1452	0.125	69.301	
1453	0.125	69.400	
1454	0.125	69.432	
1455	0.125	69.531	
1456	0.125	69.564	
1457	0.125	69.663	
1458	0.125	69.696	
1459	0.125	69.795	
1460	0.125	69.828	
1461	0.125	69.896	
1462	0.125	69.927	
1463	0.125	70.026	
1464	0.125	70.059	
1465	0.125	70.159	
1466	0.125	70.191	
1467	0.125	70.257	
1468	0.125	70.290	
1469	0.125	70.390	
1470	0.125	70.422	
1471	0.120	70.521	
1472	0.125	70.554	
1473	0.125	70.622	
1474	0.125	70.653	
1475	0.125	70.752	
1476	0.125	70.785	
1477	0.120	70.885	
1478	0.115	70.917	
1479	0.105	71.016	
1480	0.100	71.049	
1481	0.105	71.148	
1482	0.095	71.182	
1483	0.090	71.281	
1484	0.075	71.313	
1485	0.075	71.413	
1486	0.070	71.445	
1487	0.070	71.544	
1488	0.070	71.577	
1489	0.065	71.645	
1490	0.065	71.676	
1491	0.070	71.775	
1492	0.070	71.808	
1493	0.070	71.876	
1494	0.065	71.907	
1495	0.070	72.006	
1496	0.070	72.039	
1497	0.070	72.138	
1498	0.070	72.171	
1499	0.070	72.239	
1500	0.070	72.270	
1501	0.070	72.370	
1502	0.070	72.402	
1503	0.070	72.501	
1504	0.070	72.534	
1505	0.070	72.633	
1506	0.070	72.666	
1507	0.070	72.765	
1508	0.070	72.798	
1509	0.070	72.897	
1510	0.070	72.930	
1511	0.070	73.030	
1512	0.070	73.062	
1513	0.070	73.161	
1514	0.070	73.194	
1515	0.070	73.294	
1516	0.070	73.326	
1517	0.070	73.392	
1518	0.070	73.426	
1519	0.070	73.524	
1520	0.070	73.557	
1521	0.070	73.656	
1522	0.070	73.689	
1523	0.070	73.789	
1524	0.070	73.821	
1525	0.070	73.921	
1526	0.070	73.953	
1527	0.070	74.052	
1528	0.070	74.085	
1529	0.070	74.184	
1530	0.070	74.217	
1531	0.070	74.316	
1532	0.070	74.349	
1533	0.070	74.448	
1534	0.070	74.481	
