2/17/2022  11:32 AM
Units: Ncm
Readings: Continuous
X-Axis: Time

Reading	Load	Time	
1	0.000	0.000	
2	0.000	0.099	
3	0.000	0.131	
4	0.000	0.165	
5	0.000	0.197	
6	0.000	0.230	
7	0.000	0.263	
8	0.000	0.296	
9	0.000	0.329	
10	0.000	0.362	
11	0.000	0.395	
12	0.000	0.429	
13	0.000	0.461	
14	0.000	0.494	
15	0.000	0.527	
16	0.000	0.560	
17	0.000	0.593	
18	0.000	0.627	
19	0.000	0.659	
20	0.000	0.692	
21	0.000	0.726	
22	0.000	0.792	
23	0.000	0.824	
24	0.000	0.890	
25	0.000	0.923	
26	0.000	0.956	
27	0.000	0.990	
28	0.000	1.022	
29	0.000	1.055	
30	0.000	1.089	
31	0.000	1.121	
32	0.000	1.154	
33	0.000	1.187	
34	0.000	1.220	
35	0.000	1.253	
36	0.000	1.287	
37	0.000	1.320	
38	0.000	1.352	
39	0.000	1.385	
40	0.000	1.418	
41	0.000	1.452	
42	0.000	1.484	
43	0.000	1.517	
44	0.000	1.550	
45	0.000	1.583	
46	0.000	1.616	
47	0.000	1.650	
48	0.000	1.682	
49	0.000	1.715	
50	0.000	1.749	
51	0.000	1.781	
52	0.000	1.814	
53	0.000	1.847	
54	0.000	1.880	
55	0.000	1.914	
56	0.000	1.946	
57	0.000	1.980	
58	0.000	2.012	
59	0.000	2.045	
60	0.000	2.078	
61	0.000	2.111	
62	0.000	2.144	
63	0.000	2.177	
64	0.000	2.210	
65	0.000	2.243	
66	0.000	2.276	
67	0.000	2.309	
68	0.000	2.342	
69	0.000	2.375	
70	-0.005	2.408	
71	-0.005	2.442	
72	-0.015	2.476	
73	-0.020	2.507	
74	-0.060	2.573	
75	-0.075	2.606	
76	-0.095	2.640	
77	-0.135	2.705	
78	-0.155	2.738	
79	-0.190	2.772	
80	-0.195	2.804	
81	-0.200	2.837	
82	-0.195	2.870	
83	-0.200	2.903	
84	-0.200	2.936	
85	-0.200	2.969	
86	-0.200	3.002	
87	-0.200	3.035	
88	-0.200	3.069	
89	-0.195	3.101	
90	-0.195	3.134	
91	-0.195	3.167	
92	-0.195	3.200	
93	-0.200	3.233	
94	-0.205	3.266	
95	-0.215	3.299	
96	-0.225	3.332	
97	-0.225	3.365	
98	-0.225	3.431	
99	-0.235	3.464	
100	-0.250	3.530	
101	-0.255	3.563	
102	-0.255	3.629	
103	-0.255	3.663	
104	-0.245	3.695	
105	-0.245	3.728	
106	-0.240	3.761	
107	-0.230	3.794	
108	-0.225	3.827	
109	-0.215	3.860	
110	-0.210	3.893	
111	-0.210	3.926	
112	-0.220	3.960	
113	-0.225	3.992	
114	-0.225	4.025	
115	-0.225	4.058	
116	-0.215	4.091	
117	-0.205	4.124	
118	-0.200	4.157	
119	-0.205	4.190	
120	-0.205	4.223	
121	-0.205	4.256	
122	-0.205	4.290	
123	-0.210	4.323	
124	-0.205	4.355	
125	-0.195	4.388	
126	-0.190	4.422	
127	-0.185	4.454	
128	-0.185	4.487	
129	-0.180	4.520	
130	-0.175	4.553	
131	-0.170	4.586	
132	-0.170	4.619	
133	-0.170	4.652	
134	-0.175	4.685	
135	-0.180	4.719	
136	-0.190	4.751	
137	-0.195	4.784	
138	-0.195	4.817	
139	-0.180	4.850	
140	-0.175	4.883	
141	-0.180	4.916	
142	-0.175	4.949	
143	-0.150	4.982	
144	-0.145	5.015	
145	-0.140	5.048	
146	-0.145	5.081	
147	-0.150	5.114	
148	-0.155	5.147	
149	-0.155	5.180	
150	-0.160	5.213	
151	-0.160	5.246	
152	-0.160	5.280	
153	-0.155	5.312	
154	-0.155	5.345	
155	-0.160	5.378	
156	-0.160	5.411	
157	-0.160	5.444	
158	-0.150	5.477	
159	-0.150	5.510	
160	-0.150	5.543	
161	-0.150	5.576	
162	-0.150	5.609	
163	-0.150	5.642	
164	-0.150	5.675	
165	-0.150	5.709	
166	-0.150	5.741	
167	-0.145	5.774	
168	-0.145	5.807	
169	-0.145	5.840	
170	-0.145	5.873	
171	-0.145	5.906	
172	-0.145	5.939	
173	-0.150	5.972	
174	-0.155	6.005	
175	-0.155	6.038	
176	-0.160	6.072	
177	-0.170	6.104	
178	-0.175	6.137	
179	-0.175	6.170	
180	-0.175	6.203	
181	-0.170	6.236	
182	-0.175	6.269	
183	-0.175	6.302	
184	-0.180	6.335	
185	-0.190	6.369	
186	-0.205	6.401	
187	-0.220	6.434	
188	-0.230	6.467	
189	-0.235	6.500	
190	-0.235	6.533	
191	-0.250	6.566	
192	-0.250	6.600	
193	-0.240	6.632	
194	-0.240	6.665	
195	-0.240	6.699	
196	-0.225	6.731	
197	-0.215	6.764	
198	-0.205	6.797	
199	-0.200	6.830	
200	-0.195	6.864	
201	-0.195	6.897	
202	-0.185	6.929	
203	-0.175	6.962	
204	-0.175	6.995	
205	-0.170	7.029	
206	-0.165	7.061	
207	-0.165	7.096	
208	-0.165	7.127	
209	-0.160	7.160	
210	-0.155	7.193	
211	-0.155	7.226	
212	-0.155	7.260	
213	-0.155	7.292	
214	-0.150	7.325	
215	-0.145	7.359	
216	-0.150	7.391	
217	-0.155	7.424	
218	-0.155	7.457	
219	-0.160	7.490	
220	-0.160	7.524	
221	-0.165	7.556	
222	-0.180	7.590	
223	-0.180	7.623	
224	-0.175	7.656	
225	-0.165	7.688	
226	-0.150	7.721	
227	-0.140	7.754	
228	-0.135	7.787	
229	-0.125	7.820	
230	-0.120	7.853	
231	-0.120	7.886	
232	-0.125	7.919	
233	-0.125	7.952	
234	-0.130	7.985	
235	-0.135	8.018	
236	-0.140	8.052	
237	-0.140	8.084	
238	-0.145	8.117	
239	-0.145	8.151	
240	-0.145	8.183	
241	-0.145	8.216	
242	-0.145	8.249	
243	-0.145	8.282	
244	-0.145	8.315	
245	-0.145	8.348	
246	-0.145	8.381	
247	-0.145	8.414	
248	-0.145	8.447	
249	-0.145	8.481	
250	-0.140	8.513	
251	-0.145	8.546	
252	-0.145	8.579	
253	-0.140	8.612	
254	-0.140	8.645	
255	-0.140	8.678	
256	-0.140	8.711	
257	-0.140	8.745	
258	-0.140	8.777	
259	-0.135	8.810	
260	-0.135	8.844	
261	-0.140	8.876	
262	-0.140	8.909	
263	-0.150	8.942	
264	-0.155	8.975	
265	-0.155	9.008	
266	-0.155	9.041	
267	-0.150	9.074	
268	-0.150	9.108	
269	-0.155	9.141	
270	-0.160	9.173	
271	-0.165	9.206	
272	-0.165	9.239	
273	-0.175	9.272	
274	-0.185	9.305	
275	-0.195	9.338	
276	-0.200	9.371	
277	-0.200	9.404	
278	-0.210	9.437	
279	-0.210	9.471	
280	-0.205	9.503	
281	-0.200	9.536	
282	-0.200	9.569	
283	-0.195	9.603	
284	-0.185	9.636	
285	-0.175	9.668	
286	-0.170	9.702	
287	-0.170	9.734	
288	-0.160	9.767	
289	-0.150	9.801	
290	-0.145	9.833	
291	-0.140	9.899	
292	-0.140	9.932	
293	-0.130	9.965	
294	-0.130	9.998	
295	-0.130	10.031	
296	-0.125	10.064	
297	-0.120	10.131	
298	-0.125	10.163	
299	-0.125	10.229	
300	-0.125	10.262	
301	-0.120	10.295	
302	-0.120	10.328	
303	-0.125	10.363	
304	-0.130	10.394	
305	-0.135	10.461	
306	-0.130	10.493	
307	-0.120	10.560	
308	-0.120	10.592	
309	-0.115	10.626	
310	-0.115	10.659	
311	-0.115	10.692	
312	-0.110	10.724	
313	-0.120	10.790	
314	-0.125	10.823	
315	-0.135	10.890	
316	-0.135	10.922	
317	-0.140	10.988	
318	-0.140	11.021	
319	-0.145	11.087	
320	-0.145	11.120	
321	-0.145	11.154	
322	-0.140	11.187	
323	-0.140	11.220	
324	-0.140	11.285	
325	-0.135	11.318	
326	-0.140	11.385	
327	-0.140	11.417	
328	-0.135	11.483	
329	-0.135	11.517	
330	-0.140	11.550	
331	-0.135	11.615	
332	-0.135	11.648	
333	-0.135	11.714	
334	-0.135	11.747	
335	-0.140	11.781	
336	-0.145	11.813	
337	-0.150	11.880	
338	-0.145	11.912	
339	-0.145	11.978	
340	-0.150	12.011	
341	-0.155	12.077	
342	-0.155	12.111	
343	-0.165	12.143	
344	-0.180	12.210	
345	-0.180	12.242	
346	-0.190	12.308	
347	-0.190	12.341	
348	-0.185	12.407	
349	-0.180	12.441	
350	-0.175	12.474	
351	-0.175	12.506	
352	-0.170	12.572	
353	-0.170	12.605	
354	-0.170	12.671	
355	-0.160	12.704	
356	-0.155	12.770	
357	-0.150	12.803	
358	-0.150	12.870	
359	-0.150	12.902	
360	-0.140	12.969	
361	-0.135	13.001	
362	-0.135	13.067	
363	-0.135	13.100	
364	-0.130	13.133	
365	-0.130	13.166	
366	-0.125	13.199	
367	-0.125	13.232	
368	-0.130	13.265	
369	-0.130	13.298	
370	-0.125	13.331	
371	-0.120	13.364	
372	-0.115	13.398	
373	-0.115	13.430	
374	-0.115	13.465	
375	-0.115	13.496	
376	-0.115	13.562	
377	-0.115	13.596	
378	-0.120	13.661	
379	-0.125	13.694	
380	-0.135	13.761	
381	-0.135	13.793	
382	-0.140	13.860	
383	-0.140	13.892	
384	-0.145	13.958	
385	-0.140	13.991	
386	-0.135	14.057	
387	-0.135	14.090	
388	-0.135	14.156	
389	-0.135	14.189	
390	-0.130	14.255	
391	-0.130	14.288	
392	-0.130	14.355	
393	-0.130	14.387	
394	-0.130	14.453	
395	-0.130	14.487	
396	-0.130	14.552	
397	-0.130	14.585	
398	-0.140	14.651	
399	-0.145	14.684	
400	-0.140	14.750	
401	-0.140	14.783	
402	-0.140	14.849	
403	-0.145	14.882	
404	-0.155	14.948	
405	-0.160	14.981	
406	-0.175	15.048	
407	-0.175	15.081	
408	-0.185	15.146	
409	-0.180	15.179	
410	-0.185	15.245	
411	-0.180	15.278	
412	-0.165	15.344	
413	-0.170	15.377	
414	-0.165	15.443	
415	-0.155	15.476	
416	-0.140	15.542	
417	-0.140	15.576	
418	-0.130	15.641	
419	-0.130	15.674	
420	-0.125	15.741	
421	-0.120	15.773	
422	-0.120	15.840	
423	-0.115	15.873	
424	-0.115	15.938	
425	-0.120	15.971	
426	-0.120	16.037	
427	-0.115	16.070	
428	-0.120	16.136	
429	-0.120	16.169	
430	-0.115	16.236	
431	-0.115	16.269	
432	-0.100	16.367	
433	-0.105	16.400	
434	-0.110	16.466	
435	-0.110	16.499	
436	-0.125	16.565	
437	-0.130	16.599	
438	-0.135	16.665	
439	-0.130	16.697	
440	-0.135	16.763	
441	-0.135	16.796	
442	-0.135	16.862	
443	-0.135	16.896	
444	-0.130	16.961	
445	-0.130	16.994	
446	-0.125	17.060	
447	-0.125	17.093	
448	-0.125	17.160	
449	-0.125	17.192	
450	-0.125	17.258	
451	-0.125	17.291	
452	-0.125	17.358	
453	-0.125	17.391	
454	-0.125	17.456	
455	-0.130	17.490	
456	-0.135	17.556	
457	-0.135	17.588	
458	-0.140	17.687	
459	-0.145	17.720	
460	-0.160	17.820	
461	-0.165	17.852	
462	-0.180	17.918	
463	-0.190	17.951	
464	-0.185	18.017	
465	-0.185	18.051	
466	-0.175	18.116	
467	-0.170	18.149	
468	-0.160	18.215	
469	-0.155	18.248	
470	-0.140	18.314	
471	-0.140	18.348	
472	-0.125	18.414	
473	-0.125	18.446	
474	-0.120	18.513	
475	-0.125	18.545	
476	-0.115	18.611	
477	-0.115	18.644	
478	-0.120	18.710	
479	-0.115	18.743	
480	-0.125	18.809	
481	-0.125	18.842	
482	-0.120	18.909	
483	-0.120	18.941	
484	-0.120	19.007	
485	-0.120	19.041	
486	-0.120	19.106	
487	-0.120	19.139	
488	-0.110	19.205	
489	-0.105	19.238	
490	-0.105	19.304	
491	-0.105	19.337	
492	-0.115	19.403	
493	-0.120	19.436	
494	-0.125	19.503	
495	-0.120	19.535	
496	-0.125	19.601	
497	-0.130	19.634	
498	-0.130	19.701	
499	-0.135	19.733	
500	-0.130	19.800	
501	-0.130	19.832	
502	-0.125	19.898	
503	-0.130	19.931	
504	-0.125	19.997	
505	-0.120	20.030	
506	-0.125	20.096	
507	-0.125	20.129	
508	-0.120	20.195	
509	-0.120	20.229	
510	-0.125	20.295	
511	-0.125	20.327	
512	-0.130	20.393	
513	-0.130	20.426	
514	-0.130	20.492	
515	-0.130	20.525	
516	-0.135	20.591	
517	-0.140	20.624	
518	-0.155	20.691	
519	-0.160	20.724	
520	-0.165	20.789	
521	-0.175	20.822	
522	-0.180	20.888	
523	-0.175	20.921	
524	-0.170	20.987	
525	-0.170	21.020	
526	-0.165	21.086	
527	-0.160	21.119	
528	-0.150	21.186	
529	-0.145	21.218	
530	-0.145	21.284	
531	-0.140	21.317	
532	-0.130	21.383	
533	-0.120	21.417	
534	-0.115	21.482	
535	-0.115	21.516	
536	-0.120	21.581	
537	-0.120	21.614	
538	-0.125	21.680	
539	-0.120	21.713	
540	-0.120	21.779	
541	-0.130	21.812	
542	-0.125	21.878	
543	-0.125	21.911	
544	-0.115	21.977	
545	-0.115	22.010	
546	-0.105	22.076	
547	-0.105	22.109	
548	-0.110	22.175	
549	-0.115	22.208	
550	-0.120	22.274	
551	-0.120	22.307	
552	-0.125	22.373	
553	-0.125	22.406	
554	-0.130	22.472	
555	-0.130	22.506	
556	-0.135	22.571	
557	-0.130	22.604	
558	-0.130	22.671	
559	-0.130	22.704	
560	-0.125	22.769	
561	-0.125	22.802	
562	-0.125	22.869	
563	-0.125	22.901	
564	-0.125	22.967	
565	-0.125	23.000	
566	-0.125	23.066	
567	-0.125	23.099	
568	-0.125	23.166	
569	-0.125	23.198	
570	-0.125	23.264	
571	-0.125	23.297	
572	-0.125	23.363	
573	-0.130	23.396	
574	-0.135	23.462	
575	-0.140	23.496	
576	-0.155	23.561	
577	-0.160	23.594	
578	-0.185	23.660	
579	-0.185	23.694	
580	-0.185	23.759	
581	-0.185	23.792	
582	-0.170	23.858	
583	-0.170	23.891	
584	-0.160	23.957	
585	-0.160	23.990	
586	-0.140	24.056	
587	-0.140	24.090	
588	-0.140	24.155	
589	-0.140	24.189	
590	-0.140	24.254	
591	-0.140	24.287	
592	-0.135	24.354	
593	-0.135	24.387	
594	-0.130	24.453	
595	-0.130	24.485	
596	-0.135	24.552	
597	-0.135	24.584	
598	-0.145	24.650	
599	-0.150	24.684	
600	-0.135	24.749	
601	-0.130	24.782	
602	-0.120	24.848	
603	-0.115	24.881	
604	-0.110	24.947	
605	-0.110	24.980	
606	-0.115	25.046	
607	-0.115	25.079	
608	-0.125	25.145	
609	-0.125	25.178	
610	-0.125	25.244	
611	-0.130	25.277	
612	-0.130	25.343	
613	-0.130	25.376	
614	-0.125	25.442	
615	-0.125	25.476	
616	-0.125	25.541	
617	-0.125	25.574	
618	-0.120	25.640	
619	-0.120	25.673	
620	-0.115	25.739	
621	-0.115	25.773	
622	-0.115	25.838	
623	-0.115	25.871	
624	-0.120	25.937	
625	-0.120	25.971	
626	-0.120	26.036	
627	-0.120	26.069	
628	-0.120	26.135	
629	-0.120	26.169	
630	-0.125	26.234	
631	-0.125	26.267	
632	-0.135	26.333	
633	-0.140	26.366	
634	-0.145	26.432	
635	-0.150	26.465	
636	-0.165	26.531	
637	-0.160	26.564	
638	-0.160	26.630	
639	-0.160	26.664	
640	-0.155	26.729	
641	-0.155	26.763	
642	-0.150	26.828	
643	-0.140	26.861	
644	-0.125	26.927	
645	-0.120	26.960	
646	-0.115	27.026	
647	-0.115	27.060	
648	-0.115	27.126	
649	-0.115	27.158	
650	-0.110	27.225	
651	-0.110	27.257	
652	-0.115	27.323	
653	-0.120	27.356	
654	-0.125	27.423	
655	-0.125	27.456	
656	-0.130	27.521	
657	-0.130	27.554	
658	-0.125	27.621	
659	-0.130	27.654	
660	-0.125	27.720	
661	-0.120	27.753	
662	-0.120	27.819	
663	-0.120	27.851	
664	-0.125	27.917	
665	-0.125	27.950	
666	-0.125	28.016	
667	-0.125	28.049	
668	-0.125	28.115	
669	-0.125	28.148	
670	-0.125	28.215	
671	-0.125	28.248	
672	-0.125	28.314	
673	-0.125	28.346	
674	-0.125	28.412	
675	-0.120	28.445	
676	-0.115	28.512	
677	-0.115	28.544	
678	-0.110	28.610	
679	-0.110	28.643	
680	-0.110	28.709	
681	-0.115	28.742	
682	-0.120	28.808	
683	-0.120	28.842	
684	-0.120	28.907	
685	-0.120	28.941	
686	-0.115	29.006	
687	-0.115	29.039	
688	-0.125	29.105	
689	-0.130	29.138	
690	-0.155	29.205	
691	-0.150	29.237	
692	-0.150	29.303	
693	-0.155	29.336	
694	-0.160	29.402	
695	-0.160	29.435	
696	-0.155	29.534	
697	-0.155	29.567	
698	-0.145	29.634	
699	-0.145	29.667	
700	-0.130	29.732	
701	-0.125	29.765	
702	-0.125	29.831	
703	-0.125	29.864	
704	-0.130	29.930	
705	-0.130	29.964	
706	-0.130	30.030	
707	-0.130	30.062	
708	-0.125	30.129	
709	-0.125	30.161	
710	-0.130	30.227	
711	-0.130	30.260	
712	-0.130	30.327	
713	-0.130	30.360	
714	-0.125	30.425	
715	-0.130	30.458	
716	-0.125	30.524	
717	-0.125	30.557	
718	-0.115	30.623	
719	-0.115	30.656	
720	-0.125	30.723	
721	-0.125	30.755	
722	-0.130	30.821	
723	-0.130	30.854	
724	-0.130	30.921	
725	-0.130	30.953	
726	-0.125	31.020	
727	-0.125	31.052	
728	-0.125	31.118	
729	-0.125	31.152	
730	-0.130	31.217	
731	-0.130	31.250	
732	-0.125	31.316	
733	-0.125	31.349	
734	-0.115	31.417	
735	-0.115	31.448	
736	-0.115	31.514	
737	-0.115	31.548	
738	-0.120	31.614	
739	-0.120	31.646	
740	-0.120	31.712	
741	-0.120	31.746	
742	-0.120	31.811	
743	-0.120	31.844	
744	-0.110	31.911	
745	-0.110	31.943	
746	-0.105	32.010	
747	-0.100	32.042	
748	-0.100	32.109	
749	-0.100	32.142	
750	-0.095	32.207	
751	-0.090	32.241	
752	-0.090	32.307	
753	-0.085	32.339	
754	-0.075	32.405	
755	-0.075	32.438	
756	-0.070	32.505	
757	-0.070	32.537	
758	-0.055	32.603	
759	-0.055	32.636	
760	-0.045	32.702	
761	-0.035	32.735	
762	-0.015	32.802	
763	-0.015	32.834	
764	-0.010	32.900	
765	-0.005	32.933	
766	0.025	33.000	
767	0.035	33.032	
768	0.070	33.099	
769	0.080	33.131	
770	0.120	33.230	
771	0.125	33.263	
772	0.130	33.331	
773	0.125	33.362	
774	0.130	33.428	
775	0.130	33.461	
776	0.135	33.528	
777	0.140	33.561	
778	0.130	33.626	
779	0.135	33.659	
780	0.145	33.725	
781	0.145	33.758	
782	0.160	33.824	
783	0.160	33.857	
784	0.170	33.923	
785	0.175	33.956	
786	0.185	34.023	
787	0.195	34.055	
788	0.225	34.155	
789	0.240	34.187	
790	0.235	34.253	
791	0.240	34.286	
792	0.240	34.352	
793	0.235	34.385	
794	0.240	34.484	
795	0.230	34.517	
796	0.230	34.583	
797	0.230	34.616	
798	0.210	34.682	
799	0.210	34.715	
800	0.200	34.781	
801	0.195	34.814	
802	0.200	34.880	
803	0.200	34.913	
804	0.180	34.980	
805	0.180	35.012	
806	0.160	35.078	
807	0.155	35.112	
808	0.150	35.177	
809	0.145	35.210	
810	0.140	35.277	
811	0.145	35.309	
812	0.140	35.375	
813	0.145	35.408	
814	0.155	35.474	
815	0.155	35.507	
816	0.150	35.573	
817	0.150	35.606	
818	0.145	35.672	
819	0.150	35.705	
820	0.150	35.771	
821	0.150	35.804	
822	0.155	35.870	
823	0.150	35.903	
824	0.150	35.970	
825	0.150	36.002	
826	0.155	36.068	
827	0.155	36.101	
828	0.155	36.167	
829	0.155	36.200	
830	0.165	36.266	
831	0.160	36.299	
832	0.160	36.366	
833	0.165	36.398	
834	0.175	36.464	
835	0.170	36.497	
836	0.180	36.564	
837	0.180	36.596	
838	0.180	36.662	
839	0.190	36.695	
840	0.200	36.761	
841	0.195	36.794	
842	0.205	36.861	
843	0.215	36.893	
844	0.215	36.959	
845	0.225	36.993	
846	0.225	37.058	
847	0.230	37.092	
848	0.250	37.157	
849	0.250	37.190	
850	0.240	37.256	
851	0.250	37.289	
852	0.230	37.355	
853	0.220	37.388	
854	0.250	37.454	
855	0.250	37.488	
856	0.225	37.554	
857	0.220	37.586	
858	0.200	37.653	
859	0.195	37.685	
860	0.185	37.752	
861	0.180	37.784	
862	0.170	37.850	
863	0.165	37.883	
864	0.160	37.949	
865	0.155	37.982	
866	0.150	38.048	
867	0.155	38.081	
868	0.145	38.147	
869	0.065	38.180	
870	0.145	38.246	
871	0.140	38.279	
872	0.145	38.345	
873	0.155	38.378	
874	0.155	38.444	
875	0.145	38.477	
876	0.160	38.543	
877	0.155	38.576	
878	0.140	38.642	
879	0.150	38.675	
880	0.150	38.741	
881	0.140	38.774	
882	0.145	38.840	
883	0.155	38.873	
884	0.150	38.939	
885	0.150	38.972	
886	0.240	39.038	
887	0.155	39.071	
888	0.160	39.137	
889	0.170	39.170	
890	0.165	39.236	
891	0.090	39.269	
892	0.180	39.335	
893	0.175	39.368	
894	0.170	39.435	
895	0.180	39.467	
896	0.280	39.533	
897	0.195	39.567	
898	0.195	39.632	
899	0.195	39.665	
900	0.210	39.731	
901	0.215	39.764	
902	0.220	39.830	
903	0.215	39.863	
904	0.215	39.929	
905	0.220	39.962	
906	0.220	40.028	
907	0.220	40.062	
908	0.235	40.128	
909	0.230	40.160	
910	0.210	40.226	
911	0.220	40.259	
912	0.210	40.325	
913	0.205	40.358	
914	0.220	40.425	
915	0.205	40.457	
916	0.185	40.523	
917	0.190	40.557	
918	0.170	40.622	
919	0.165	40.655	
920	0.165	40.721	
921	0.160	40.754	
922	0.155	40.821	
923	0.160	40.853	
924	0.145	40.919	
925	0.145	40.952	
926	0.150	41.018	
927	0.145	41.051	
928	0.145	41.117	
929	0.155	41.150	
930	0.160	41.216	
931	0.155	41.250	
932	0.150	41.315	
933	0.150	41.348	
934	0.155	41.415	
935	0.155	41.447	
936	0.160	41.513	
937	0.150	41.547	
938	0.150	41.612	
939	0.155	41.646	
940	0.155	41.711	
941	0.155	41.744	
942	0.160	41.810	
943	0.150	41.845	
944	0.150	41.910	
945	0.160	41.943	
946	0.245	42.008	
947	0.075	42.041	
948	0.175	42.107	
949	0.170	42.140	
950	0.170	42.206	
951	0.180	42.239	
952	0.180	42.305	
953	0.180	42.338	
954	0.210	42.404	
955	0.205	42.438	
956	0.205	42.503	
957	0.205	42.536	
958	0.205	42.602	
959	0.195	42.635	
960	0.200	42.701	
961	0.200	42.734	
962	0.200	42.800	
963	0.200	42.833	
964	0.205	42.899	
965	0.200	42.932	
966	0.200	42.998	
967	0.205	43.032	
968	0.200	43.097	
969	0.205	43.131	
970	0.200	43.196	
971	0.200	43.229	
972	0.190	43.295	
973	0.190	43.328	
974	0.190	43.394	
975	0.185	43.427	
976	0.170	43.494	
977	0.165	43.526	
978	0.160	43.592	
979	0.165	43.625	
980	0.160	43.691	
981	0.155	43.724	
982	0.150	43.791	
983	0.150	43.823	
984	0.145	43.890	
985	0.155	43.923	
986	0.160	43.988	
987	0.150	44.021	
988	0.155	44.087	
989	0.160	44.121	
990	0.160	44.186	
991	0.165	44.219	
992	0.170	44.285	
993	0.160	44.318	
994	0.160	44.384	
995	0.165	44.417	
996	0.160	44.484	
997	0.160	44.517	
998	0.160	44.582	
999	0.160	44.615	
1000	0.160	44.681	
1001	0.165	44.714	
1002	0.165	44.780	
1003	0.160	44.813	
1004	0.170	44.880	
1005	0.160	44.913	
1006	0.180	44.978	
1007	0.275	45.011	
1008	0.185	45.077	
1009	0.180	45.110	
1010	0.180	45.176	
1011	0.175	45.209	
1012	0.200	45.275	
1013	0.200	45.308	
1014	0.200	45.374	
1015	0.200	45.407	
1016	0.205	45.473	
1017	0.210	45.506	
1018	0.205	45.572	
1019	0.205	45.606	
1020	0.220	45.671	
1021	0.215	45.704	
1022	0.205	45.770	
1023	0.205	45.804	
1024	0.200	45.869	
1025	0.200	45.902	
1026	0.215	45.968	
1027	0.215	46.001	
1028	0.205	46.067	
1029	0.205	46.100	
1030	0.195	46.166	
1031	0.200	46.199	
1032	0.200	46.265	
1033	0.190	46.298	
1034	0.180	46.364	
1035	0.185	46.397	
1036	0.170	46.463	
1037	0.165	46.496	
1038	0.155	46.562	
1039	0.145	46.595	
1040	0.155	46.661	
1041	0.160	46.694	
1042	0.160	46.761	
1043	0.155	46.793	
1044	0.155	46.859	
1045	0.155	46.892	
1046	0.170	46.958	
1047	0.170	46.992	
1048	0.175	47.057	
1049	0.170	47.090	
1050	0.175	47.156	
1051	0.175	47.189	
1052	0.170	47.255	
1053	0.170	47.288	
1054	0.165	47.354	
1055	0.160	47.387	
1056	0.160	47.453	
1057	0.170	47.486	
1058	0.170	47.553	
1059	0.165	47.585	
1060	0.170	47.652	
1061	0.165	47.685	
1062	0.245	47.750	
1063	0.275	47.784	
1064	0.270	47.850	
1065	0.175	47.882	
1066	0.185	47.949	
1067	0.185	47.982	
1068	0.195	48.047	
1069	0.275	48.081	
1070	0.205	48.146	
1071	0.200	48.179	
1072	0.205	48.245	
1073	0.205	48.278	
1074	0.210	48.344	
1075	0.215	48.377	
1076	0.205	48.443	
1077	0.200	48.476	
1078	0.210	48.542	
1079	0.210	48.575	
1080	0.210	48.641	
1081	0.215	48.674	
1082	0.210	48.740	
1083	0.210	48.773	
1084	0.210	48.839	
1085	0.210	48.872	
1086	0.210	48.938	
1087	0.215	48.971	
1088	0.195	49.038	
1089	0.190	49.070	
1090	0.185	49.137	
1091	0.190	49.169	
1092	0.190	49.235	
1093	0.185	49.268	
1094	0.175	49.335	
1095	0.170	49.367	
1096	0.160	49.434	
1097	0.165	49.466	
1098	0.170	49.532	
1099	0.170	49.566	
1100	0.165	49.631	
1101	0.165	49.665	
1102	0.170	49.730	
1103	0.175	49.763	
1104	0.175	49.829	
1105	0.170	49.863	
1106	0.165	49.928	
1107	0.170	49.961	
1108	0.260	50.027	
1109	0.180	50.061	
1110	0.165	50.127	
1111	0.160	50.160	
1112	0.170	50.225	
1113	0.175	50.258	
1114	0.175	50.324	
1115	0.180	50.358	
1116	0.170	50.423	
1117	0.070	50.456	
1118	0.175	50.523	
1119	0.265	50.555	
1120	0.190	50.621	
1121	0.190	50.655	
1122	0.190	50.720	
1123	0.190	50.753	
1124	0.090	50.820	
1125	0.275	50.852	
1126	0.200	50.918	
1127	0.200	50.951	
1128	0.105	51.018	
1129	0.190	51.051	
1130	0.275	51.117	
1131	0.270	51.149	
1132	0.205	51.216	
1133	0.195	51.249	
1134	0.195	51.314	
1135	0.200	51.348	
1136	0.210	51.413	
1137	0.210	51.446	
1138	0.140	51.512	
1139	0.210	51.545	
1140	0.215	51.611	
1141	0.210	51.644	
1142	0.205	51.710	
1143	0.205	51.744	
1144	0.200	51.809	
1145	0.090	51.843	
1146	0.180	51.909	
1147	0.185	51.941	
1148	0.180	52.007	
1149	0.185	52.041	
1150	0.185	52.106	
1151	0.080	52.139	
1152	0.170	52.205	
1153	0.170	52.238	
1154	0.165	52.305	
1155	0.165	52.337	
1156	0.160	52.403	
1157	0.160	52.436	
1158	0.180	52.503	
1159	0.180	52.535	
1160	0.180	52.602	
1161	0.100	52.634	
1162	0.170	52.701	
1163	0.170	52.734	
1164	0.180	52.799	
1165	0.180	52.832	
1166	0.105	52.898	
1167	0.180	52.931	
1168	0.165	52.997	
1169	0.175	53.030	
1170	0.180	53.096	
1171	0.180	53.130	
1172	0.080	53.195	
1173	0.085	53.229	
1174	0.175	53.295	
1175	0.260	53.327	
1176	0.185	53.394	
1177	0.190	53.426	
1178	0.095	53.493	
1179	0.085	53.525	
1180	0.310	53.591	
1181	0.195	53.624	
1182	0.215	53.690	
1183	0.215	53.723	
1184	0.120	53.789	
1185	0.125	53.823	
1186	0.205	53.888	
1187	0.205	53.921	
1188	0.210	53.988	
1189	0.205	54.020	
1190	0.200	54.087	
1191	0.200	54.119	
1192	0.215	54.185	
1193	0.215	54.218	
1194	0.205	54.285	
1195	0.210	54.317	
1196	0.215	54.383	
1197	0.215	54.416	
1198	0.230	54.482	
1199	0.230	54.516	
1200	0.220	54.581	
1201	0.225	54.614	
1202	0.210	54.680	
1203	0.205	54.713	
1204	0.200	54.780	
1205	0.200	54.812	
1206	0.190	54.878	
1207	0.190	54.911	
1208	0.175	54.977	
1209	0.170	55.011	
1210	0.160	55.076	
1211	0.165	55.110	
1212	0.160	55.175	
1213	0.165	55.208	
1214	0.170	55.274	
1215	0.175	55.307	
1216	0.170	55.374	
1217	0.175	55.407	
1218	0.185	55.472	
1219	0.180	55.505	
1220	0.185	55.571	
1221	0.185	55.604	
1222	0.175	55.671	
1223	0.170	55.704	
1224	0.175	55.770	
1225	0.175	55.802	
1226	0.180	55.869	
1227	0.185	55.901	
1228	0.180	55.967	
1229	0.185	56.000	
1230	0.190	56.066	
1231	0.185	56.099	
1232	0.280	56.165	
1233	0.295	56.198	
1234	0.060	56.265	
1235	0.070	56.298	
1236	0.325	56.363	
1237	0.205	56.396	
1238	0.220	56.462	
1239	0.305	56.496	
1240	0.200	56.561	
1241	0.120	56.594	
1242	0.200	56.660	
1243	0.195	56.693	
1244	0.205	56.759	
1245	0.215	56.792	
1246	0.205	56.858	
1247	0.205	56.891	
1248	0.215	56.957	
1249	0.210	56.990	
1250	0.210	57.056	
1251	0.215	57.089	
1252	0.210	57.155	
1253	0.205	57.188	
1254	0.205	57.254	
1255	0.200	57.287	
1256	0.200	57.354	
1257	0.200	57.386	
1258	0.205	57.452	
1259	0.200	57.485	
1260	0.195	57.551	
1261	0.190	57.584	
1262	0.190	57.650	
1263	0.195	57.683	
1264	0.195	57.749	
1265	0.190	57.782	
1266	0.180	57.849	
1267	0.180	57.881	
1268	0.160	57.947	
1269	0.160	57.981	
1270	0.175	58.046	
1271	0.175	58.080	
1272	0.180	58.145	
1273	0.185	58.178	
1274	0.180	58.244	
1275	0.175	58.277	
1276	0.190	58.343	
1277	0.190	58.376	
1278	0.110	58.442	
1279	0.185	58.475	
1280	0.180	58.542	
1281	0.175	58.574	
1282	0.175	58.640	
1283	0.265	58.673	
1284	0.190	58.740	
1285	0.115	58.772	
1286	0.195	58.839	
1287	0.195	58.871	
1288	0.200	58.938	
1289	0.205	58.970	
1290	0.290	59.036	
1291	0.130	59.069	
1292	0.290	59.135	
1293	0.210	59.168	
1294	0.130	59.236	
1295	0.225	59.274	
1296	0.120	59.399	
1297	0.295	59.432	
1298	0.305	59.531	
1299	0.205	59.564	
1300	0.100	59.630	
1301	0.110	59.664	
1302	0.190	59.731	
1303	0.275	59.762	
1304	0.195	59.830	
1305	0.195	59.861	
1306	0.210	59.961	
1307	0.210	59.993	
1308	0.215	60.092	
1309	0.215	60.125	
1310	0.235	60.225	
1311	0.230	60.257	
1312	0.240	60.324	
1313	0.245	60.356	
1314	0.215	60.424	
1315	0.210	60.455	
1316	0.190	60.555	
1317	0.185	60.587	
1318	0.175	60.653	
1319	0.170	60.686	
1320	0.170	60.752	
1321	0.180	60.786	
1322	0.185	60.851	
1323	0.180	60.885	
1324	0.210	60.950	
1325	0.205	60.983	
1326	0.235	61.051	
1327	0.235	61.082	
1328	0.225	61.181	
1329	0.215	61.214	
1330	0.205	61.280	
1331	0.205	61.313	
1332	0.185	61.379	
1333	0.195	61.413	
1334	0.190	61.478	
1335	0.100	61.511	
1336	0.190	61.577	
1337	0.195	61.610	
1338	0.190	61.677	
1339	0.200	61.709	
1340	0.210	61.809	
1341	0.210	61.841	
1342	0.220	61.907	
1343	0.210	61.940	
1344	0.220	62.040	
1345	0.240	62.072	
1346	0.220	62.140	
1347	0.225	62.171	
1348	0.200	62.270	
1349	0.205	62.303	
1350	0.195	62.370	
1351	0.190	62.402	
1352	0.185	62.502	
1353	0.185	62.534	
1354	0.170	62.600	
1355	0.170	62.633	
1356	0.170	62.732	
1357	0.165	62.765	
1358	0.160	62.833	
1359	0.160	62.864	
1360	0.155	62.963	
1361	0.155	62.996	
1362	0.150	63.063	
1363	0.150	63.095	
1364	0.150	63.195	
1365	0.150	63.227	
1366	0.150	63.293	
1367	0.150	63.327	
1368	0.150	63.392	
1369	0.150	63.426	
1370	0.150	63.493	
1371	0.150	63.524	
1372	0.150	63.623	
