2/17/2022  11:26 AM
Units: Ncm
Readings: Continuous
X-Axis: Time

Reading	Load	Time	
1	0.005	0.000	
2	0.005	0.132	
3	0.005	0.165	
4	0.005	0.198	
5	0.005	0.231	
6	0.005	0.265	
7	0.005	0.297	
8	0.005	0.331	
9	0.005	0.363	
10	0.005	0.396	
11	0.005	0.429	
12	0.005	0.462	
13	0.005	0.495	
14	0.005	0.528	
15	0.005	0.561	
16	0.005	0.594	
17	0.005	0.628	
18	0.005	0.660	
19	0.005	0.693	
20	0.005	0.726	
21	0.005	0.759	
22	0.005	0.792	
23	0.005	0.826	
24	0.005	0.858	
25	0.005	0.892	
26	0.005	0.957	
27	0.005	0.990	
28	0.005	1.023	
29	0.005	1.057	
30	0.005	1.089	
31	0.005	1.122	
32	0.005	1.155	
33	0.005	1.188	
34	0.005	1.221	
35	0.005	1.254	
36	0.005	1.288	
37	0.005	1.320	
38	0.005	1.353	
39	0.005	1.387	
40	0.005	1.419	
41	0.005	1.452	
42	0.005	1.485	
43	0.005	1.519	
44	0.005	1.551	
45	0.005	1.584	
46	0.005	1.618	
47	0.005	1.650	
48	0.005	1.683	
49	0.005	1.716	
50	0.005	1.749	
51	0.005	1.782	
52	0.005	1.815	
53	0.005	1.848	
54	0.005	1.881	
55	0.005	1.914	
56	0.005	1.947	
57	0.005	1.980	
58	0.005	2.014	
59	0.005	2.046	
60	0.005	2.079	
61	0.005	2.112	
62	0.005	2.145	
63	0.005	2.179	
64	0.005	2.211	
65	0.005	2.244	
66	0.005	2.277	
67	0.005	2.310	
68	0.000	2.343	
69	0.000	2.377	
70	0.000	2.409	
71	-0.005	2.442	
72	-0.015	2.476	
73	-0.020	2.509	
74	-0.020	2.542	
75	-0.040	2.575	
76	-0.045	2.607	
77	-0.070	2.674	
78	-0.080	2.706	
79	-0.100	2.739	
80	-0.110	2.772	
81	-0.120	2.807	
82	-0.125	2.838	
83	-0.135	2.904	
84	-0.145	2.938	
85	-0.160	3.003	
86	-0.160	3.036	
87	-0.155	3.070	
88	-0.155	3.102	
89	-0.150	3.136	
90	-0.145	3.168	
91	-0.140	3.201	
92	-0.135	3.234	
93	-0.140	3.268	
94	-0.145	3.301	
95	-0.150	3.333	
96	-0.155	3.366	
97	-0.170	3.399	
98	-0.175	3.433	
99	-0.190	3.499	
100	-0.190	3.532	
101	-0.210	3.598	
102	-0.210	3.630	
103	-0.205	3.663	
104	-0.205	3.696	
105	-0.210	3.729	
106	-0.215	3.762	
107	-0.220	3.795	
108	-0.220	3.829	
109	-0.225	3.861	
110	-0.225	3.894	
111	-0.205	3.928	
112	-0.205	3.960	
113	-0.215	4.026	
114	-0.210	4.059	
115	-0.205	4.092	
116	-0.205	4.125	
117	-0.200	4.158	
118	-0.195	4.191	
119	-0.190	4.225	
120	-0.185	4.257	
121	-0.185	4.291	
122	-0.180	4.323	
123	-0.175	4.356	
124	-0.175	4.389	
125	-0.175	4.422	
126	-0.170	4.456	
127	-0.165	4.488	
128	-0.165	4.522	
129	-0.165	4.554	
130	-0.165	4.588	
131	-0.160	4.620	
132	-0.160	4.653	
133	-0.155	4.687	
134	-0.150	4.719	
135	-0.145	4.752	
136	-0.140	4.785	
137	-0.135	4.819	
138	-0.125	4.851	
139	-0.125	4.884	
140	-0.125	4.917	
141	-0.125	4.950	
142	-0.130	4.984	
143	-0.140	5.016	
144	-0.140	5.049	
145	-0.135	5.082	
146	-0.130	5.115	
147	-0.125	5.148	
148	-0.130	5.181	
149	-0.130	5.214	
150	-0.125	5.248	
151	-0.130	5.280	
152	-0.130	5.313	
153	-0.130	5.346	
154	-0.145	5.379	
155	-0.140	5.412	
156	-0.130	5.446	
157	-0.130	5.478	
158	-0.125	5.511	
159	-0.125	5.544	
160	-0.115	5.577	
161	-0.110	5.610	
162	-0.115	5.643	
163	-0.110	5.677	
164	-0.110	5.710	
165	-0.115	5.742	
166	-0.120	5.775	
167	-0.125	5.808	
168	-0.130	5.841	
169	-0.130	5.874	
170	-0.125	5.907	
171	-0.125	5.941	
172	-0.125	5.973	
173	-0.120	6.007	
174	-0.120	6.039	
175	-0.115	6.072	
176	-0.120	6.105	
177	-0.120	6.138	
178	-0.125	6.171	
179	-0.130	6.204	
180	-0.130	6.237	
181	-0.150	6.270	
182	-0.155	6.303	
183	-0.160	6.336	
184	-0.165	6.370	
185	-0.175	6.402	
186	-0.185	6.435	
187	-0.185	6.468	
188	-0.190	6.501	
189	-0.190	6.535	
190	-0.195	6.567	
191	-0.205	6.601	
192	-0.205	6.634	
193	-0.205	6.666	
194	-0.220	6.699	
195	-0.215	6.732	
196	-0.205	6.765	
197	-0.195	6.798	
198	-0.200	6.831	
199	-0.205	6.865	
200	-0.210	6.897	
201	-0.210	6.930	
202	-0.205	6.963	
203	-0.200	6.996	
204	-0.190	7.029	
205	-0.180	7.062	
206	-0.175	7.097	
207	-0.175	7.128	
208	-0.175	7.161	
209	-0.175	7.194	
210	-0.170	7.227	
211	-0.175	7.260	
212	-0.175	7.293	
213	-0.165	7.326	
214	-0.155	7.359	
215	-0.155	7.392	
216	-0.155	7.425	
217	-0.155	7.458	
218	-0.155	7.491	
219	-0.155	7.524	
220	-0.150	7.558	
221	-0.145	7.590	
222	-0.140	7.624	
223	-0.140	7.656	
224	-0.130	7.689	
225	-0.120	7.722	
226	-0.120	7.755	
227	-0.120	7.788	
228	-0.115	7.821	
229	-0.115	7.854	
230	-0.110	7.887	
231	-0.105	7.920	
232	-0.105	7.953	
233	-0.105	7.987	
234	-0.105	8.019	
235	-0.095	8.052	
236	-0.100	8.086	
237	-0.105	8.118	
238	-0.105	8.151	
239	-0.100	8.184	
240	-0.100	8.217	
241	-0.100	8.250	
242	-0.100	8.283	
243	-0.095	8.316	
244	-0.095	8.349	
245	-0.095	8.382	
246	-0.100	8.415	
247	-0.100	8.448	
248	-0.100	8.481	
249	-0.095	8.515	
250	-0.095	8.547	
251	-0.100	8.581	
252	-0.100	8.613	
253	-0.095	8.646	
254	-0.095	8.679	
255	-0.100	8.712	
256	-0.105	8.745	
257	-0.100	8.779	
258	-0.100	8.811	
259	-0.095	8.845	
260	-0.095	8.877	
261	-0.100	8.910	
262	-0.100	8.943	
263	-0.100	8.976	
264	-0.110	9.010	
265	-0.120	9.043	
266	-0.135	9.077	
267	-0.135	9.108	
268	-0.145	9.141	
269	-0.160	9.207	
270	-0.165	9.240	
271	-0.170	9.273	
272	-0.180	9.306	
273	-0.180	9.339	
274	-0.180	9.372	
275	-0.195	9.405	
276	-0.195	9.438	
277	-0.205	9.471	
278	-0.195	9.505	
279	-0.205	9.537	
280	-0.195	9.572	
281	-0.195	9.603	
282	-0.190	9.638	
283	-0.190	9.669	
284	-0.195	9.702	
285	-0.200	9.735	
286	-0.200	9.768	
287	-0.200	9.802	
288	-0.200	9.834	
289	-0.180	9.867	
290	-0.170	9.900	
291	-0.165	9.933	
292	-0.170	9.968	
293	-0.180	10.001	
294	-0.180	10.032	
295	-0.180	10.098	
296	-0.180	10.132	
297	-0.175	10.197	
298	-0.170	10.230	
299	-0.150	10.263	
300	-0.145	10.296	
301	-0.135	10.329	
302	-0.135	10.362	
303	-0.130	10.395	
304	-0.130	10.428	
305	-0.130	10.462	
306	-0.130	10.494	
307	-0.125	10.527	
308	-0.120	10.560	
309	-0.120	10.594	
310	-0.115	10.626	
311	-0.110	10.659	
312	-0.105	10.692	
313	-0.110	10.725	
314	-0.105	10.758	
315	-0.105	10.792	
316	-0.110	10.824	
317	-0.105	10.857	
318	-0.105	10.890	
319	-0.105	10.923	
320	-0.100	10.956	
321	-0.100	10.989	
322	-0.095	11.022	
323	-0.095	11.055	
324	-0.090	11.121	
325	-0.090	11.155	
326	-0.090	11.221	
327	-0.090	11.253	
328	-0.095	11.286	
329	-0.095	11.321	
330	-0.100	11.352	
331	-0.105	11.418	
332	-0.105	11.452	
333	-0.105	11.517	
334	-0.100	11.550	
335	-0.100	11.583	
336	-0.105	11.616	
337	-0.100	11.649	
338	-0.100	11.683	
339	-0.095	11.715	
340	-0.090	11.781	
341	-0.095	11.815	
342	-0.110	11.881	
343	-0.115	11.913	
344	-0.145	11.979	
345	-0.150	12.013	
346	-0.155	12.045	
347	-0.175	12.111	
348	-0.180	12.144	
349	-0.185	12.210	
350	-0.190	12.243	
351	-0.200	12.276	
352	-0.190	12.342	
353	-0.195	12.375	
354	-0.175	12.441	
355	-0.170	12.474	
356	-0.170	12.509	
357	-0.170	12.540	
358	-0.170	12.606	
359	-0.165	12.640	
360	-0.155	12.673	
361	-0.140	12.738	
362	-0.140	12.771	
363	-0.140	12.837	
364	-0.150	12.870	
365	-0.160	12.903	
366	-0.165	12.936	
367	-0.180	13.002	
368	-0.190	13.036	
369	-0.185	13.102	
370	-0.180	13.134	
371	-0.170	13.200	
372	-0.165	13.233	
373	-0.145	13.299	
374	-0.140	13.332	
375	-0.125	13.398	
376	-0.115	13.431	
377	-0.110	13.497	
378	-0.115	13.530	
379	-0.115	13.596	
380	-0.115	13.630	
381	-0.115	13.662	
382	-0.115	13.728	
383	-0.110	13.761	
384	-0.115	13.828	
385	-0.110	13.860	
386	-0.115	13.927	
387	-0.120	13.959	
388	-0.115	14.025	
389	-0.110	14.058	
390	-0.110	14.124	
391	-0.110	14.157	
392	-0.110	14.223	
393	-0.110	14.257	
394	-0.110	14.290	
395	-0.110	14.355	
396	-0.105	14.388	
397	-0.105	14.454	
398	-0.105	14.487	
399	-0.100	14.553	
400	-0.100	14.586	
401	-0.095	14.652	
402	-0.095	14.685	
403	-0.110	14.752	
404	-0.115	14.784	
405	-0.135	14.850	
406	-0.145	14.884	
407	-0.150	14.916	
408	-0.165	14.983	
409	-0.170	15.016	
410	-0.180	15.081	
411	-0.180	15.114	
412	-0.180	15.181	
413	-0.185	15.213	
414	-0.185	15.280	
415	-0.170	15.312	
416	-0.170	15.378	
417	-0.175	15.411	
418	-0.170	15.477	
419	-0.170	15.510	
420	-0.160	15.576	
421	-0.155	15.609	
422	-0.165	15.675	
423	-0.165	15.708	
424	-0.175	15.774	
425	-0.180	15.807	
426	-0.185	15.873	
427	-0.180	15.906	
428	-0.165	15.972	
429	-0.165	16.005	
430	-0.155	16.071	
431	-0.155	16.104	
432	-0.140	16.170	
433	-0.135	16.203	
434	-0.140	16.269	
435	-0.125	16.302	
436	-0.120	16.368	
437	-0.115	16.401	
438	-0.115	16.467	
439	-0.115	16.500	
440	-0.105	16.567	
441	-0.100	16.599	
442	-0.100	16.665	
443	-0.100	16.698	
444	-0.105	16.764	
445	-0.105	16.797	
446	-0.110	16.863	
447	-0.110	16.897	
448	-0.115	16.962	
449	-0.115	16.996	
450	-0.110	17.062	
451	-0.110	17.094	
452	-0.105	17.161	
453	-0.105	17.193	
454	-0.105	17.259	
455	-0.100	17.293	
456	-0.100	17.358	
457	-0.100	17.391	
458	-0.090	17.458	
459	-0.090	17.490	
460	-0.100	17.556	
461	-0.095	17.589	
462	-0.115	17.655	
463	-0.125	17.688	
464	-0.150	17.754	
465	-0.155	17.787	
466	-0.170	17.853	
467	-0.165	17.886	
468	-0.175	17.952	
469	-0.180	17.986	
470	-0.180	18.051	
471	-0.185	18.084	
472	-0.170	18.150	
473	-0.165	18.183	
474	-0.170	18.249	
475	-0.170	18.282	
476	-0.160	18.348	
477	-0.155	18.381	
478	-0.140	18.447	
479	-0.135	18.481	
480	-0.150	18.547	
481	-0.160	18.579	
482	-0.170	18.645	
483	-0.175	18.678	
484	-0.175	18.744	
485	-0.175	18.778	
486	-0.160	18.843	
487	-0.155	18.876	
488	-0.145	18.942	
489	-0.140	18.976	
490	-0.125	19.041	
491	-0.125	19.074	
492	-0.105	19.141	
493	-0.105	19.173	
494	-0.105	19.240	
495	-0.100	19.272	
496	-0.105	19.338	
497	-0.105	19.371	
498	-0.100	19.437	
499	-0.100	19.470	
500	-0.095	19.536	
501	-0.090	19.569	
502	-0.085	19.635	
503	-0.085	19.668	
504	-0.080	19.734	
505	-0.080	19.767	
506	-0.080	19.833	
507	-0.090	19.867	
508	-0.100	19.932	
509	-0.105	19.965	
510	-0.100	20.064	
511	-0.100	20.097	
512	-0.095	20.163	
513	-0.095	20.196	
514	-0.095	20.263	
515	-0.095	20.295	
516	-0.090	20.362	
517	-0.090	20.394	
518	-0.105	20.460	
519	-0.110	20.493	
520	-0.130	20.559	
521	-0.135	20.592	
522	-0.150	20.659	
523	-0.155	20.691	
524	-0.170	20.758	
525	-0.170	20.790	
526	-0.175	20.856	
527	-0.175	20.889	
528	-0.170	20.955	
529	-0.160	20.988	
530	-0.160	21.054	
531	-0.160	21.087	
532	-0.160	21.154	
533	-0.160	21.187	
534	-0.155	21.252	
535	-0.150	21.285	
536	-0.150	21.351	
537	-0.150	21.384	
538	-0.145	21.450	
539	-0.145	21.483	
540	-0.140	21.549	
541	-0.135	21.582	
542	-0.120	21.648	
543	-0.120	21.681	
544	-0.115	21.747	
545	-0.115	21.780	
546	-0.110	21.846	
547	-0.105	21.879	
548	-0.095	21.946	
549	-0.095	21.978	
550	-0.095	22.045	
551	-0.095	22.077	
552	-0.095	22.143	
553	-0.095	22.176	
554	-0.095	22.242	
555	-0.100	22.275	
556	-0.095	22.341	
557	-0.090	22.375	
558	-0.085	22.440	
559	-0.080	22.473	
560	-0.075	22.539	
561	-0.080	22.572	
562	-0.085	22.639	
563	-0.080	22.671	
564	-0.080	22.737	
565	-0.080	22.770	
566	-0.080	22.836	
567	-0.080	22.869	
568	-0.085	22.935	
569	-0.085	22.968	
570	-0.090	23.034	
571	-0.090	23.067	
572	-0.085	23.133	
573	-0.085	23.166	
574	-0.085	23.232	
575	-0.090	23.265	
576	-0.110	23.332	
577	-0.110	23.364	
578	-0.125	23.430	
579	-0.130	23.463	
580	-0.150	23.530	
581	-0.150	23.562	
582	-0.170	23.628	
583	-0.175	23.661	
584	-0.170	23.727	
585	-0.165	23.760	
586	-0.155	23.826	
587	-0.155	23.859	
588	-0.150	23.925	
589	-0.155	23.958	
590	-0.145	24.025	
591	-0.145	24.058	
592	-0.135	24.123	
593	-0.135	24.156	
594	-0.140	24.222	
595	-0.140	24.255	
596	-0.155	24.321	
597	-0.155	24.354	
598	-0.165	24.420	
599	-0.160	24.453	
600	-0.150	24.520	
601	-0.145	24.552	
602	-0.150	24.618	
603	-0.140	24.651	
604	-0.115	24.718	
605	-0.110	24.750	
606	-0.100	24.817	
607	-0.100	24.849	
608	-0.100	24.915	
609	-0.095	24.948	
610	-0.100	25.014	
611	-0.100	25.048	
612	-0.095	25.113	
613	-0.100	25.146	
614	-0.095	25.212	
615	-0.095	25.245	
616	-0.085	25.312	
617	-0.085	25.344	
618	-0.085	25.410	
619	-0.090	25.444	
620	-0.090	25.509	
621	-0.085	25.542	
622	-0.090	25.608	
623	-0.095	25.641	
624	-0.095	25.707	
625	-0.095	25.741	
626	-0.085	25.807	
627	-0.085	25.839	
628	-0.090	25.905	
629	-0.085	25.938	
630	-0.085	26.004	
631	-0.085	26.038	
632	-0.085	26.103	
633	-0.090	26.137	
634	-0.110	26.203	
635	-0.125	26.235	
636	-0.145	26.301	
637	-0.145	26.335	
638	-0.150	26.400	
639	-0.160	26.433	
640	-0.170	26.499	
641	-0.175	26.532	
642	-0.170	26.598	
643	-0.165	26.631	
644	-0.155	26.697	
645	-0.155	26.730	
646	-0.155	26.796	
647	-0.150	26.829	
648	-0.145	26.895	
649	-0.140	26.928	
650	-0.140	26.994	
651	-0.140	27.027	
652	-0.150	27.093	
653	-0.150	27.126	
654	-0.155	27.192	
655	-0.160	27.225	
656	-0.160	27.291	
657	-0.160	27.324	
658	-0.145	27.390	
659	-0.140	27.424	
660	-0.125	27.489	
661	-0.120	27.523	
662	-0.105	27.589	
663	-0.100	27.621	
664	-0.095	27.687	
665	-0.095	27.721	
666	-0.100	27.786	
667	-0.100	27.819	
668	-0.100	27.887	
669	-0.100	27.918	
670	-0.100	27.984	
671	-0.105	28.017	
672	-0.105	28.083	
673	-0.105	28.116	
674	-0.105	28.182	
675	-0.100	28.215	
676	-0.100	28.281	
677	-0.100	28.314	
678	-0.105	28.380	
679	-0.105	28.413	
680	-0.110	28.479	
681	-0.110	28.512	
682	-0.110	28.578	
683	-0.110	28.611	
684	-0.110	28.677	
685	-0.110	28.711	
686	-0.105	28.776	
687	-0.100	28.809	
688	-0.100	28.875	
689	-0.095	28.908	
690	-0.100	28.974	
691	-0.110	29.008	
692	-0.145	29.073	
693	-0.150	29.106	
694	-0.180	29.173	
695	-0.185	29.205	
696	-0.190	29.271	
697	-0.195	29.304	
698	-0.205	29.370	
699	-0.200	29.403	
700	-0.215	29.469	
701	-0.210	29.502	
702	-0.200	29.568	
703	-0.205	29.601	
704	-0.205	29.667	
705	-0.200	29.700	
706	-0.205	29.766	
707	-0.200	29.799	
708	-0.180	29.865	
709	-0.185	29.898	
710	-0.195	29.964	
711	-0.200	29.997	
712	-0.210	30.064	
713	-0.210	30.096	
714	-0.200	30.163	
715	-0.195	30.195	
716	-0.190	30.262	
717	-0.190	30.294	
718	-0.190	30.360	
719	-0.185	30.394	
720	-0.170	30.459	
721	-0.170	30.492	
722	-0.160	30.558	
723	-0.160	30.592	
724	-0.160	30.657	
725	-0.170	30.691	
726	-0.180	30.757	
727	-0.185	30.789	
728	-0.190	30.855	
729	-0.190	30.889	
730	-0.205	30.954	
731	-0.210	30.987	
732	-0.210	31.053	
733	-0.205	31.086	
734	-0.205	31.152	
735	-0.200	31.185	
736	-0.205	31.252	
737	-0.205	31.284	
738	-0.210	31.350	
739	-0.215	31.384	
740	-0.220	31.449	
741	-0.220	31.482	
742	-0.210	31.548	
743	-0.210	31.581	
744	-0.220	31.648	
745	-0.220	31.681	
746	-0.220	31.747	
747	-0.220	31.779	
748	-0.230	31.845	
749	-0.230	31.879	
750	-0.260	31.944	
751	-0.270	31.977	
752	-0.310	32.076	
753	-0.310	32.109	
754	-0.305	32.208	
755	-0.305	32.241	
756	-0.305	32.307	
757	-0.305	32.340	
758	-0.300	32.406	
759	-0.295	32.439	
760	-0.280	32.505	
761	-0.275	32.538	
762	-0.260	32.604	
763	-0.260	32.637	
764	-0.245	32.703	
765	-0.235	32.736	
766	-0.205	32.802	
767	-0.195	32.835	
768	0.070	32.901	
769	0.110	32.934	
770	0.075	33.033	
771	0.085	33.066	
772	0.105	33.132	
773	0.110	33.165	
774	0.135	33.231	
775	0.135	33.264	
776	0.190	33.363	
777	0.345	33.396	
778	0.315	33.462	
779	0.320	33.496	
780	0.325	33.561	
781	0.335	33.595	
782	0.330	33.660	
783	0.330	33.693	
784	0.325	33.759	
785	0.335	33.792	
786	0.365	33.858	
787	0.370	33.891	
788	0.375	33.957	
789	0.375	33.990	
790	0.365	34.056	
791	0.365	34.089	
792	0.355	34.156	
793	0.355	34.188	
794	0.365	34.254	
795	0.365	34.287	
796	0.345	34.353	
797	0.350	34.386	
798	0.365	34.452	
799	0.365	34.485	
800	0.380	34.552	
801	0.375	34.585	
802	0.360	34.650	
803	0.365	34.683	
804	0.360	34.749	
805	0.355	34.783	
806	0.340	34.848	
807	0.330	34.881	
808	0.310	34.947	
809	0.315	34.980	
810	0.305	35.046	
811	0.295	35.079	
812	0.275	35.145	
813	0.270	35.178	
814	0.255	35.245	
815	0.250	35.277	
816	0.230	35.344	
817	0.225	35.376	
818	0.210	35.442	
819	0.205	35.475	
820	0.195	35.541	
821	0.190	35.574	
822	0.195	35.640	
823	0.195	35.673	
824	0.180	35.739	
825	0.180	35.773	
826	0.180	35.838	
827	0.180	35.871	
828	0.185	35.937	
829	0.180	35.970	
830	0.175	36.037	
831	0.175	36.069	
832	0.180	36.135	
833	0.175	36.168	
834	0.180	36.234	
835	0.180	36.267	
836	0.170	36.333	
837	0.180	36.366	
838	0.190	36.432	
839	0.185	36.465	
840	0.195	36.532	
841	0.195	36.564	
842	0.180	36.630	
843	0.185	36.664	
844	0.195	36.729	
845	0.195	36.762	
846	0.215	36.828	
847	0.215	36.861	
848	0.215	36.927	
849	0.225	36.960	
850	0.245	37.027	
851	0.240	37.060	
852	0.245	37.125	
853	0.245	37.158	
854	0.240	37.224	
855	0.240	37.258	
856	0.235	37.324	
857	0.230	37.356	
858	0.210	37.423	
859	0.210	37.456	
860	0.205	37.522	
861	0.205	37.554	
862	0.210	37.620	
863	0.205	37.653	
864	0.205	37.719	
865	0.200	37.752	
866	0.200	37.819	
867	0.195	37.851	
868	0.185	37.918	
869	0.190	37.951	
870	0.185	38.016	
871	0.185	38.049	
872	0.180	38.116	
873	0.175	38.148	
874	0.165	38.214	
875	0.170	38.247	
876	0.150	38.314	
877	0.150	38.347	
878	0.155	38.412	
879	0.150	38.446	
880	0.155	38.511	
881	0.160	38.545	
882	0.150	38.610	
883	0.155	38.644	
884	0.160	38.709	
885	0.155	38.742	
886	0.150	38.808	
887	0.155	38.841	
888	0.145	38.908	
889	0.145	38.940	
890	0.145	39.006	
891	0.145	39.039	
892	0.150	39.105	
893	0.150	39.138	
894	0.150	39.205	
895	0.145	39.237	
896	0.155	39.303	
897	0.230	39.336	
898	0.160	39.402	
899	0.160	39.435	
900	0.170	39.501	
901	0.160	39.534	
902	0.165	39.600	
903	0.245	39.633	
904	0.175	39.699	
905	0.180	39.733	
906	0.190	39.798	
907	0.190	39.831	
908	0.190	39.897	
909	0.200	39.930	
910	0.205	39.997	
911	0.200	40.030	
912	0.210	40.095	
913	0.220	40.129	
914	0.215	40.194	
915	0.305	40.227	
916	0.230	40.293	
917	0.140	40.326	
918	0.210	40.392	
919	0.210	40.425	
920	0.200	40.491	
921	0.210	40.524	
922	0.195	40.590	
923	0.185	40.623	
924	0.205	40.689	
925	0.200	40.722	
926	0.195	40.788	
927	0.205	40.821	
928	0.195	40.888	
929	0.185	40.920	
930	0.185	40.986	
931	0.185	41.020	
932	0.175	41.085	
933	0.175	41.119	
934	0.165	41.185	
935	0.160	41.217	
936	0.160	41.283	
937	0.165	41.316	
938	0.165	41.382	
939	0.155	41.415	
940	0.160	41.482	
941	0.145	41.514	
942	0.140	41.581	
943	0.150	41.614	
944	0.150	41.679	
945	0.150	41.712	
946	0.160	41.778	
947	0.155	41.811	
948	0.150	41.877	
949	0.245	41.910	
950	0.155	41.976	
951	0.150	42.009	
952	0.160	42.075	
953	0.160	42.108	
954	0.155	42.174	
955	0.170	42.207	
956	0.170	42.273	
957	0.160	42.306	
958	0.165	42.372	
959	0.165	42.406	
960	0.170	42.472	
961	0.175	42.504	
962	0.180	42.570	
963	0.175	42.603	
964	0.195	42.669	
965	0.200	42.702	
966	0.200	42.768	
967	0.200	42.801	
968	0.205	42.867	
969	0.205	42.900	
970	0.210	42.966	
971	0.215	42.999	
972	0.215	43.065	
973	0.205	43.098	
974	0.195	43.164	
975	0.195	43.197	
976	0.190	43.263	
977	0.195	43.297	
978	0.200	43.362	
979	0.200	43.395	
980	0.185	43.461	
981	0.185	43.494	
982	0.190	43.561	
983	0.190	43.593	
984	0.205	43.659	
985	0.195	43.692	
986	0.190	43.758	
987	0.190	43.791	
988	0.190	43.857	
989	0.190	43.891	
990	0.185	43.956	
991	0.175	43.989	
992	0.170	44.055	
993	0.170	44.088	
994	0.180	44.154	
995	0.180	44.187	
996	0.170	44.253	
997	0.160	44.286	
998	0.160	44.352	
999	0.165	44.385	
1000	0.165	44.451	
1001	0.165	44.484	
1002	0.160	44.550	
1003	0.150	44.583	
1004	0.155	44.649	
1005	0.160	44.683	
1006	0.170	44.748	
1007	0.165	44.781	
1008	0.155	44.848	
1009	0.150	44.880	
1010	0.160	44.946	
1011	0.165	44.979	
1012	0.180	45.046	
1013	0.175	45.078	
1014	0.175	45.144	
1015	0.175	45.177	
1016	0.175	45.243	
1017	0.175	45.276	
1018	0.180	45.343	
1019	0.180	45.376	
1020	0.180	45.442	
1021	0.190	45.474	
1022	0.205	45.540	
1023	0.200	45.573	
1024	0.205	45.639	
1025	0.210	45.672	
1026	0.215	45.739	
1027	0.215	45.772	
1028	0.230	45.837	
1029	0.225	45.870	
1030	0.235	45.936	
1031	0.225	45.969	
1032	0.215	46.035	
1033	0.215	46.069	
1034	0.220	46.134	
1035	0.215	46.167	
1036	0.220	46.234	
1037	0.220	46.266	
1038	0.210	46.332	
1039	0.215	46.366	
1040	0.210	46.431	
1041	0.210	46.464	
1042	0.195	46.530	
1043	0.195	46.563	
1044	0.195	46.630	
1045	0.190	46.662	
1046	0.180	46.728	
1047	0.175	46.761	
1048	0.160	46.827	
1049	0.160	46.861	
1050	0.160	46.927	
1051	0.160	46.959	
1052	0.165	47.026	
1053	0.160	47.059	
1054	0.155	47.124	
1055	0.155	47.157	
1056	0.160	47.223	
1057	0.160	47.256	
1058	0.155	47.323	
1059	0.155	47.355	
1060	0.150	47.421	
1061	0.155	47.454	
1062	0.165	47.520	
1063	0.160	47.554	
1064	0.160	47.619	
1065	0.155	47.653	
1066	0.150	47.719	
1067	0.245	47.751	
1068	0.165	47.818	
1069	0.160	47.850	
1070	0.180	47.916	
1071	0.100	47.949	
1072	0.175	48.015	
1073	0.180	48.048	
1074	0.180	48.114	
1075	0.175	48.147	
1076	0.190	48.213	
1077	0.190	48.246	
1078	0.205	48.312	
1079	0.205	48.345	
1080	0.210	48.411	
1081	0.205	48.444	
1082	0.215	48.510	
1083	0.220	48.543	
1084	0.245	48.610	
1085	0.245	48.642	
1086	0.250	48.708	
1087	0.255	48.741	
1088	0.255	48.807	
1089	0.250	48.840	
1090	0.240	48.906	
1091	0.240	48.939	
1092	0.235	49.005	
1093	0.235	49.038	
1094	0.225	49.105	
1095	0.225	49.137	
1096	0.230	49.203	
1097	0.225	49.236	
1098	0.200	49.302	
1099	0.200	49.335	
1100	0.200	49.401	
1101	0.200	49.435	
1102	0.190	49.500	
1103	0.190	49.533	
1104	0.080	49.599	
1105	0.090	49.632	
1106	0.160	49.698	
1107	0.160	49.731	
1108	0.165	49.797	
1109	0.160	49.831	
1110	0.160	49.896	
1111	0.165	49.929	
1112	0.160	49.995	
1113	0.165	50.028	
1114	0.160	50.094	
1115	0.155	50.127	
1116	0.150	50.193	
1117	0.150	50.226	
1118	0.240	50.293	
1119	0.160	50.325	
1120	0.080	50.392	
1121	0.155	50.424	
1122	0.160	50.490	
1123	0.150	50.523	
1124	0.265	50.590	
1125	0.160	50.622	
1126	0.080	50.689	
1127	0.165	50.721	
1128	0.265	50.788	
1129	0.265	50.820	
1130	0.180	50.886	
1131	0.185	50.919	
1132	0.180	50.985	
1133	0.175	51.018	
1134	0.195	51.086	
1135	0.200	51.118	
1136	0.205	51.183	
1137	0.205	51.217	
1138	0.205	51.283	
1139	0.210	51.315	
1140	0.215	51.381	
1141	0.215	51.414	
1142	0.225	51.481	
1143	0.230	51.513	
1144	0.240	51.580	
1145	0.245	51.613	
1146	0.225	51.678	
1147	0.220	51.712	
1148	0.230	51.778	
1149	0.230	51.811	
1150	0.235	51.877	
1151	0.240	51.909	
1152	0.225	51.975	
1153	0.225	52.008	
1154	0.230	52.074	
1155	0.225	52.107	
1156	0.215	52.173	
1157	0.220	52.207	
1158	0.215	52.273	
1159	0.210	52.306	
1160	0.205	52.372	
1161	0.200	52.405	
1162	0.200	52.470	
1163	0.190	52.504	
1164	0.170	52.569	
1165	0.175	52.603	
1166	0.170	52.668	
1167	0.170	52.701	
1168	0.175	52.767	
1169	0.175	52.800	
1170	0.165	52.866	
1171	0.165	52.899	
1172	0.160	52.966	
1173	0.160	52.998	
1174	0.165	53.065	
1175	0.160	53.097	
1176	0.165	53.163	
1177	0.170	53.196	
1178	0.170	53.262	
1179	0.170	53.296	
1180	0.165	53.361	
1181	0.240	53.394	
1182	0.165	53.461	
1183	0.170	53.493	
1184	0.180	53.559	
1185	0.180	53.592	
1186	0.190	53.658	
1187	0.190	53.691	
1188	0.185	53.757	
1189	0.185	53.790	
1190	0.195	53.856	
1191	0.190	53.889	
1192	0.205	53.955	
1193	0.205	53.988	
1194	0.215	54.055	
1195	0.215	54.087	
1196	0.230	54.153	
1197	0.235	54.187	
1198	0.230	54.252	
1199	0.235	54.285	
1200	0.230	54.352	
1201	0.230	54.385	
1202	0.230	54.450	
1203	0.225	54.483	
1204	0.200	54.549	
1205	0.205	54.582	
1206	0.200	54.648	
1207	0.195	54.682	
1208	0.205	54.747	
1209	0.205	54.780	
1210	0.195	54.846	
1211	0.195	54.879	
1212	0.200	54.946	
1213	0.200	54.978	
1214	0.210	55.044	
1215	0.215	55.077	
1216	0.220	55.143	
1217	0.220	55.176	
1218	0.210	55.242	
1219	0.205	55.275	
1220	0.190	55.341	
1221	0.185	55.374	
1222	0.170	55.441	
1223	0.170	55.473	
1224	0.175	55.539	
1225	0.180	55.572	
1226	0.170	55.638	
1227	0.170	55.671	
1228	0.170	55.738	
1229	0.165	55.771	
1230	0.165	55.837	
1231	0.170	55.870	
1232	0.155	55.936	
1233	0.160	55.969	
1234	0.175	56.035	
1235	0.170	56.067	
1236	0.165	56.133	
1237	0.175	56.166	
1238	0.165	56.232	
1239	0.170	56.265	
1240	0.180	56.331	
1241	0.175	56.365	
1242	0.190	56.430	
1243	0.275	56.463	
1244	0.200	56.530	
1245	0.200	56.562	
1246	0.195	56.628	
1247	0.195	56.661	
1248	0.215	56.727	
1249	0.225	56.760	
1250	0.300	56.827	
1251	0.220	56.859	
1252	0.235	56.926	
1253	0.320	56.958	
1254	0.260	57.024	
1255	0.255	57.057	
1256	0.235	57.123	
1257	0.235	57.156	
1258	0.215	57.223	
1259	0.215	57.256	
1260	0.200	57.321	
1261	0.195	57.354	
1262	0.210	57.420	
1263	0.210	57.453	
1264	0.205	57.519	
1265	0.215	57.552	
1266	0.220	57.619	
1267	0.215	57.652	
1268	0.230	57.718	
1269	0.230	57.751	
1270	0.220	57.817	
1271	0.230	57.849	
1272	0.230	57.915	
1273	0.230	57.948	
1274	0.235	58.014	
1275	0.230	58.048	
1276	0.200	58.113	
1277	0.205	58.146	
1278	0.180	58.212	
1279	0.090	58.245	
1280	0.180	58.312	
1281	0.175	58.345	
1282	0.185	58.411	
1283	0.185	58.443	
1284	0.190	58.509	
1285	0.080	58.542	
1286	0.095	58.641	
1287	0.275	58.674	
1288	0.165	58.773	
1289	0.175	58.806	
1290	0.180	58.905	
1291	0.285	58.938	
1292	0.170	59.004	
1293	0.085	59.037	
1294	0.285	59.103	
1295	0.170	59.136	
1296	0.085	59.203	
1297	0.190	59.235	
1298	0.300	59.334	
1299	0.100	59.367	
1300	0.090	59.466	
1301	0.065	59.499	
1302	0.195	59.598	
1303	0.200	59.631	
1304	0.310	59.697	
1305	0.300	59.731	
1306	0.215	59.829	
1307	0.220	59.862	
1308	0.220	59.928	
1309	0.225	59.961	
1310	0.235	60.029	
1311	0.235	60.060	
1312	0.215	60.159	
1313	0.210	60.193	
1314	0.205	60.258	
1315	0.210	60.291	
1316	0.290	60.358	
1317	0.205	60.391	
1318	0.215	60.457	
1319	0.215	60.489	
1320	0.215	60.557	
1321	0.220	60.589	
1322	0.310	60.654	
1323	0.215	60.688	
1324	0.145	60.754	
1325	0.310	60.787	
1326	0.315	60.885	
1327	0.230	60.918	
1328	0.205	61.017	
1329	0.200	61.051	
1330	0.190	61.117	
1331	0.185	61.149	
1332	0.180	61.249	
1333	0.195	61.281	
1334	0.285	61.380	
1335	0.195	61.413	
1336	0.185	61.512	
1337	0.270	61.545	
1338	0.175	61.612	
1339	0.170	61.644	
1340	0.085	61.743	
1341	0.080	61.777	
1342	0.175	61.843	
1343	0.250	61.875	
1344	0.280	61.942	
1345	0.185	61.974	
1346	0.090	62.073	
1347	0.105	62.107	
1348	0.100	62.205	
1349	0.095	62.238	
1350	0.200	62.304	
1351	0.195	62.337	
1352	0.210	62.436	
1353	0.210	62.469	
1354	0.205	62.568	
1355	0.200	62.601	
1356	0.200	62.668	
1357	0.195	62.700	
1358	0.180	62.799	
1359	0.180	62.832	
1360	0.175	62.932	
1361	0.170	62.964	
1362	0.170	63.031	
1363	0.170	63.063	
1364	0.170	63.162	
1365	0.170	63.195	
1366	0.170	63.261	
1367	0.170	63.294	
1368	0.170	63.362	
1369	0.170	63.393	
1370	0.170	63.492	
1371	0.170	63.525	
1372	0.170	63.591	
1373	0.170	63.624	
1374	0.170	63.723	
1375	0.170	63.757	
1376	0.170	63.823	
1377	0.170	63.855	
1378	0.170	63.954	
1379	0.170	63.987	
1380	0.175	64.053	
1381	0.175	64.086	
1382	0.175	64.185	
1383	0.175	64.218	
