3/3/2022  1:59 PM
Units: Ncm
Readings: Continuous
X-Axis: Time

Reading	Load	Time	
1	-0.020	0.000	
2	-0.020	0.067	
3	-0.020	0.099	
4	-0.020	0.132	
5	-0.020	0.165	
6	-0.020	0.198	
7	-0.020	0.231	
8	-0.020	0.264	
9	-0.020	0.297	
10	-0.025	0.330	
11	-0.025	0.363	
12	-0.025	0.396	
13	-0.020	0.429	
14	-0.020	0.462	
15	-0.020	0.495	
16	-0.020	0.528	
17	-0.020	0.561	
18	-0.020	0.594	
19	-0.020	0.627	
20	-0.020	0.660	
21	-0.020	0.693	
22	-0.020	0.727	
23	-0.020	0.759	
24	-0.020	0.793	
25	-0.020	0.825	
26	-0.020	0.858	
27	-0.020	0.924	
28	-0.020	0.957	
29	-0.020	0.990	
30	-0.020	1.023	
31	-0.020	1.056	
32	-0.020	1.089	
33	-0.020	1.122	
34	-0.020	1.155	
35	-0.020	1.188	
36	-0.025	1.221	
37	-0.025	1.254	
38	-0.020	1.287	
39	-0.020	1.320	
40	-0.020	1.353	
41	-0.020	1.386	
42	-0.020	1.419	
43	-0.025	1.452	
44	-0.020	1.485	
45	-0.020	1.518	
46	-0.020	1.551	
47	-0.020	1.584	
48	-0.020	1.617	
49	-0.020	1.650	
50	-0.020	1.683	
51	-0.020	1.716	
52	-0.020	1.749	
53	-0.020	1.782	
54	-0.020	1.815	
55	-0.020	1.848	
56	-0.020	1.881	
57	-0.020	1.914	
58	-0.020	1.947	
59	-0.020	1.980	
60	-0.020	2.013	
61	-0.020	2.046	
62	-0.020	2.079	
63	-0.020	2.112	
64	-0.020	2.145	
65	-0.020	2.178	
66	-0.020	2.211	
67	-0.020	2.244	
68	-0.020	2.277	
69	-0.015	2.310	
70	-0.015	2.344	
71	-0.010	2.376	
72	-0.015	2.409	
73	-0.010	2.442	
74	-0.015	2.475	
75	-0.025	2.508	
76	-0.035	2.541	
77	-0.055	2.574	
78	-0.290	2.640	
79	-0.010	2.673	
80	0.060	2.739	
81	0.090	2.772	
82	-0.085	2.838	
83	-0.200	2.871	
84	-0.050	2.904	
85	0.105	2.937	
86	-0.045	2.970	
87	-0.125	3.003	
88	-0.120	3.036	
89	0.035	3.102	
90	-0.060	3.135	
91	-0.185	3.168	
92	-0.075	3.201	
93	-0.085	3.234	
94	-0.090	3.267	
95	-0.095	3.300	
96	-0.095	3.333	
97	-0.095	3.366	
98	-0.095	3.399	
99	-0.105	3.432	
100	-0.105	3.465	
101	-0.105	3.498	
102	-0.105	3.531	
103	-0.105	3.564	
104	-0.125	3.597	
105	-0.215	3.630	
106	-0.135	3.663	
107	-0.140	3.696	
108	-0.150	3.729	
109	-0.160	3.762	
110	-0.155	3.795	
111	-0.155	3.828	
112	-0.155	3.861	
113	-0.155	3.894	
114	-0.170	3.927	
115	-0.165	3.961	
116	-0.180	3.993	
117	-0.195	4.026	
118	-0.210	4.059	
119	-0.215	4.092	
120	-0.220	4.125	
121	-0.230	4.158	
122	-0.235	4.191	
123	-0.235	4.224	
124	-0.235	4.257	
125	-0.235	4.290	
126	-0.245	4.323	
127	-0.240	4.356	
128	-0.235	4.389	
129	-0.245	4.422	
130	-0.250	4.455	
131	-0.255	4.488	
132	-0.240	4.521	
133	-0.245	4.554	
134	-0.250	4.587	
135	-0.255	4.620	
136	-0.250	4.653	
137	-0.230	4.686	
138	-0.235	4.719	
139	-0.230	4.752	
140	-0.245	4.785	
141	-0.230	4.818	
142	-0.235	4.851	
143	-0.240	4.884	
144	-0.240	4.917	
145	-0.235	4.950	
146	-0.225	4.983	
147	-0.235	5.016	
148	-0.240	5.049	
149	-0.240	5.082	
150	-0.225	5.115	
151	-0.230	5.148	
152	-0.240	5.181	
153	-0.230	5.214	
154	-0.220	5.247	
155	-0.220	5.280	
156	-0.220	5.313	
157	-0.230	5.346	
158	-0.220	5.379	
159	-0.220	5.412	
160	-0.205	5.445	
161	-0.200	5.478	
162	-0.190	5.511	
163	-0.170	5.544	
164	-0.160	5.578	
165	-0.150	5.610	
166	-0.145	5.643	
167	-0.140	5.676	
168	-0.125	5.709	
169	-0.130	5.742	
170	-0.125	5.775	
171	-0.125	5.808	
172	-0.115	5.841	
173	-0.115	5.874	
174	-0.120	5.907	
175	-0.115	5.940	
176	-0.120	5.973	
177	-0.120	6.006	
178	-0.130	6.039	
179	-0.130	6.072	
180	-0.120	6.105	
181	-0.120	6.138	
182	-0.120	6.171	
183	-0.120	6.204	
184	-0.115	6.237	
185	-0.125	6.270	
186	-0.245	6.303	
187	-0.120	6.336	
188	-0.110	6.369	
189	-0.115	6.402	
190	-0.130	6.435	
191	-0.230	6.468	
192	-0.125	6.501	
193	-0.125	6.534	
194	-0.155	6.567	
195	-0.295	6.600	
196	-0.160	6.633	
197	-0.060	6.666	
198	-0.165	6.699	
199	-0.175	6.732	
200	-0.290	6.765	
201	-0.175	6.798	
202	-0.105	6.831	
203	-0.185	6.864	
204	-0.200	6.897	
205	-0.195	6.930	
206	-0.180	6.963	
207	-0.195	6.996	
208	-0.205	7.029	
209	-0.205	7.062	
210	-0.210	7.095	
211	-0.205	7.128	
212	-0.220	7.161	
213	-0.215	7.194	
214	-0.215	7.227	
215	-0.210	7.260	
216	-0.225	7.293	
217	-0.330	7.326	
218	-0.235	7.359	
219	-0.235	7.393	
220	-0.230	7.425	
221	-0.250	7.458	
222	-0.250	7.491	
223	-0.240	7.524	
224	-0.235	7.557	
225	-0.265	7.623	
226	-0.255	7.656	
227	-0.250	7.689	
228	-0.255	7.722	
229	-0.260	7.755	
230	-0.255	7.788	
231	-0.245	7.821	
232	-0.250	7.854	
233	-0.255	7.887	
234	-0.250	7.920	
235	-0.245	7.953	
236	-0.240	7.986	
237	-0.245	8.019	
238	-0.235	8.052	
239	-0.225	8.086	
240	-0.235	8.118	
241	-0.230	8.151	
242	-0.235	8.184	
243	-0.225	8.217	
244	-0.225	8.250	
245	-0.220	8.283	
246	-0.220	8.316	
247	-0.200	8.349	
248	-0.185	8.382	
249	-0.180	8.415	
250	-0.175	8.448	
251	-0.170	8.481	
252	-0.155	8.514	
253	-0.150	8.547	
254	-0.145	8.580	
255	-0.140	8.613	
256	-0.130	8.646	
257	-0.120	8.679	
258	-0.130	8.712	
259	-0.135	8.745	
260	-0.125	8.778	
261	-0.120	8.844	
262	-0.135	8.877	
263	-0.125	8.910	
264	-0.110	8.944	
265	-0.110	8.976	
266	-0.110	9.009	
267	-0.125	9.042	
268	-0.125	9.108	
269	-0.125	9.141	
270	-0.130	9.174	
271	-0.130	9.207	
272	-0.120	9.240	
273	-0.125	9.273	
274	-0.125	9.306	
275	-0.140	9.339	
276	-0.235	9.372	
277	-0.150	9.405	
278	-0.180	9.438	
279	-0.180	9.471	
280	-0.180	9.504	
281	-0.305	9.537	
282	-0.195	9.570	
283	-0.215	9.603	
284	-0.125	9.636	
285	-0.355	9.669	
286	-0.300	9.702	
287	-0.220	9.768	
288	-0.210	9.801	
289	-0.345	9.834	
290	-0.220	9.867	
291	-0.220	9.900	
292	-0.135	9.933	
293	-0.220	9.966	
294	-0.305	9.999	
295	-0.215	10.032	
296	-0.205	10.065	
297	-0.310	10.131	
298	-0.220	10.164	
299	-0.215	10.197	
300	-0.125	10.230	
301	-0.205	10.263	
302	-0.315	10.296	
303	-0.220	10.329	
304	-0.210	10.364	
305	-0.200	10.396	
306	-0.110	10.428	
307	-0.125	10.494	
308	-0.200	10.527	
309	-0.240	10.593	
310	-0.240	10.626	
311	-0.230	10.659	
312	-0.235	10.692	
313	-0.245	10.725	
314	-0.255	10.758	
315	-0.245	10.791	
316	-0.240	10.824	
317	-0.250	10.857	
318	-0.250	10.890	
319	-0.240	10.923	
320	-0.230	10.956	
321	-0.235	10.989	
322	-0.235	11.022	
323	-0.225	11.088	
324	-0.215	11.121	
325	-0.215	11.187	
326	-0.200	11.220	
327	-0.190	11.253	
328	-0.170	11.286	
329	-0.145	11.352	
330	-0.145	11.385	
331	-0.140	11.418	
332	-0.135	11.451	
333	-0.115	11.517	
334	-0.120	11.550	
335	-0.120	11.616	
336	-0.120	11.649	
337	-0.115	11.682	
338	-0.125	11.715	
339	-0.115	11.781	
340	-0.115	11.814	
341	-0.125	11.880	
342	-0.120	11.913	
343	-0.135	11.979	
344	-0.150	12.013	
345	-0.140	12.045	
346	-0.150	12.111	
347	-0.150	12.144	
348	-0.155	12.210	
349	-0.185	12.243	
350	-0.215	12.309	
351	-0.210	12.342	
352	-0.235	12.408	
353	-0.385	12.441	
354	-0.245	12.507	
355	-0.250	12.540	
356	-0.265	12.606	
357	-0.240	12.639	
358	-0.245	12.705	
359	-0.250	12.738	
360	-0.235	12.804	
361	-0.225	12.837	
362	-0.210	12.903	
363	-0.195	12.936	
364	-0.200	13.002	
365	-0.205	13.035	
366	-0.170	13.101	
367	-0.185	13.134	
368	-0.180	13.200	
369	-0.175	13.233	
370	-0.180	13.299	
371	-0.170	13.332	
372	-0.160	13.398	
373	-0.180	13.431	
374	-0.175	13.497	
375	-0.175	13.530	
376	-0.205	13.596	
377	-0.205	13.630	
378	-0.215	13.662	
379	-0.225	13.728	
380	-0.230	13.761	
381	-0.215	13.827	
382	-0.225	13.860	
383	-0.225	13.926	
384	-0.215	13.959	
385	-0.195	14.025	
386	-0.180	14.058	
387	-0.160	14.124	
388	-0.160	14.157	
389	-0.140	14.223	
390	-0.130	14.256	
391	-0.110	14.322	
392	-0.095	14.355	
393	-0.110	14.421	
394	-0.110	14.454	
395	-0.125	14.520	
396	-0.225	14.553	
397	-0.125	14.619	
398	-0.120	14.652	
399	-0.150	14.718	
400	-0.145	14.751	
401	-0.060	14.817	
402	-0.175	14.850	
403	-0.150	14.916	
404	-0.150	14.949	
405	-0.195	15.015	
406	-0.175	15.048	
407	-0.220	15.114	
408	-0.240	15.147	
409	-0.205	15.213	
410	-0.230	15.247	
411	-0.240	15.312	
412	-0.220	15.345	
413	-0.345	15.411	
414	-0.175	15.444	
415	-0.320	15.510	
416	-0.240	15.543	
417	-0.100	15.609	
418	-0.330	15.642	
419	-0.250	15.708	
420	-0.225	15.741	
421	-0.220	15.807	
422	-0.220	15.840	
423	-0.215	15.906	
424	-0.210	15.939	
425	-0.205	16.005	
426	-0.200	16.038	
427	-0.200	16.104	
428	-0.200	16.137	
429	-0.205	16.203	
430	-0.205	16.236	
431	-0.220	16.302	
432	-0.220	16.335	
433	-0.230	16.401	
434	-0.245	16.434	
435	-0.230	16.500	
436	-0.235	16.533	
437	-0.250	16.599	
438	-0.140	16.632	
439	-0.235	16.698	
440	-0.230	16.731	
441	-0.220	16.797	
442	-0.220	16.830	
443	-0.205	16.896	
444	-0.190	16.929	
445	-0.195	16.995	
446	-0.085	17.028	
447	-0.145	17.094	
448	-0.130	17.127	
449	-0.040	17.193	
450	-0.120	17.226	
451	-0.120	17.292	
452	-0.120	17.325	
453	-0.205	17.391	
454	-0.125	17.424	
455	-0.115	17.490	
456	-0.140	17.523	
457	-0.145	17.589	
458	-0.150	17.622	
459	-0.170	17.688	
460	-0.160	17.721	
461	-0.150	17.787	
462	-0.165	17.820	
463	-0.170	17.886	
464	-0.195	17.919	
465	-0.250	17.985	
466	-0.230	18.018	
467	-0.255	18.084	
468	-0.355	18.117	
469	-0.240	18.183	
470	-0.250	18.216	
471	-0.260	18.282	
472	-0.230	18.315	
473	-0.250	18.381	
474	-0.260	18.414	
475	-0.225	18.480	
476	-0.230	18.513	
477	-0.225	18.579	
478	-0.080	18.612	
479	-0.200	18.678	
480	-0.220	18.711	
481	-0.200	18.777	
482	-0.210	18.810	
483	-0.210	18.876	
484	-0.120	18.909	
485	-0.200	18.975	
486	-0.205	19.008	
487	-0.200	19.074	
488	-0.215	19.107	
489	-0.205	19.174	
490	-0.200	19.206	
491	-0.240	19.272	
492	-0.235	19.305	
493	-0.230	19.371	
494	-0.235	19.404	
495	-0.225	19.470	
496	-0.235	19.503	
497	-0.235	19.569	
498	-0.210	19.602	
499	-0.210	19.668	
500	-0.210	19.701	
501	-0.175	19.767	
502	-0.175	19.800	
503	-0.155	19.866	
504	-0.140	19.899	
505	-0.125	19.965	
506	-0.115	19.998	
507	-0.100	20.064	
508	-0.105	20.097	
509	-0.105	20.163	
510	-0.110	20.196	
511	-0.105	20.262	
512	-0.100	20.295	
513	-0.115	20.361	
514	-0.125	20.394	
515	-0.130	20.460	
516	-0.140	20.493	
517	-0.155	20.559	
518	-0.150	20.592	
519	-0.165	20.658	
520	-0.185	20.691	
521	-0.195	20.757	
522	-0.200	20.790	
523	-0.225	20.856	
524	-0.215	20.889	
525	-0.315	20.955	
526	-0.255	20.988	
527	-0.210	21.054	
528	-0.215	21.088	
529	-0.195	21.153	
530	-0.185	21.186	
531	-0.295	21.252	
532	-0.220	21.285	
533	-0.205	21.351	
534	-0.225	21.384	
535	-0.190	21.450	
536	-0.190	21.483	
537	-0.210	21.549	
538	-0.190	21.582	
539	-0.185	21.648	
540	-0.190	21.681	
541	-0.165	21.747	
542	-0.170	21.780	
543	-0.180	21.846	
544	-0.170	21.879	
545	-0.175	21.945	
546	-0.170	21.978	
547	-0.160	22.044	
548	-0.170	22.077	
549	-0.175	22.144	
550	-0.170	22.176	
551	-0.200	22.242	
552	-0.200	22.275	
553	-0.200	22.341	
554	-0.205	22.374	
555	-0.195	22.440	
556	-0.190	22.473	
557	-0.190	22.539	
558	-0.180	22.572	
559	-0.155	22.638	
560	-0.150	22.671	
561	-0.125	22.737	
562	-0.120	22.770	
563	-0.110	22.836	
564	-0.105	22.869	
565	-0.100	22.935	
566	-0.105	22.969	
567	-0.105	23.034	
568	-0.105	23.067	
569	-0.110	23.133	
570	-0.110	23.166	
571	-0.115	23.233	
572	-0.115	23.265	
573	-0.115	23.331	
574	-0.120	23.364	
575	-0.120	23.430	
576	-0.120	23.463	
577	-0.140	23.529	
578	-0.140	23.562	
579	-0.155	23.628	
580	-0.265	23.661	
581	-0.200	23.727	
582	-0.195	23.760	
583	-0.190	23.826	
584	-0.190	23.859	
585	-0.190	23.925	
586	-0.195	23.958	
587	-0.170	24.024	
588	-0.175	24.057	
589	-0.185	24.123	
590	-0.175	24.156	
591	-0.205	24.222	
592	-0.195	24.255	
593	-0.180	24.321	
594	-0.185	24.354	
595	-0.185	24.420	
596	-0.175	24.453	
597	-0.190	24.519	
598	-0.180	24.552	
599	-0.175	24.618	
600	-0.185	24.651	
601	-0.185	24.717	
602	-0.190	24.750	
603	-0.185	24.816	
604	-0.170	24.850	
605	-0.150	24.915	
606	-0.150	24.948	
607	-0.150	25.014	
608	-0.155	25.047	
609	-0.175	25.113	
610	-0.175	25.146	
611	-0.190	25.212	
612	-0.195	25.245	
613	-0.185	25.311	
614	-0.185	25.344	
615	-0.180	25.410	
616	-0.165	25.443	
617	-0.155	25.509	
618	-0.155	25.542	
619	-0.135	25.608	
620	-0.210	25.641	
621	-0.115	25.707	
622	-0.110	25.740	
623	-0.110	25.806	
624	-0.105	25.839	
625	-0.190	25.905	
626	-0.120	25.938	
627	-0.105	26.004	
628	-0.110	26.037	
629	-0.125	26.103	
630	-0.115	26.136	
631	-0.120	26.202	
632	-0.120	26.235	
633	-0.110	26.301	
634	-0.110	26.334	
635	-0.125	26.400	
636	-0.125	26.433	
637	-0.150	26.499	
638	-0.155	26.532	
639	-0.165	26.598	
640	-0.170	26.631	
641	-0.185	26.697	
642	-0.180	26.730	
643	-0.190	26.796	
644	-0.195	26.829	
645	-0.185	26.895	
646	-0.185	26.928	
647	-0.175	26.994	
648	-0.180	27.027	
649	-0.190	27.093	
650	-0.180	27.126	
651	-0.180	27.192	
652	-0.190	27.225	
653	-0.265	27.291	
654	-0.170	27.324	
655	-0.165	27.390	
656	-0.160	27.423	
657	-0.155	27.489	
658	-0.170	27.522	
659	-0.175	27.588	
660	-0.245	27.621	
661	-0.065	27.687	
662	-0.150	27.720	
663	-0.155	27.786	
664	-0.160	27.819	
665	-0.150	27.885	
666	-0.225	27.918	
667	-0.135	27.984	
668	-0.135	28.017	
669	-0.135	28.083	
670	-0.130	28.116	
671	-0.130	28.182	
672	-0.140	28.215	
673	-0.120	28.281	
674	-0.120	28.314	
675	-0.125	28.380	
676	-0.120	28.413	
677	-0.115	28.479	
678	-0.115	28.512	
679	-0.105	28.578	
680	-0.110	28.611	
681	-0.110	28.677	
682	-0.110	28.710	
683	-0.120	28.776	
684	-0.120	28.809	
685	-0.120	28.875	
686	-0.120	28.908	
687	-0.130	28.974	
688	-0.125	29.007	
689	-0.135	29.073	
690	-0.130	29.106	
691	-0.120	29.172	
692	-0.120	29.205	
693	-0.125	29.271	
694	-0.135	29.304	
695	-0.165	29.370	
696	-0.175	29.403	
697	-0.180	29.469	
698	-0.185	29.502	
699	-0.185	29.568	
700	-0.185	29.601	
701	-0.200	29.667	
702	-0.190	29.700	
703	-0.185	29.766	
704	-0.290	29.799	
705	-0.195	29.865	
706	-0.195	29.898	
707	-0.190	29.964	
708	-0.180	29.997	
709	-0.215	30.063	
710	-0.215	30.096	
711	-0.180	30.162	
712	-0.190	30.195	
713	-0.160	30.261	
714	-0.155	30.294	
715	-0.185	30.360	
716	-0.180	30.393	
717	-0.175	30.459	
718	-0.185	30.492	
719	-0.160	30.558	
720	-0.155	30.591	
721	-0.155	30.657	
722	-0.150	30.690	
723	-0.145	30.756	
724	-0.145	30.789	
725	-0.135	30.855	
726	-0.135	30.888	
727	-0.140	30.954	
728	-0.140	30.987	
729	-0.135	31.053	
730	-0.125	31.086	
731	-0.125	31.152	
732	-0.120	31.185	
733	-0.115	31.251	
734	-0.120	31.285	
735	-0.125	31.350	
736	-0.120	31.383	
737	-0.120	31.449	
738	-0.120	31.482	
739	-0.115	31.548	
740	-0.115	31.581	
741	-0.125	31.647	
742	-0.125	31.680	
743	-0.115	31.746	
744	-0.110	31.779	
745	-0.120	31.845	
746	-0.120	31.878	
747	-0.110	31.944	
748	-0.115	31.977	
749	-0.115	32.043	
750	-0.110	32.076	
751	-0.110	32.142	
752	-0.105	32.175	
753	-0.105	32.241	
754	-0.105	32.274	
755	-0.110	32.340	
756	-0.110	32.373	
757	-0.105	32.439	
758	-0.110	32.472	
759	-0.105	32.538	
760	-0.105	32.571	
761	-0.100	32.637	
762	-0.095	32.670	
763	-0.085	32.736	
764	-0.080	32.769	
765	-0.055	32.835	
766	-0.050	32.868	
767	0.000	32.934	
768	0.010	32.967	
769	0.015	33.033	
770	0.015	33.066	
771	0.010	33.132	
772	0.010	33.165	
773	0.010	33.231	
774	0.010	33.264	
775	0.015	33.330	
776	0.015	33.363	
777	0.010	33.429	
778	0.015	33.462	
779	0.020	33.528	
780	0.020	33.561	
781	0.055	33.627	
782	0.155	33.660	
783	0.130	33.726	
784	0.135	33.759	
785	0.145	33.825	
786	0.145	33.858	
787	0.145	33.924	
788	0.150	33.957	
789	0.155	34.023	
790	0.155	34.056	
791	0.175	34.122	
792	0.170	34.155	
793	0.165	34.221	
794	0.175	34.254	
795	0.170	34.320	
796	0.170	34.353	
797	0.175	34.419	
798	0.180	34.452	
799	0.205	34.518	
800	0.205	34.551	
801	0.220	34.617	
802	0.225	34.650	
803	0.230	34.716	
804	0.225	34.749	
805	0.230	34.815	
806	0.230	34.848	
807	0.235	34.914	
808	0.230	34.947	
809	0.225	35.013	
810	0.225	35.046	
811	0.240	35.112	
812	0.245	35.145	
813	0.230	35.211	
814	0.230	35.244	
815	0.235	35.310	
816	0.225	35.343	
817	0.230	35.409	
818	0.235	35.442	
819	0.210	35.508	
820	0.210	35.541	
821	0.205	35.607	
822	0.195	35.640	
823	0.175	35.706	
824	0.185	35.739	
825	0.180	35.805	
826	0.180	35.838	
827	0.175	35.904	
828	0.175	35.937	
829	0.185	36.003	
830	0.185	36.036	
831	0.190	36.102	
832	0.190	36.136	
833	0.195	36.201	
834	0.205	36.234	
835	0.215	36.300	
836	0.210	36.333	
837	0.215	36.399	
838	0.215	36.432	
839	0.210	36.498	
840	0.320	36.531	
841	0.215	36.597	
842	0.120	36.630	
843	0.075	36.696	
844	0.180	36.729	
845	0.165	36.795	
846	0.300	36.828	
847	0.265	36.894	
848	0.180	36.927	
849	0.090	36.993	
850	0.205	37.026	
851	0.195	37.092	
852	0.325	37.125	
853	0.325	37.191	
854	0.090	37.224	
855	0.120	37.290	
856	0.195	37.323	
857	0.210	37.389	
858	0.355	37.422	
859	0.220	37.488	
860	0.215	37.521	
861	0.140	37.587	
862	0.225	37.620	
863	0.235	37.686	
864	0.370	37.719	
865	0.245	37.785	
866	0.245	37.818	
867	0.140	37.884	
868	0.235	37.917	
869	0.235	37.983	
870	0.230	38.016	
871	0.205	38.082	
872	0.205	38.115	
873	0.100	38.181	
874	0.185	38.214	
875	0.305	38.280	
876	0.210	38.313	
877	0.095	38.380	
878	0.180	38.412	
879	0.160	38.478	
880	0.165	38.511	
881	0.185	38.577	
882	0.175	38.610	
883	0.175	38.676	
884	0.175	38.709	
885	0.155	38.775	
886	0.160	38.808	
887	0.155	38.874	
888	0.150	38.907	
889	0.165	38.973	
890	0.160	39.006	
891	0.170	39.072	
892	0.250	39.105	
893	0.190	39.171	
894	0.190	39.204	
895	0.200	39.270	
896	0.195	39.303	
897	0.185	39.370	
898	0.180	39.402	
899	0.155	39.468	
900	0.065	39.501	
901	0.145	39.567	
902	0.145	39.600	
903	0.165	39.666	
904	0.170	39.699	
905	0.180	39.765	
906	0.180	39.798	
907	0.200	39.864	
908	0.200	39.897	
909	0.205	39.963	
910	0.215	39.996	
911	0.215	40.062	
912	0.225	40.095	
913	0.250	40.161	
914	0.250	40.194	
915	0.285	40.260	
916	0.290	40.293	
917	0.260	40.359	
918	0.260	40.392	
919	0.245	40.458	
920	0.240	40.491	
921	0.260	40.557	
922	0.260	40.590	
923	0.265	40.656	
924	0.270	40.689	
925	0.250	40.755	
926	0.255	40.788	
927	0.160	40.854	
928	0.240	40.887	
929	0.240	40.953	
930	0.240	40.986	
931	0.205	41.052	
932	0.200	41.085	
933	0.215	41.151	
934	0.215	41.184	
935	0.215	41.250	
936	0.215	41.283	
937	0.195	41.349	
938	0.190	41.382	
939	0.185	41.448	
940	0.190	41.481	
941	0.175	41.548	
942	0.175	41.580	
943	0.160	41.647	
944	0.165	41.679	
945	0.150	41.745	
946	0.150	41.778	
947	0.170	41.845	
948	0.175	41.877	
949	0.195	41.943	
950	0.200	41.976	
951	0.200	42.042	
952	0.200	42.075	
953	0.195	42.141	
954	0.195	42.174	
955	0.280	42.240	
956	0.195	42.273	
957	0.165	42.340	
958	0.165	42.372	
959	0.150	42.438	
960	0.155	42.471	
961	0.260	42.538	
962	0.170	42.571	
963	0.170	42.636	
964	0.175	42.669	
965	0.180	42.735	
966	0.185	42.768	
967	0.205	42.834	
968	0.200	42.867	
969	0.235	42.933	
970	0.235	42.966	
971	0.200	43.032	
972	0.200	43.065	
973	0.200	43.132	
974	0.195	43.164	
975	0.240	43.230	
976	0.240	43.263	
977	0.325	43.329	
978	0.235	43.362	
979	0.240	43.428	
980	0.250	43.461	
981	0.280	43.527	
982	0.280	43.560	
983	0.285	43.627	
984	0.280	43.659	
985	0.310	43.725	
986	0.230	43.758	
987	0.280	43.824	
988	0.270	43.857	
989	0.245	43.923	
990	0.245	43.956	
991	0.240	44.022	
992	0.240	44.055	
993	0.240	44.121	
994	0.240	44.154	
995	0.215	44.220	
996	0.215	44.253	
997	0.175	44.319	
998	0.175	44.352	
999	0.185	44.418	
1000	0.190	44.451	
1001	0.170	44.517	
1002	0.170	44.550	
1003	0.185	44.616	
1004	0.185	44.649	
1005	0.175	44.715	
1006	0.180	44.748	
1007	0.200	44.814	
1008	0.205	44.847	
1009	0.210	44.913	
1010	0.210	44.946	
1011	0.195	45.012	
1012	0.195	45.045	
1013	0.190	45.111	
1014	0.190	45.144	
1015	0.175	45.210	
1016	0.175	45.243	
1017	0.165	45.309	
1018	0.165	45.342	
1019	0.155	45.409	
1020	0.155	45.441	
1021	0.190	45.507	
1022	0.190	45.540	
1023	0.170	45.606	
1024	0.175	45.639	
1025	0.185	45.705	
1026	0.185	45.738	
1027	0.205	45.804	
1028	0.200	45.837	
1029	0.190	45.903	
1030	0.190	45.936	
1031	0.215	46.002	
1032	0.220	46.035	
1033	0.245	46.101	
1034	0.240	46.134	
1035	0.135	46.200	
1036	0.240	46.233	
1037	0.270	46.299	
1038	0.260	46.332	
1039	0.275	46.399	
1040	0.270	46.431	
1041	0.250	46.497	
1042	0.255	46.530	
1043	0.270	46.596	
1044	0.265	46.629	
1045	0.155	46.695	
1046	0.255	46.728	
1047	0.250	46.794	
1048	0.260	46.827	
1049	0.245	46.893	
1050	0.245	46.926	
1051	0.145	46.992	
1052	0.225	47.025	
1053	0.225	47.091	
1054	0.220	47.124	
1055	0.200	47.190	
1056	0.200	47.223	
1057	0.185	47.289	
1058	0.185	47.322	
1059	0.195	47.388	
1060	0.190	47.421	
1061	0.190	47.487	
1062	0.195	47.520	
1063	0.195	47.586	
1064	0.200	47.619	
1065	0.215	47.685	
1066	0.215	47.718	
1067	0.225	47.784	
1068	0.225	47.817	
1069	0.220	47.883	
1070	0.220	47.916	
1071	0.205	47.982	
1072	0.200	48.015	
1073	0.215	48.081	
1074	0.215	48.114	
1075	0.200	48.180	
1076	0.100	48.213	
1077	0.210	48.279	
1078	0.205	48.312	
1079	0.220	48.378	
1080	0.220	48.411	
1081	0.235	48.477	
1082	0.235	48.510	
1083	0.225	48.576	
1084	0.220	48.609	
1085	0.230	48.675	
1086	0.230	48.708	
1087	0.370	48.774	
1088	0.265	48.807	
1089	0.265	48.873	
1090	0.265	48.906	
1091	0.280	48.972	
1092	0.275	49.005	
1093	0.290	49.071	
1094	0.290	49.104	
1095	0.285	49.170	
1096	0.295	49.204	
1097	0.285	49.269	
1098	0.285	49.302	
1099	0.405	49.368	
1100	0.335	49.401	
1101	0.335	49.467	
1102	0.340	49.500	
1103	0.305	49.566	
1104	0.295	49.599	
1105	0.295	49.665	
1106	0.290	49.698	
1107	0.265	49.764	
1108	0.260	49.797	
1109	0.230	49.863	
1110	0.225	49.896	
1111	0.205	49.962	
1112	0.205	49.995	
1113	0.215	50.061	
1114	0.205	50.094	
1115	0.185	50.161	
1116	0.185	50.193	
1117	0.180	50.259	
1118	0.180	50.292	
1119	0.205	50.358	
1120	0.200	50.391	
1121	0.220	50.457	
1122	0.220	50.490	
1123	0.220	50.556	
1124	0.225	50.589	
1125	0.215	50.655	
1126	0.215	50.688	
1127	0.205	50.754	
1128	0.200	50.787	
1129	0.195	50.853	
1130	0.195	50.886	
1131	0.190	50.952	
1132	0.195	50.985	
1133	0.295	51.051	
1134	0.200	51.084	
1135	0.205	51.150	
1136	0.210	51.183	
1137	0.205	51.249	
1138	0.210	51.282	
1139	0.240	51.348	
1140	0.240	51.381	
1141	0.255	51.447	
1142	0.260	51.480	
1143	0.260	51.546	
1144	0.265	51.579	
1145	0.320	51.645	
1146	0.320	51.678	
1147	0.335	51.744	
1148	0.340	51.777	
1149	0.330	51.843	
1150	0.330	51.876	
1151	0.370	51.942	
1152	0.365	51.975	
1153	0.380	52.041	
1154	0.380	52.074	
1155	0.345	52.140	
1156	0.345	52.173	
1157	0.245	52.239	
1158	0.345	52.272	
1159	0.325	52.338	
1160	0.330	52.371	
1161	0.290	52.437	
1162	0.285	52.470	
1163	0.290	52.536	
1164	0.295	52.569	
1165	0.280	52.635	
1166	0.270	52.668	
1167	0.230	52.734	
1168	0.235	52.767	
1169	0.230	52.833	
1170	0.145	52.866	
1171	0.215	52.932	
1172	0.215	52.965	
1173	0.195	53.031	
1174	0.200	53.064	
1175	0.205	53.130	
1176	0.200	53.164	
1177	0.220	53.229	
1178	0.220	53.262	
1179	0.230	53.329	
1180	0.230	53.361	
1181	0.230	53.430	
1182	0.235	53.460	
1183	0.225	53.559	
1184	0.230	53.592	
1185	0.220	53.660	
1186	0.220	53.691	
1187	0.220	53.790	
1188	0.210	53.823	
1189	0.205	53.890	
1190	0.215	53.922	
1191	0.210	54.021	
1192	0.225	54.054	
1193	0.215	54.121	
1194	0.215	54.153	
1195	0.245	54.220	
1196	0.245	54.252	
1197	0.275	54.318	
1198	0.275	54.351	
1199	0.295	54.418	
1200	0.295	54.450	
1201	0.345	54.549	
1202	0.355	54.582	
1203	0.400	54.648	
1204	0.400	54.681	
1205	0.355	54.748	
1206	0.345	54.780	
1207	0.315	54.847	
1208	0.320	54.879	
1209	0.325	54.978	
1210	0.320	55.011	
1211	0.325	55.110	
1212	0.335	55.143	
1213	0.280	55.209	
1214	0.365	55.242	
1215	0.330	55.341	
1216	0.350	55.374	
1217	0.435	55.440	
1218	0.320	55.473	
1219	0.165	55.572	
1220	0.150	55.605	
1221	0.220	55.704	
1222	0.210	55.737	
1223	0.195	55.836	
1224	0.195	55.869	
1225	0.190	55.935	
1226	0.190	55.968	
1227	0.200	56.067	
1228	0.200	56.100	
1229	0.215	56.166	
1230	0.220	56.199	
1231	0.220	56.298	
1232	0.215	56.331	
1233	0.200	56.430	
1234	0.200	56.463	
1235	0.195	56.562	
1236	0.185	56.595	
1237	0.175	56.661	
1238	0.175	56.694	
1239	0.205	56.793	
1240	0.285	56.826	
1241	0.210	56.893	
1242	0.210	56.925	
1243	0.130	57.024	
1244	0.230	57.057	
1245	0.245	57.156	
1246	0.185	57.189	
1247	0.280	57.288	
1248	0.295	57.321	
1249	0.330	57.388	
1250	0.330	57.420	
1251	0.360	57.520	
1252	0.330	57.552	
1253	0.340	57.651	
1254	0.330	57.684	
1255	0.335	57.783	
1256	0.245	57.816	
1257	0.340	57.916	
1258	0.265	57.948	
1259	0.330	58.047	
1260	0.325	58.080	
1261	0.315	58.179	
1262	0.325	58.212	
1263	0.295	58.311	
1264	0.295	58.344	
1265	0.250	58.443	
1266	0.235	58.476	
1267	0.205	58.543	
1268	0.200	58.575	
1269	0.205	58.674	
1270	0.205	58.707	
1271	0.195	58.806	
1272	0.200	58.839	
1273	0.215	58.938	
1274	0.210	58.971	
1275	0.235	59.070	
1276	0.305	59.103	
1277	0.205	59.202	
1278	0.200	59.235	
1279	0.205	59.334	
1280	0.195	59.367	
1281	0.090	59.466	
1282	0.110	59.499	
1283	0.175	59.598	
1284	0.180	59.631	
1285	0.345	59.730	
1286	0.210	59.763	
1287	0.225	59.862	
1288	0.375	59.895	
1289	0.370	59.994	
1290	0.435	60.027	
1291	0.385	60.126	
1292	0.335	60.159	
1293	0.370	60.258	
1294	0.385	60.291	
1295	0.390	60.390	
1296	0.385	60.423	
1297	0.375	60.522	
1298	0.365	60.555	
1299	0.355	60.654	
1300	0.345	60.687	
1301	0.390	60.786	
1302	0.360	60.819	
1303	0.340	60.918	
1304	0.320	60.951	
1305	0.315	61.050	
1306	0.300	61.083	
1307	0.300	61.182	
1308	0.280	61.215	
1309	0.230	61.314	
1310	0.135	61.347	
1311	0.105	61.446	
1312	0.060	61.479	
1313	0.180	61.578	
1314	0.170	61.611	
1315	0.610	61.710	
1316	0.385	61.743	
1317	0.475	61.875	
1318	0.580	61.908	
1319	0.780	62.007	
1320	0.755	62.040	
1321	0.175	62.139	
1322	0.410	62.172	
1323	0.320	62.271	
1324	0.285	62.304	
1325	0.275	62.403	
1326	0.300	62.436	
1327	0.270	62.535	
1328	0.250	62.568	
1329	0.235	62.667	
1330	0.240	62.700	
1331	0.240	62.799	
1332	0.235	62.832	
1333	0.215	62.931	
1334	0.205	62.964	
1335	0.195	63.063	
1336	0.195	63.096	
1337	0.190	63.195	
1338	0.190	63.228	
1339	0.190	63.327	
1340	0.190	63.360	
1341	0.185	63.459	
1342	0.185	63.492	
1343	0.175	63.591	
1344	0.175	63.624	
1345	0.170	63.723	
1346	0.160	63.756	
1347	0.155	63.855	
1348	0.155	63.888	
1349	0.165	63.988	
1350	0.165	64.020	
1351	0.165	64.088	
1352	0.165	64.119	
1353	0.170	64.218	
1354	0.170	64.251	
1355	0.170	64.350	
1356	0.170	64.383	
1357	0.170	64.482	
1358	0.170	64.515	
1359	0.170	64.614	
1360	0.170	64.647	
1361	0.170	64.746	
